{"/Users/duyvu/Documents/javascript/middleware/generic/auth.js":{"path":"/Users/duyvu/Documents/javascript/middleware/generic/auth.js","s":{"1":1,"2":2,"3":2,"4":1,"5":1},"b":{"1":[1,1]},"f":{"1":2,"2":2},"fnMap":{"1":{"name":"(anonymous_1)","line":4,"loc":{"start":{"line":4,"column":17},"end":{"line":4,"column":45}}},"2":{"name":"(anonymous_2)","line":6,"loc":{"start":{"line":6,"column":11},"end":{"line":6,"column":37}}}},"statementMap":{"1":{"start":{"line":4,"column":0},"end":{"line":13,"column":2}},"2":{"start":{"line":6,"column":4},"end":{"line":11,"column":6}},"3":{"start":{"line":7,"column":8},"end":{"line":9,"column":9}},"4":{"start":{"line":8,"column":12},"end":{"line":8,"column":37}},"5":{"start":{"line":10,"column":8},"end":{"line":10,"column":22}}},"branchMap":{"1":{"line":7,"type":"if","locations":[{"start":{"line":7,"column":8},"end":{"line":7,"column":8}},{"start":{"line":7,"column":8},"end":{"line":7,"column":8}}]}}},"/Users/duyvu/Documents/javascript/config/db.js":{"path":"/Users/duyvu/Documents/javascript/config/db.js","s":{"1":0,"2":0,"3":0},"b":{},"f":{},"fnMap":{},"statementMap":{"1":{"start":{"line":1,"column":0},"end":{"line":1,"column":35}},"2":{"start":{"line":2,"column":0},"end":{"line":2,"column":50}},"3":{"start":{"line":4,"column":0},"end":{"line":4,"column":26}}},"branchMap":{}},"/Users/duyvu/Documents/javascript/index.js":{"path":"/Users/duyvu/Documents/javascript/index.js","s":{"1":0,"2":0,"3":0,"4":0,"5":0,"6":0,"7":0,"8":0,"9":0,"10":0,"11":0,"12":0,"13":0,"14":0,"15":0,"16":0,"17":0,"18":0,"19":0,"20":0,"21":0,"22":0,"23":0,"24":0,"25":0,"26":0,"27":0},"b":{},"f":{"1":0,"2":0,"3":0,"4":0},"fnMap":{"1":{"name":"(anonymous_1)","line":25,"loc":{"start":{"line":25,"column":14},"end":{"line":25,"column":37}}},"2":{"name":"(anonymous_2)","line":44,"loc":{"start":{"line":44,"column":8},"end":{"line":44,"column":34}}},"3":{"name":"(anonymous_3)","line":55,"loc":{"start":{"line":55,"column":8},"end":{"line":55,"column":39}}},"4":{"name":"(anonymous_4)","line":62,"loc":{"start":{"line":62,"column":30},"end":{"line":62,"column":42}}}},"statementMap":{"1":{"start":{"line":1,"column":0},"end":{"line":1,"column":33}},"2":{"start":{"line":2,"column":0},"end":{"line":2,"column":41}},"3":{"start":{"line":3,"column":0},"end":{"line":3,"column":40}},"4":{"start":{"line":4,"column":0},"end":{"line":4,"column":31}},"5":{"start":{"line":5,"column":0},"end":{"line":5,"column":27}},"6":{"start":{"line":7,"column":0},"end":{"line":7,"column":20}},"7":{"start":{"line":9,"column":0},"end":{"line":9,"column":34}},"8":{"start":{"line":11,"column":0},"end":{"line":11,"column":30}},"9":{"start":{"line":13,"column":0},"end":{"line":20,"column":4}},"10":{"start":{"line":23,"column":0},"end":{"line":30,"column":3}},"11":{"start":{"line":26,"column":8},"end":{"line":26,"column":41}},"12":{"start":{"line":27,"column":8},"end":{"line":27,"column":26}},"13":{"start":{"line":32,"column":0},"end":{"line":35,"column":25}},"14":{"start":{"line":38,"column":0},"end":{"line":38,"column":27}},"15":{"start":{"line":40,"column":0},"end":{"line":42,"column":4}},"16":{"start":{"line":44,"column":0},"end":{"line":49,"column":3}},"17":{"start":{"line":45,"column":4},"end":{"line":45,"column":17}},"18":{"start":{"line":46,"column":4},"end":{"line":46,"column":23}},"19":{"start":{"line":48,"column":4},"end":{"line":48,"column":18}},"20":{"start":{"line":51,"column":0},"end":{"line":51,"column":34}},"21":{"start":{"line":52,"column":0},"end":{"line":52,"column":51}},"22":{"start":{"line":53,"column":0},"end":{"line":53,"column":33}},"23":{"start":{"line":55,"column":0},"end":{"line":60,"column":3}},"24":{"start":{"line":56,"column":4},"end":{"line":56,"column":45}},"25":{"start":{"line":59,"column":4},"end":{"line":59,"column":29}},"26":{"start":{"line":62,"column":0},"end":{"line":64,"column":3}},"27":{"start":{"line":63,"column":4},"end":{"line":63,"column":31}}},"branchMap":{}},"/Users/duyvu/Documents/javascript/middleware/common.js":{"path":"/Users/duyvu/Documents/javascript/middleware/common.js","s":{"1":0,"2":0,"3":0,"4":0,"5":0},"b":{"1":[0,0],"2":[0,0]},"f":{"1":0},"fnMap":{"1":{"name":"requireOption","line":7,"loc":{"start":{"line":7,"column":0},"end":{"line":7,"column":55}}}},"statementMap":{"1":{"start":{"line":7,"column":0},"end":{"line":12,"column":1}},"2":{"start":{"line":8,"column":4},"end":{"line":10,"column":5}},"3":{"start":{"line":9,"column":8},"end":{"line":9,"column":46}},"4":{"start":{"line":11,"column":4},"end":{"line":11,"column":52}},"5":{"start":{"line":14,"column":0},"end":{"line":14,"column":45}}},"branchMap":{"1":{"line":8,"type":"if","locations":[{"start":{"line":8,"column":4},"end":{"line":8,"column":4}},{"start":{"line":8,"column":4},"end":{"line":8,"column":4}}]},"2":{"line":8,"type":"binary-expr","locations":[{"start":{"line":8,"column":8},"end":{"line":8,"column":24}},{"start":{"line":8,"column":28},"end":{"line":8,"column":58}}]}}},"/Users/duyvu/Documents/javascript/middleware/generic/inverseAuth.js":{"path":"/Users/duyvu/Documents/javascript/middleware/generic/inverseAuth.js","s":{"1":0,"2":0,"3":0,"4":0,"5":0},"b":{"1":[0,0]},"f":{"1":0,"2":0},"fnMap":{"1":{"name":"(anonymous_1)","line":5,"loc":{"start":{"line":5,"column":17},"end":{"line":5,"column":45}}},"2":{"name":"(anonymous_2)","line":7,"loc":{"start":{"line":7,"column":11},"end":{"line":7,"column":37}}}},"statementMap":{"1":{"start":{"line":5,"column":0},"end":{"line":14,"column":2}},"2":{"start":{"line":7,"column":4},"end":{"line":12,"column":6}},"3":{"start":{"line":8,"column":8},"end":{"line":10,"column":9}},"4":{"start":{"line":9,"column":12},"end":{"line":9,"column":37}},"5":{"start":{"line":11,"column":8},"end":{"line":11,"column":22}}},"branchMap":{"1":{"line":8,"type":"if","locations":[{"start":{"line":8,"column":8},"end":{"line":8,"column":8}},{"start":{"line":8,"column":8},"end":{"line":8,"column":8}}]}}},"/Users/duyvu/Documents/javascript/middleware/generic/logout.js":{"path":"/Users/duyvu/Documents/javascript/middleware/generic/logout.js","s":{"1":0,"2":0,"3":0,"4":0,"5":0},"b":{},"f":{"1":0,"2":0,"3":0},"fnMap":{"1":{"name":"(anonymous_1)","line":3,"loc":{"start":{"line":3,"column":17},"end":{"line":3,"column":45}}},"2":{"name":"(anonymous_2)","line":5,"loc":{"start":{"line":5,"column":11},"end":{"line":5,"column":37}}},"3":{"name":"(anonymous_3)","line":6,"loc":{"start":{"line":6,"column":28},"end":{"line":6,"column":43}}}},"statementMap":{"1":{"start":{"line":1,"column":0},"end":{"line":1,"column":55}},"2":{"start":{"line":3,"column":0},"end":{"line":11,"column":2}},"3":{"start":{"line":5,"column":4},"end":{"line":9,"column":6}},"4":{"start":{"line":6,"column":8},"end":{"line":8,"column":11}},"5":{"start":{"line":7,"column":12},"end":{"line":7,"column":26}}},"branchMap":{}},"/Users/duyvu/Documents/javascript/middleware/generic/mainredirect.js":{"path":"/Users/duyvu/Documents/javascript/middleware/generic/mainredirect.js","s":{"1":0,"2":0,"3":0,"4":0,"5":0},"b":{"1":[0,0]},"f":{"1":0,"2":0},"fnMap":{"1":{"name":"(anonymous_1)","line":7,"loc":{"start":{"line":7,"column":17},"end":{"line":7,"column":45}}},"2":{"name":"(anonymous_2)","line":9,"loc":{"start":{"line":9,"column":11},"end":{"line":9,"column":37}}}},"statementMap":{"1":{"start":{"line":7,"column":0},"end":{"line":18,"column":2}},"2":{"start":{"line":9,"column":4},"end":{"line":16,"column":6}},"3":{"start":{"line":11,"column":8},"end":{"line":15,"column":9}},"4":{"start":{"line":12,"column":12},"end":{"line":12,"column":42}},"5":{"start":{"line":14,"column":12},"end":{"line":14,"column":41}}},"branchMap":{"1":{"line":11,"type":"if","locations":[{"start":{"line":11,"column":8},"end":{"line":11,"column":8}},{"start":{"line":11,"column":8},"end":{"line":11,"column":8}}]}}},"/Users/duyvu/Documents/javascript/middleware/generic/render.js":{"path":"/Users/duyvu/Documents/javascript/middleware/generic/render.js","s":{"1":0,"2":0,"3":0},"b":{},"f":{"1":0,"2":0},"fnMap":{"1":{"name":"(anonymous_1)","line":5,"loc":{"start":{"line":5,"column":17},"end":{"line":5,"column":55}}},"2":{"name":"(anonymous_2)","line":7,"loc":{"start":{"line":7,"column":11},"end":{"line":7,"column":31}}}},"statementMap":{"1":{"start":{"line":5,"column":0},"end":{"line":11,"column":2}},"2":{"start":{"line":7,"column":4},"end":{"line":9,"column":6}},"3":{"start":{"line":8,"column":8},"end":{"line":8,"column":38}}},"branchMap":{}},"/Users/duyvu/Documents/javascript/middleware/picture/bidPrice.js":{"path":"/Users/duyvu/Documents/javascript/middleware/picture/bidPrice.js","s":{"1":0,"2":0,"3":0,"4":0,"5":0,"6":0,"7":0,"8":0,"9":0,"10":0,"11":0,"12":0,"13":0},"b":{"1":[0,0],"2":[0,0]},"f":{"1":0,"2":0,"3":0},"fnMap":{"1":{"name":"(anonymous_1)","line":10,"loc":{"start":{"line":10,"column":17},"end":{"line":10,"column":45}}},"2":{"name":"(anonymous_2)","line":14,"loc":{"start":{"line":14,"column":11},"end":{"line":14,"column":37}}},"3":{"name":"(anonymous_3)","line":23,"loc":{"start":{"line":23,"column":29},"end":{"line":23,"column":52}}}},"statementMap":{"1":{"start":{"line":1,"column":0},"end":{"line":1,"column":55}},"2":{"start":{"line":10,"column":0},"end":{"line":31,"column":2}},"3":{"start":{"line":12,"column":4},"end":{"line":12,"column":71}},"4":{"start":{"line":14,"column":4},"end":{"line":29,"column":6}},"5":{"start":{"line":16,"column":8},"end":{"line":19,"column":9}},"6":{"start":{"line":17,"column":12},"end":{"line":17,"column":76}},"7":{"start":{"line":18,"column":12},"end":{"line":18,"column":26}},"8":{"start":{"line":21,"column":8},"end":{"line":21,"column":38}},"9":{"start":{"line":22,"column":8},"end":{"line":22,"column":55}},"10":{"start":{"line":23,"column":8},"end":{"line":27,"column":11}},"11":{"start":{"line":24,"column":12},"end":{"line":26,"column":13}},"12":{"start":{"line":25,"column":16},"end":{"line":25,"column":33}},"13":{"start":{"line":28,"column":8},"end":{"line":28,"column":22}}},"branchMap":{"1":{"line":16,"type":"if","locations":[{"start":{"line":16,"column":8},"end":{"line":16,"column":8}},{"start":{"line":16,"column":8},"end":{"line":16,"column":8}}]},"2":{"line":24,"type":"if","locations":[{"start":{"line":24,"column":12},"end":{"line":24,"column":12}},{"start":{"line":24,"column":12},"end":{"line":24,"column":12}}]}}},"/Users/duyvu/Documents/javascript/middleware/picture/deletePicture.js":{"path":"/Users/duyvu/Documents/javascript/middleware/picture/deletePicture.js","s":{"1":0,"2":0,"3":0,"4":0,"5":0},"b":{},"f":{"1":0,"2":0},"fnMap":{"1":{"name":"(anonymous_1)","line":7,"loc":{"start":{"line":7,"column":17},"end":{"line":7,"column":45}}},"2":{"name":"(anonymous_2)","line":11,"loc":{"start":{"line":11,"column":11},"end":{"line":11,"column":37}}}},"statementMap":{"1":{"start":{"line":1,"column":0},"end":{"line":1,"column":55}},"2":{"start":{"line":7,"column":0},"end":{"line":16,"column":2}},"3":{"start":{"line":9,"column":4},"end":{"line":9,"column":71}},"4":{"start":{"line":11,"column":4},"end":{"line":14,"column":6}},"5":{"start":{"line":13,"column":8},"end":{"line":13,"column":22}}},"branchMap":{}},"/Users/duyvu/Documents/javascript/middleware/picture/getPersonalPicturesList.js":{"path":"/Users/duyvu/Documents/javascript/middleware/picture/getPersonalPicturesList.js","s":{"1":0,"2":0,"3":0,"4":0,"5":0,"6":0,"7":0,"8":0,"9":0,"10":0,"11":0},"b":{"1":[0,0],"2":[0,0]},"f":{"1":0,"2":0,"3":0},"fnMap":{"1":{"name":"(anonymous_1)","line":7,"loc":{"start":{"line":7,"column":17},"end":{"line":7,"column":45}}},"2":{"name":"(anonymous_2)","line":11,"loc":{"start":{"line":11,"column":11},"end":{"line":11,"column":37}}},"3":{"name":"(anonymous_3)","line":17,"loc":{"start":{"line":17,"column":59},"end":{"line":17,"column":83}}}},"statementMap":{"1":{"start":{"line":1,"column":0},"end":{"line":1,"column":55}},"2":{"start":{"line":7,"column":0},"end":{"line":27,"column":2}},"3":{"start":{"line":9,"column":4},"end":{"line":9,"column":71}},"4":{"start":{"line":11,"column":4},"end":{"line":25,"column":6}},"5":{"start":{"line":13,"column":8},"end":{"line":15,"column":9}},"6":{"start":{"line":14,"column":12},"end":{"line":14,"column":37}},"7":{"start":{"line":17,"column":8},"end":{"line":24,"column":11}},"8":{"start":{"line":18,"column":12},"end":{"line":20,"column":13}},"9":{"start":{"line":19,"column":16},"end":{"line":19,"column":65}},"10":{"start":{"line":22,"column":12},"end":{"line":22,"column":39}},"11":{"start":{"line":23,"column":12},"end":{"line":23,"column":26}}},"branchMap":{"1":{"line":13,"type":"if","locations":[{"start":{"line":13,"column":8},"end":{"line":13,"column":8}},{"start":{"line":13,"column":8},"end":{"line":13,"column":8}}]},"2":{"line":18,"type":"if","locations":[{"start":{"line":18,"column":12},"end":{"line":18,"column":12}},{"start":{"line":18,"column":12},"end":{"line":18,"column":12}}]}}},"/Users/duyvu/Documents/javascript/middleware/picture/getPicture.js":{"path":"/Users/duyvu/Documents/javascript/middleware/picture/getPicture.js","s":{"1":0,"2":0,"3":0,"4":0,"5":0,"6":0,"7":0,"8":0,"9":0,"10":0},"b":{"1":[0,0],"2":[0,0]},"f":{"1":0,"2":0,"3":0},"fnMap":{"1":{"name":"(anonymous_1)","line":9,"loc":{"start":{"line":9,"column":17},"end":{"line":9,"column":45}}},"2":{"name":"(anonymous_2)","line":13,"loc":{"start":{"line":13,"column":11},"end":{"line":13,"column":37}}},"3":{"name":"(anonymous_3)","line":16,"loc":{"start":{"line":16,"column":11},"end":{"line":16,"column":34}}}},"statementMap":{"1":{"start":{"line":1,"column":0},"end":{"line":1,"column":55}},"2":{"start":{"line":9,"column":0},"end":{"line":29,"column":2}},"3":{"start":{"line":11,"column":4},"end":{"line":11,"column":71}},"4":{"start":{"line":13,"column":4},"end":{"line":27,"column":6}},"5":{"start":{"line":14,"column":8},"end":{"line":25,"column":11}},"6":{"start":{"line":17,"column":12},"end":{"line":19,"column":13}},"7":{"start":{"line":18,"column":16},"end":{"line":18,"column":49}},"8":{"start":{"line":21,"column":12},"end":{"line":21,"column":37}},"9":{"start":{"line":22,"column":12},"end":{"line":22,"column":82}},"10":{"start":{"line":24,"column":12},"end":{"line":24,"column":26}}},"branchMap":{"1":{"line":17,"type":"if","locations":[{"start":{"line":17,"column":12},"end":{"line":17,"column":12}},{"start":{"line":17,"column":12},"end":{"line":17,"column":12}}]},"2":{"line":17,"type":"binary-expr","locations":[{"start":{"line":17,"column":17},"end":{"line":17,"column":20}},{"start":{"line":17,"column":26},"end":{"line":17,"column":33}}]}}},"/Users/duyvu/Documents/javascript/middleware/picture/getPictureList.js":{"path":"/Users/duyvu/Documents/javascript/middleware/picture/getPictureList.js","s":{"1":0,"2":0,"3":0,"4":0,"5":0,"6":0,"7":0,"8":0,"9":0},"b":{"1":[0,0]},"f":{"1":0,"2":0,"3":0},"fnMap":{"1":{"name":"(anonymous_1)","line":7,"loc":{"start":{"line":7,"column":17},"end":{"line":7,"column":45}}},"2":{"name":"(anonymous_2)","line":11,"loc":{"start":{"line":11,"column":11},"end":{"line":11,"column":37}}},"3":{"name":"(anonymous_3)","line":15,"loc":{"start":{"line":15,"column":11},"end":{"line":15,"column":35}}}},"statementMap":{"1":{"start":{"line":1,"column":0},"end":{"line":1,"column":55}},"2":{"start":{"line":7,"column":0},"end":{"line":25,"column":2}},"3":{"start":{"line":9,"column":4},"end":{"line":9,"column":71}},"4":{"start":{"line":11,"column":4},"end":{"line":23,"column":6}},"5":{"start":{"line":13,"column":8},"end":{"line":22,"column":11}},"6":{"start":{"line":16,"column":12},"end":{"line":18,"column":13}},"7":{"start":{"line":17,"column":16},"end":{"line":17,"column":65}},"8":{"start":{"line":20,"column":12},"end":{"line":20,"column":39}},"9":{"start":{"line":21,"column":12},"end":{"line":21,"column":26}}},"branchMap":{"1":{"line":16,"type":"if","locations":[{"start":{"line":16,"column":12},"end":{"line":16,"column":12}},{"start":{"line":16,"column":12},"end":{"line":16,"column":12}}]}}},"/Users/duyvu/Documents/javascript/middleware/picture/updatePicture.js":{"path":"/Users/duyvu/Documents/javascript/middleware/picture/updatePicture.js","s":{"1":0,"2":0,"3":0,"4":0,"5":0,"6":0,"7":0,"8":0,"9":0,"10":0,"11":0,"12":0,"13":0,"14":0,"15":0,"16":0,"17":0,"18":0,"19":0,"20":0,"21":0,"22":0,"23":0,"24":0,"25":0,"26":0},"b":{"1":[0,0],"2":[0,0],"3":[0,0],"4":[0,0],"5":[0,0],"6":[0,0],"7":[0,0,0,0],"8":[0,0],"9":[0,0]},"f":{"1":0,"2":0,"3":0,"4":0},"fnMap":{"1":{"name":"(anonymous_1)","line":10,"loc":{"start":{"line":10,"column":17},"end":{"line":10,"column":45}}},"2":{"name":"(anonymous_2)","line":14,"loc":{"start":{"line":14,"column":11},"end":{"line":14,"column":37}}},"3":{"name":"(anonymous_3)","line":17,"loc":{"start":{"line":17,"column":35},"end":{"line":17,"column":50}}},"4":{"name":"(anonymous_4)","line":47,"loc":{"start":{"line":47,"column":21},"end":{"line":47,"column":44}}}},"statementMap":{"1":{"start":{"line":1,"column":0},"end":{"line":1,"column":55}},"2":{"start":{"line":10,"column":0},"end":{"line":55,"column":2}},"3":{"start":{"line":12,"column":4},"end":{"line":12,"column":71}},"4":{"start":{"line":14,"column":4},"end":{"line":54,"column":6}},"5":{"start":{"line":16,"column":8},"end":{"line":24,"column":9}},"6":{"start":{"line":17,"column":12},"end":{"line":21,"column":15}},"7":{"start":{"line":18,"column":16},"end":{"line":20,"column":17}},"8":{"start":{"line":19,"column":20},"end":{"line":19,"column":37}},"9":{"start":{"line":22,"column":12},"end":{"line":22,"column":45}},"10":{"start":{"line":26,"column":8},"end":{"line":29,"column":9}},"11":{"start":{"line":28,"column":12},"end":{"line":28,"column":26}},"12":{"start":{"line":31,"column":8},"end":{"line":34,"column":9}},"13":{"start":{"line":32,"column":12},"end":{"line":32,"column":57}},"14":{"start":{"line":33,"column":12},"end":{"line":33,"column":26}},"15":{"start":{"line":36,"column":8},"end":{"line":36,"column":32}},"16":{"start":{"line":37,"column":8},"end":{"line":41,"column":9}},"17":{"start":{"line":38,"column":12},"end":{"line":38,"column":38}},"18":{"start":{"line":40,"column":12},"end":{"line":40,"column":41}},"19":{"start":{"line":42,"column":8},"end":{"line":42,"column":37}},"20":{"start":{"line":43,"column":8},"end":{"line":43,"column":51}},"21":{"start":{"line":44,"column":8},"end":{"line":44,"column":45}},"22":{"start":{"line":45,"column":8},"end":{"line":45,"column":39}},"23":{"start":{"line":47,"column":8},"end":{"line":51,"column":11}},"24":{"start":{"line":48,"column":12},"end":{"line":50,"column":13}},"25":{"start":{"line":49,"column":16},"end":{"line":49,"column":33}},"26":{"start":{"line":53,"column":8},"end":{"line":53,"column":41}}},"branchMap":{"1":{"line":16,"type":"if","locations":[{"start":{"line":16,"column":8},"end":{"line":16,"column":8}},{"start":{"line":16,"column":8},"end":{"line":16,"column":8}}]},"2":{"line":16,"type":"binary-expr","locations":[{"start":{"line":16,"column":13},"end":{"line":16,"column":49}},{"start":{"line":16,"column":55},"end":{"line":16,"column":93}}]},"3":{"line":18,"type":"if","locations":[{"start":{"line":18,"column":16},"end":{"line":18,"column":16}},{"start":{"line":18,"column":16},"end":{"line":18,"column":16}}]},"4":{"line":26,"type":"if","locations":[{"start":{"line":26,"column":8},"end":{"line":26,"column":8}},{"start":{"line":26,"column":8},"end":{"line":26,"column":8}}]},"5":{"line":26,"type":"binary-expr","locations":[{"start":{"line":26,"column":13},"end":{"line":26,"column":49}},{"start":{"line":27,"column":12},"end":{"line":27,"column":55}}]},"6":{"line":31,"type":"if","locations":[{"start":{"line":31,"column":8},"end":{"line":31,"column":8}},{"start":{"line":31,"column":8},"end":{"line":31,"column":8}}]},"7":{"line":31,"type":"binary-expr","locations":[{"start":{"line":31,"column":12},"end":{"line":31,"column":32}},{"start":{"line":31,"column":36},"end":{"line":31,"column":63}},{"start":{"line":31,"column":67},"end":{"line":31,"column":91}},{"start":{"line":31,"column":95},"end":{"line":31,"column":116}}]},"8":{"line":37,"type":"if","locations":[{"start":{"line":37,"column":8},"end":{"line":37,"column":8}},{"start":{"line":37,"column":8},"end":{"line":37,"column":8}}]},"9":{"line":48,"type":"if","locations":[{"start":{"line":48,"column":12},"end":{"line":48,"column":12}},{"start":{"line":48,"column":12},"end":{"line":48,"column":12}}]}}},"/Users/duyvu/Documents/javascript/middleware/user/checkUserLogin.js":{"path":"/Users/duyvu/Documents/javascript/middleware/user/checkUserLogin.js","s":{"1":0,"2":0,"3":0,"4":0,"5":0,"6":0,"7":0,"8":0,"9":0,"10":0,"11":0,"12":0,"13":0,"14":0,"15":0,"16":0,"17":0,"18":0,"19":0,"20":0,"21":0,"22":0,"23":0,"24":0,"25":0,"26":0,"27":0,"28":0,"29":0,"30":0,"31":0,"32":0,"33":0,"34":0,"35":0,"36":0,"37":0,"38":0,"39":0,"40":0},"b":{"1":[0,0],"2":[0,0],"3":[0,0],"4":[0,0],"5":[0,0],"6":[0,0],"7":[0,0],"8":[0,0],"9":[0,0],"10":[0,0],"11":[0,0],"12":[0,0]},"f":{"1":0,"2":0,"3":0,"4":0,"5":0},"fnMap":{"1":{"name":"(anonymous_1)","line":8,"loc":{"start":{"line":8,"column":17},"end":{"line":8,"column":45}}},"2":{"name":"(anonymous_2)","line":12,"loc":{"start":{"line":12,"column":11},"end":{"line":12,"column":37}}},"3":{"name":"(anonymous_3)","line":34,"loc":{"start":{"line":34,"column":15},"end":{"line":34,"column":38}}},"4":{"name":"(anonymous_4)","line":57,"loc":{"start":{"line":57,"column":15},"end":{"line":57,"column":38}}},"5":{"name":"(anonymous_5)","line":79,"loc":{"start":{"line":79,"column":29},"end":{"line":79,"column":44}}}},"statementMap":{"1":{"start":{"line":1,"column":0},"end":{"line":1,"column":55}},"2":{"start":{"line":8,"column":0},"end":{"line":88,"column":2}},"3":{"start":{"line":10,"column":4},"end":{"line":10,"column":65}},"4":{"start":{"line":12,"column":4},"end":{"line":86,"column":6}},"5":{"start":{"line":14,"column":8},"end":{"line":16,"column":9}},"6":{"start":{"line":15,"column":12},"end":{"line":15,"column":26}},"7":{"start":{"line":19,"column":8},"end":{"line":85,"column":27}},"8":{"start":{"line":21,"column":12},"end":{"line":24,"column":13}},"9":{"start":{"line":22,"column":16},"end":{"line":22,"column":62}},"10":{"start":{"line":23,"column":16},"end":{"line":23,"column":30}},"11":{"start":{"line":26,"column":12},"end":{"line":29,"column":13}},"12":{"start":{"line":27,"column":16},"end":{"line":27,"column":65}},"13":{"start":{"line":28,"column":16},"end":{"line":28,"column":30}},"14":{"start":{"line":32,"column":12},"end":{"line":51,"column":15}},"15":{"start":{"line":35,"column":16},"end":{"line":38,"column":17}},"16":{"start":{"line":36,"column":20},"end":{"line":36,"column":80}},"17":{"start":{"line":37,"column":20},"end":{"line":37,"column":34}},"18":{"start":{"line":41,"column":16},"end":{"line":44,"column":17}},"19":{"start":{"line":42,"column":20},"end":{"line":42,"column":58}},"20":{"start":{"line":43,"column":20},"end":{"line":43,"column":34}},"21":{"start":{"line":47,"column":16},"end":{"line":47,"column":48}},"22":{"start":{"line":50,"column":16},"end":{"line":50,"column":41}},"23":{"start":{"line":53,"column":13},"end":{"line":85,"column":27}},"24":{"start":{"line":55,"column":12},"end":{"line":83,"column":15}},"25":{"start":{"line":59,"column":16},"end":{"line":62,"column":17}},"26":{"start":{"line":60,"column":20},"end":{"line":60,"column":84}},"27":{"start":{"line":61,"column":20},"end":{"line":61,"column":34}},"28":{"start":{"line":64,"column":16},"end":{"line":67,"column":17}},"29":{"start":{"line":65,"column":20},"end":{"line":65,"column":88}},"30":{"start":{"line":66,"column":20},"end":{"line":66,"column":34}},"31":{"start":{"line":69,"column":16},"end":{"line":72,"column":17}},"32":{"start":{"line":70,"column":20},"end":{"line":70,"column":67}},"33":{"start":{"line":71,"column":20},"end":{"line":71,"column":34}},"34":{"start":{"line":75,"column":16},"end":{"line":75,"column":46}},"35":{"start":{"line":76,"column":16},"end":{"line":76,"column":49}},"36":{"start":{"line":77,"column":16},"end":{"line":77,"column":47}},"37":{"start":{"line":78,"column":16},"end":{"line":78,"column":53}},"38":{"start":{"line":79,"column":16},"end":{"line":82,"column":19}},"39":{"start":{"line":81,"column":20},"end":{"line":81,"column":50}},"40":{"start":{"line":85,"column":13},"end":{"line":85,"column":27}}},"branchMap":{"1":{"line":14,"type":"if","locations":[{"start":{"line":14,"column":8},"end":{"line":14,"column":8}},{"start":{"line":14,"column":8},"end":{"line":14,"column":8}}]},"2":{"line":19,"type":"if","locations":[{"start":{"line":19,"column":8},"end":{"line":19,"column":8}},{"start":{"line":19,"column":8},"end":{"line":19,"column":8}}]},"3":{"line":21,"type":"if","locations":[{"start":{"line":21,"column":12},"end":{"line":21,"column":12}},{"start":{"line":21,"column":12},"end":{"line":21,"column":12}}]},"4":{"line":26,"type":"if","locations":[{"start":{"line":26,"column":12},"end":{"line":26,"column":12}},{"start":{"line":26,"column":12},"end":{"line":26,"column":12}}]},"5":{"line":35,"type":"if","locations":[{"start":{"line":35,"column":16},"end":{"line":35,"column":16}},{"start":{"line":35,"column":16},"end":{"line":35,"column":16}}]},"6":{"line":35,"type":"binary-expr","locations":[{"start":{"line":35,"column":21},"end":{"line":35,"column":24}},{"start":{"line":35,"column":30},"end":{"line":35,"column":37}}]},"7":{"line":41,"type":"if","locations":[{"start":{"line":41,"column":16},"end":{"line":41,"column":16}},{"start":{"line":41,"column":16},"end":{"line":41,"column":16}}]},"8":{"line":53,"type":"if","locations":[{"start":{"line":53,"column":13},"end":{"line":53,"column":13}},{"start":{"line":53,"column":13},"end":{"line":53,"column":13}}]},"9":{"line":59,"type":"if","locations":[{"start":{"line":59,"column":16},"end":{"line":59,"column":16}},{"start":{"line":59,"column":16},"end":{"line":59,"column":16}}]},"10":{"line":59,"type":"binary-expr","locations":[{"start":{"line":59,"column":21},"end":{"line":59,"column":24}},{"start":{"line":59,"column":30},"end":{"line":59,"column":45}}]},"11":{"line":64,"type":"if","locations":[{"start":{"line":64,"column":16},"end":{"line":64,"column":16}},{"start":{"line":64,"column":16},"end":{"line":64,"column":16}}]},"12":{"line":69,"type":"if","locations":[{"start":{"line":69,"column":16},"end":{"line":69,"column":16}},{"start":{"line":69,"column":16},"end":{"line":69,"column":16}}]}}},"/Users/duyvu/Documents/javascript/middleware/user/deleteUser.js":{"path":"/Users/duyvu/Documents/javascript/middleware/user/deleteUser.js","s":{"1":0,"2":0,"3":0,"4":0,"5":0},"b":{},"f":{"1":0,"2":0},"fnMap":{"1":{"name":"(anonymous_1)","line":7,"loc":{"start":{"line":7,"column":17},"end":{"line":7,"column":45}}},"2":{"name":"(anonymous_2)","line":11,"loc":{"start":{"line":11,"column":11},"end":{"line":11,"column":37}}}},"statementMap":{"1":{"start":{"line":1,"column":0},"end":{"line":1,"column":55}},"2":{"start":{"line":7,"column":0},"end":{"line":16,"column":2}},"3":{"start":{"line":9,"column":4},"end":{"line":9,"column":65}},"4":{"start":{"line":11,"column":4},"end":{"line":14,"column":6}},"5":{"start":{"line":13,"column":8},"end":{"line":13,"column":22}}},"branchMap":{}},"/Users/duyvu/Documents/javascript/middleware/user/getUser.js":{"path":"/Users/duyvu/Documents/javascript/middleware/user/getUser.js","s":{"1":0,"2":0,"3":0,"4":0,"5":0,"6":0,"7":0,"8":0,"9":0,"10":0,"11":0},"b":{"1":[0,0],"2":[0,0],"3":[0,0]},"f":{"1":0,"2":0,"3":0},"fnMap":{"1":{"name":"(anonymous_1)","line":9,"loc":{"start":{"line":9,"column":17},"end":{"line":9,"column":45}}},"2":{"name":"(anonymous_2)","line":13,"loc":{"start":{"line":13,"column":11},"end":{"line":13,"column":37}}},"3":{"name":"(anonymous_3)","line":21,"loc":{"start":{"line":21,"column":53},"end":{"line":21,"column":76}}}},"statementMap":{"1":{"start":{"line":1,"column":0},"end":{"line":1,"column":55}},"2":{"start":{"line":9,"column":0},"end":{"line":32,"column":2}},"3":{"start":{"line":11,"column":4},"end":{"line":11,"column":65}},"4":{"start":{"line":13,"column":4},"end":{"line":30,"column":6}},"5":{"start":{"line":16,"column":8},"end":{"line":18,"column":9}},"6":{"start":{"line":17,"column":12},"end":{"line":17,"column":26}},"7":{"start":{"line":21,"column":8},"end":{"line":29,"column":11}},"8":{"start":{"line":22,"column":12},"end":{"line":24,"column":13}},"9":{"start":{"line":23,"column":16},"end":{"line":23,"column":33}},"10":{"start":{"line":26,"column":12},"end":{"line":26,"column":34}},"11":{"start":{"line":28,"column":12},"end":{"line":28,"column":26}}},"branchMap":{"1":{"line":16,"type":"if","locations":[{"start":{"line":16,"column":8},"end":{"line":16,"column":8}},{"start":{"line":16,"column":8},"end":{"line":16,"column":8}}]},"2":{"line":16,"type":"binary-expr","locations":[{"start":{"line":16,"column":13},"end":{"line":16,"column":47}},{"start":{"line":16,"column":53},"end":{"line":16,"column":82}}]},"3":{"line":22,"type":"if","locations":[{"start":{"line":22,"column":12},"end":{"line":22,"column":12}},{"start":{"line":22,"column":12},"end":{"line":22,"column":12}}]}}},"/Users/duyvu/Documents/javascript/middleware/user/updateUser.js":{"path":"/Users/duyvu/Documents/javascript/middleware/user/updateUser.js","s":{"1":0,"2":0,"3":0,"4":0,"5":0,"6":0,"7":0,"8":0,"9":0,"10":0,"11":0,"12":0,"13":0,"14":0,"15":0,"16":0,"17":0,"18":0,"19":0,"20":0},"b":{"1":[0,0],"2":[0,0],"3":[0,0],"4":[0,0,0,0],"5":[0,0],"6":[0,0]},"f":{"1":0,"2":0,"3":0},"fnMap":{"1":{"name":"(anonymous_1)","line":10,"loc":{"start":{"line":10,"column":17},"end":{"line":10,"column":45}}},"2":{"name":"(anonymous_2)","line":14,"loc":{"start":{"line":14,"column":11},"end":{"line":14,"column":37}}},"3":{"name":"(anonymous_3)","line":37,"loc":{"start":{"line":37,"column":18},"end":{"line":37,"column":41}}}},"statementMap":{"1":{"start":{"line":1,"column":0},"end":{"line":1,"column":55}},"2":{"start":{"line":10,"column":0},"end":{"line":46,"column":2}},"3":{"start":{"line":12,"column":4},"end":{"line":12,"column":65}},"4":{"start":{"line":14,"column":4},"end":{"line":44,"column":6}},"5":{"start":{"line":15,"column":8},"end":{"line":18,"column":9}},"6":{"start":{"line":17,"column":12},"end":{"line":17,"column":26}},"7":{"start":{"line":20,"column":8},"end":{"line":23,"column":9}},"8":{"start":{"line":21,"column":12},"end":{"line":21,"column":57}},"9":{"start":{"line":22,"column":12},"end":{"line":22,"column":26}},"10":{"start":{"line":25,"column":8},"end":{"line":28,"column":9}},"11":{"start":{"line":26,"column":12},"end":{"line":26,"column":59}},"12":{"start":{"line":27,"column":12},"end":{"line":27,"column":26}},"13":{"start":{"line":31,"column":8},"end":{"line":31,"column":32}},"14":{"start":{"line":33,"column":8},"end":{"line":33,"column":34}},"15":{"start":{"line":34,"column":8},"end":{"line":34,"column":36}},"16":{"start":{"line":35,"column":8},"end":{"line":35,"column":42}},"17":{"start":{"line":37,"column":8},"end":{"line":41,"column":11}},"18":{"start":{"line":38,"column":12},"end":{"line":40,"column":13}},"19":{"start":{"line":39,"column":16},"end":{"line":39,"column":33}},"20":{"start":{"line":43,"column":8},"end":{"line":43,"column":37}}},"branchMap":{"1":{"line":15,"type":"if","locations":[{"start":{"line":15,"column":8},"end":{"line":15,"column":8}},{"start":{"line":15,"column":8},"end":{"line":15,"column":8}}]},"2":{"line":15,"type":"binary-expr","locations":[{"start":{"line":15,"column":13},"end":{"line":15,"column":49}},{"start":{"line":16,"column":13},"end":{"line":16,"column":50}}]},"3":{"line":20,"type":"if","locations":[{"start":{"line":20,"column":8},"end":{"line":20,"column":8}},{"start":{"line":20,"column":8},"end":{"line":20,"column":8}}]},"4":{"line":20,"type":"binary-expr","locations":[{"start":{"line":20,"column":12},"end":{"line":20,"column":32}},{"start":{"line":20,"column":36},"end":{"line":20,"column":57}},{"start":{"line":20,"column":61},"end":{"line":20,"column":85}},{"start":{"line":20,"column":89},"end":{"line":20,"column":120}}]},"5":{"line":25,"type":"if","locations":[{"start":{"line":25,"column":8},"end":{"line":25,"column":8}},{"start":{"line":25,"column":8},"end":{"line":25,"column":8}}]},"6":{"line":38,"type":"if","locations":[{"start":{"line":38,"column":12},"end":{"line":38,"column":12}},{"start":{"line":38,"column":12},"end":{"line":38,"column":12}}]}}},"/Users/duyvu/Documents/javascript/models/buy.js":{"path":"/Users/duyvu/Documents/javascript/models/buy.js","s":{"1":0,"2":0,"3":0,"4":0},"b":{},"f":{},"fnMap":{},"statementMap":{"1":{"start":{"line":1,"column":0},"end":{"line":1,"column":40}},"2":{"start":{"line":2,"column":0},"end":{"line":2,"column":33}},"3":{"start":{"line":4,"column":0},"end":{"line":7,"column":3}},"4":{"start":{"line":9,"column":0},"end":{"line":9,"column":21}}},"branchMap":{}},"/Users/duyvu/Documents/javascript/models/picture.js":{"path":"/Users/duyvu/Documents/javascript/models/picture.js","s":{"1":0,"2":0,"3":0,"4":0},"b":{},"f":{},"fnMap":{},"statementMap":{"1":{"start":{"line":1,"column":0},"end":{"line":1,"column":40}},"2":{"start":{"line":2,"column":0},"end":{"line":2,"column":33}},"3":{"start":{"line":4,"column":0},"end":{"line":10,"column":3}},"4":{"start":{"line":12,"column":0},"end":{"line":12,"column":25}}},"branchMap":{}},"/Users/duyvu/Documents/javascript/models/user.js":{"path":"/Users/duyvu/Documents/javascript/models/user.js","s":{"1":0,"2":0,"3":0,"4":0},"b":{},"f":{},"fnMap":{},"statementMap":{"1":{"start":{"line":1,"column":0},"end":{"line":1,"column":40}},"2":{"start":{"line":2,"column":0},"end":{"line":2,"column":33}},"3":{"start":{"line":4,"column":0},"end":{"line":9,"column":3}},"4":{"start":{"line":11,"column":0},"end":{"line":11,"column":22}}},"branchMap":{}},"/Users/duyvu/Documents/javascript/public/js/bootstrap.js":{"path":"/Users/duyvu/Documents/javascript/public/js/bootstrap.js","s":{"1":0,"2":0,"3":0,"4":0,"5":0,"6":0,"7":0,"8":0,"9":0,"10":0,"11":0,"12":0,"13":0,"14":0,"15":0,"16":0,"17":0,"18":0,"19":0,"20":0,"21":0,"22":0,"23":0,"24":0,"25":0,"26":0,"27":0,"28":0,"29":0,"30":0,"31":0,"32":0,"33":0,"34":0,"35":0,"36":0,"37":0,"38":0,"39":0,"40":0,"41":0,"42":0,"43":0,"44":0,"45":0,"46":0,"47":0,"48":0,"49":0,"50":0,"51":0,"52":0,"53":0,"54":0,"55":0,"56":0,"57":0,"58":0,"59":0,"60":0,"61":0,"62":0,"63":0,"64":0,"65":0,"66":0,"67":0,"68":0,"69":0,"70":0,"71":0,"72":0,"73":0,"74":0,"75":0,"76":0,"77":0,"78":0,"79":0,"80":0,"81":0,"82":0,"83":0,"84":0,"85":0,"86":0,"87":0,"88":0,"89":0,"90":0,"91":0,"92":0,"93":0,"94":0,"95":0,"96":0,"97":0,"98":0,"99":0,"100":0,"101":0,"102":0,"103":0,"104":0,"105":0,"106":0,"107":0,"108":0,"109":0,"110":0,"111":0,"112":0,"113":0,"114":0,"115":0,"116":0,"117":0,"118":0,"119":0,"120":0,"121":0,"122":0,"123":0,"124":0,"125":0,"126":0,"127":0,"128":0,"129":0,"130":0,"131":0,"132":0,"133":0,"134":0,"135":0,"136":0,"137":0,"138":0,"139":0,"140":0,"141":0,"142":0,"143":0,"144":0,"145":0,"146":0,"147":0,"148":0,"149":0,"150":0,"151":0,"152":0,"153":0,"154":0,"155":0,"156":0,"157":0,"158":0,"159":0,"160":0,"161":0,"162":0,"163":0,"164":0,"165":0,"166":0,"167":0,"168":0,"169":0,"170":0,"171":0,"172":0,"173":0,"174":0,"175":0,"176":0,"177":0,"178":0,"179":0,"180":0,"181":0,"182":0,"183":0,"184":0,"185":0,"186":0,"187":0,"188":0,"189":0,"190":0,"191":0,"192":0,"193":0,"194":0,"195":0,"196":0,"197":0,"198":0,"199":0,"200":0,"201":0,"202":0,"203":0,"204":0,"205":0,"206":0,"207":0,"208":0,"209":0,"210":0,"211":0,"212":0,"213":0,"214":0,"215":0,"216":0,"217":0,"218":0,"219":0,"220":0,"221":0,"222":0,"223":0,"224":0,"225":0,"226":0,"227":0,"228":0,"229":0,"230":0,"231":0,"232":0,"233":0,"234":0,"235":0,"236":0,"237":0,"238":0,"239":0,"240":0,"241":0,"242":0,"243":0,"244":0,"245":0,"246":0,"247":0,"248":0,"249":0,"250":0,"251":0,"252":0,"253":0,"254":0,"255":0,"256":0,"257":0,"258":0,"259":0,"260":0,"261":0,"262":0,"263":0,"264":0,"265":0,"266":0,"267":0,"268":0,"269":0,"270":0,"271":0,"272":0,"273":0,"274":0,"275":0,"276":0,"277":0,"278":0,"279":0,"280":0,"281":0,"282":0,"283":0,"284":0,"285":0,"286":0,"287":0,"288":0,"289":0,"290":0,"291":0,"292":0,"293":0,"294":0,"295":0,"296":0,"297":0,"298":0,"299":0,"300":0,"301":0,"302":0,"303":0,"304":0,"305":0,"306":0,"307":0,"308":0,"309":0,"310":0,"311":0,"312":0,"313":0,"314":0,"315":0,"316":0,"317":0,"318":0,"319":0,"320":0,"321":0,"322":0,"323":0,"324":0,"325":0,"326":0,"327":0,"328":0,"329":0,"330":0,"331":0,"332":0,"333":0,"334":0,"335":0,"336":0,"337":0,"338":0,"339":0,"340":0,"341":0,"342":0,"343":0,"344":0,"345":0,"346":0,"347":0,"348":0,"349":0,"350":0,"351":0,"352":0,"353":0,"354":0,"355":0,"356":0,"357":0,"358":0,"359":0,"360":0,"361":0,"362":0,"363":0,"364":0,"365":0,"366":0,"367":0,"368":0,"369":0,"370":0,"371":0,"372":0,"373":0,"374":0,"375":0,"376":0,"377":0,"378":0,"379":0,"380":0,"381":0,"382":0,"383":0,"384":0,"385":0,"386":0,"387":0,"388":0,"389":0,"390":0,"391":0,"392":0,"393":0,"394":0,"395":0,"396":0,"397":0,"398":0,"399":0,"400":0,"401":0,"402":0,"403":0,"404":0,"405":0,"406":0,"407":0,"408":0,"409":0,"410":0,"411":0,"412":0,"413":0,"414":0,"415":0,"416":0,"417":0,"418":0,"419":0,"420":0,"421":0,"422":0,"423":0,"424":0,"425":0,"426":0,"427":0,"428":0,"429":0,"430":0,"431":0,"432":0,"433":0,"434":0,"435":0,"436":0,"437":0,"438":0,"439":0,"440":0,"441":0,"442":0,"443":0,"444":0,"445":0,"446":0,"447":0,"448":0,"449":0,"450":0,"451":0,"452":0,"453":0,"454":0,"455":0,"456":0,"457":0,"458":0,"459":0,"460":0,"461":0,"462":0,"463":0,"464":0,"465":0,"466":0,"467":0,"468":0,"469":0,"470":0,"471":0,"472":0,"473":0,"474":0,"475":0,"476":0,"477":0,"478":0,"479":0,"480":0,"481":0,"482":0,"483":0,"484":0,"485":0,"486":0,"487":0,"488":0,"489":0,"490":0,"491":0,"492":0,"493":0,"494":0,"495":0,"496":0,"497":0,"498":0,"499":0,"500":0,"501":0,"502":0,"503":0,"504":0,"505":0,"506":0,"507":0,"508":0,"509":0,"510":0,"511":0,"512":0,"513":0,"514":0,"515":0,"516":0,"517":0,"518":0,"519":0,"520":0,"521":0,"522":0,"523":0,"524":0,"525":0,"526":0,"527":0,"528":0,"529":0,"530":0,"531":0,"532":0,"533":0,"534":0,"535":0,"536":0,"537":0,"538":0,"539":0,"540":0,"541":0,"542":0,"543":0,"544":0,"545":0,"546":0,"547":0,"548":0,"549":0,"550":0,"551":0,"552":0,"553":0,"554":0,"555":0,"556":0,"557":0,"558":0,"559":0,"560":0,"561":0,"562":0,"563":0,"564":0,"565":0,"566":0,"567":0,"568":0,"569":0,"570":0,"571":0,"572":0,"573":0,"574":0,"575":0,"576":0,"577":0,"578":0,"579":0,"580":0,"581":0,"582":0,"583":0,"584":0,"585":0,"586":0,"587":0,"588":0,"589":0,"590":0,"591":0,"592":0,"593":0,"594":0,"595":0,"596":0,"597":0,"598":0,"599":0,"600":0,"601":0,"602":0,"603":0,"604":0,"605":0,"606":0,"607":0,"608":0,"609":0,"610":0,"611":0,"612":0,"613":0,"614":0,"615":0,"616":0,"617":0,"618":0,"619":0,"620":0,"621":0,"622":0,"623":0,"624":0,"625":0,"626":0,"627":0,"628":0,"629":0,"630":0,"631":0,"632":0,"633":0,"634":0,"635":0,"636":0,"637":0,"638":0,"639":0,"640":0,"641":0,"642":0,"643":0,"644":0,"645":0,"646":0,"647":0,"648":0,"649":0,"650":0,"651":0,"652":0,"653":0,"654":0,"655":0,"656":0,"657":0,"658":0,"659":0,"660":0,"661":0,"662":0,"663":0,"664":0,"665":0,"666":0,"667":0,"668":0,"669":0,"670":0,"671":0,"672":0,"673":0,"674":0,"675":0,"676":0,"677":0,"678":0,"679":0,"680":0,"681":0,"682":0,"683":0,"684":0,"685":0,"686":0,"687":0,"688":0,"689":0,"690":0,"691":0,"692":0,"693":0,"694":0,"695":0,"696":0,"697":0,"698":0,"699":0,"700":0,"701":0,"702":0,"703":0,"704":0,"705":0,"706":0,"707":0,"708":0,"709":0,"710":0,"711":0,"712":0,"713":0,"714":0,"715":0,"716":0,"717":0,"718":0,"719":0,"720":0,"721":0,"722":0,"723":0,"724":0,"725":0,"726":0,"727":0,"728":0,"729":0,"730":0,"731":0,"732":0,"733":0,"734":0,"735":0,"736":0,"737":0,"738":0,"739":0,"740":0,"741":0,"742":0,"743":0,"744":0,"745":0,"746":0,"747":0,"748":0,"749":0,"750":0,"751":0,"752":0,"753":0,"754":0,"755":0,"756":0,"757":0,"758":0,"759":0,"760":0,"761":0,"762":0,"763":0,"764":0,"765":0,"766":0,"767":0,"768":0,"769":0,"770":0,"771":0,"772":0,"773":0,"774":0,"775":0,"776":0,"777":0,"778":0,"779":0,"780":0,"781":0,"782":0,"783":0,"784":0,"785":0,"786":0,"787":0,"788":0,"789":0,"790":0,"791":0,"792":0,"793":0,"794":0,"795":0,"796":0,"797":0,"798":0,"799":0,"800":0,"801":0,"802":0,"803":0,"804":0,"805":0,"806":0,"807":0,"808":0,"809":0,"810":0,"811":0,"812":0,"813":0,"814":0,"815":0,"816":0,"817":0,"818":0,"819":0,"820":0,"821":0,"822":0,"823":0,"824":0,"825":0,"826":0,"827":0,"828":0,"829":0,"830":0,"831":0,"832":0,"833":0,"834":0,"835":0,"836":0,"837":0,"838":0,"839":0,"840":0,"841":0,"842":0,"843":0,"844":0,"845":0,"846":0,"847":0,"848":0,"849":0,"850":0,"851":0,"852":0,"853":0,"854":0,"855":0,"856":0,"857":0,"858":0,"859":0,"860":0,"861":0,"862":0,"863":0,"864":0,"865":0,"866":0,"867":0,"868":0,"869":0,"870":0,"871":0,"872":0,"873":0,"874":0,"875":0,"876":0,"877":0,"878":0,"879":0,"880":0,"881":0,"882":0,"883":0,"884":0,"885":0,"886":0,"887":0,"888":0,"889":0,"890":0,"891":0,"892":0,"893":0,"894":0,"895":0,"896":0,"897":0,"898":0,"899":0,"900":0,"901":0,"902":0,"903":0,"904":0,"905":0,"906":0,"907":0,"908":0,"909":0,"910":0,"911":0,"912":0,"913":0,"914":0,"915":0,"916":0,"917":0,"918":0,"919":0,"920":0,"921":0,"922":0,"923":0,"924":0,"925":0,"926":0,"927":0,"928":0,"929":0,"930":0,"931":0,"932":0,"933":0,"934":0,"935":0,"936":0,"937":0,"938":0,"939":0,"940":0,"941":0,"942":0,"943":0,"944":0,"945":0,"946":0,"947":0,"948":0,"949":0,"950":0,"951":0,"952":0,"953":0,"954":0,"955":0,"956":0,"957":0,"958":0,"959":0,"960":0,"961":0,"962":0,"963":0,"964":0,"965":0,"966":0,"967":0,"968":0,"969":0,"970":0,"971":0,"972":0,"973":0,"974":0,"975":0,"976":0,"977":0,"978":0,"979":0,"980":0,"981":0,"982":0,"983":0,"984":0,"985":0,"986":0,"987":0,"988":0,"989":0,"990":0,"991":0,"992":0,"993":0,"994":0,"995":0,"996":0,"997":0,"998":0,"999":0,"1000":0,"1001":0,"1002":0,"1003":0,"1004":0,"1005":0,"1006":0,"1007":0,"1008":0,"1009":0,"1010":0,"1011":0,"1012":0,"1013":0,"1014":0,"1015":0,"1016":0,"1017":0,"1018":0,"1019":0,"1020":0,"1021":0,"1022":0,"1023":0,"1024":0,"1025":0,"1026":0,"1027":0,"1028":0,"1029":0,"1030":0,"1031":0,"1032":0,"1033":0,"1034":0,"1035":0,"1036":0,"1037":0,"1038":0,"1039":0,"1040":0,"1041":0,"1042":0,"1043":0,"1044":0,"1045":0,"1046":0,"1047":0,"1048":0,"1049":0,"1050":0,"1051":0,"1052":0,"1053":0,"1054":0,"1055":0,"1056":0,"1057":0,"1058":0,"1059":0,"1060":0,"1061":0,"1062":0,"1063":0,"1064":0,"1065":0,"1066":0,"1067":0,"1068":0,"1069":0,"1070":0,"1071":0,"1072":0,"1073":0,"1074":0,"1075":0,"1076":0,"1077":0,"1078":0,"1079":0,"1080":0,"1081":0,"1082":0,"1083":0,"1084":0,"1085":0,"1086":0,"1087":0,"1088":0,"1089":0,"1090":0,"1091":0,"1092":0,"1093":0,"1094":0,"1095":0,"1096":0,"1097":0,"1098":0,"1099":0,"1100":0,"1101":0,"1102":0,"1103":0,"1104":0,"1105":0,"1106":0,"1107":0,"1108":0,"1109":0,"1110":0,"1111":0,"1112":0,"1113":0,"1114":0,"1115":0,"1116":0,"1117":0,"1118":0,"1119":0,"1120":0,"1121":0,"1122":0,"1123":0,"1124":0,"1125":0,"1126":0,"1127":0,"1128":0,"1129":0,"1130":0,"1131":0,"1132":0,"1133":0,"1134":0,"1135":0,"1136":0,"1137":0,"1138":0},"b":{"1":[0,0],"2":[0,0],"3":[0,0,0,0,0],"4":[0,0],"5":[0,0],"6":[0,0],"7":[0,0],"8":[0,0],"9":[0,0],"10":[0,0],"11":[0,0],"12":[0,0],"13":[0,0],"14":[0,0],"15":[0,0],"16":[0,0],"17":[0,0],"18":[0,0],"19":[0,0],"20":[0,0],"21":[0,0],"22":[0,0],"23":[0,0],"24":[0,0],"25":[0,0],"26":[0,0],"27":[0,0],"28":[0,0],"29":[0,0],"30":[0,0],"31":[0,0],"32":[0,0],"33":[0,0],"34":[0,0,0],"35":[0,0,0],"36":[0,0],"37":[0,0],"38":[0,0,0],"39":[0,0],"40":[0,0],"41":[0,0],"42":[0,0],"43":[0,0],"44":[0,0],"45":[0,0],"46":[0,0],"47":[0,0],"48":[0,0],"49":[0,0],"50":[0,0],"51":[0,0],"52":[0,0],"53":[0,0],"54":[0,0],"55":[0,0],"56":[0,0],"57":[0,0],"58":[0,0],"59":[0,0],"60":[0,0],"61":[0,0],"62":[0,0],"63":[0,0],"64":[0,0],"65":[0,0],"66":[0,0],"67":[0,0],"68":[0,0],"69":[0,0],"70":[0,0,0],"71":[0,0],"72":[0,0],"73":[0,0],"74":[0,0],"75":[0,0],"76":[0,0],"77":[0,0],"78":[0,0],"79":[0,0],"80":[0,0],"81":[0,0],"82":[0,0],"83":[0,0],"84":[0,0],"85":[0,0],"86":[0,0],"87":[0,0],"88":[0,0],"89":[0,0],"90":[0,0],"91":[0,0],"92":[0,0],"93":[0,0],"94":[0,0,0],"95":[0,0],"96":[0,0],"97":[0,0,0],"98":[0,0],"99":[0,0],"100":[0,0],"101":[0,0],"102":[0,0],"103":[0,0],"104":[0,0],"105":[0,0],"106":[0,0],"107":[0,0],"108":[0,0],"109":[0,0],"110":[0,0,0,0],"111":[0,0],"112":[0,0],"113":[0,0],"114":[0,0],"115":[0,0],"116":[0,0],"117":[0,0],"118":[0,0],"119":[0,0],"120":[0,0],"121":[0,0],"122":[0,0],"123":[0,0,0],"124":[0,0],"125":[0,0],"126":[0,0],"127":[0,0],"128":[0,0],"129":[0,0],"130":[0,0],"131":[0,0],"132":[0,0],"133":[0,0],"134":[0,0],"135":[0,0],"136":[0,0],"137":[0,0],"138":[0,0],"139":[0,0],"140":[0,0],"141":[0,0],"142":[0,0],"143":[0,0],"144":[0,0],"145":[0,0],"146":[0,0],"147":[0,0],"148":[0,0],"149":[0,0],"150":[0,0],"151":[0,0],"152":[0,0],"153":[0,0],"154":[0,0],"155":[0,0],"156":[0,0],"157":[0,0],"158":[0,0],"159":[0,0],"160":[0,0],"161":[0,0],"162":[0,0],"163":[0,0],"164":[0,0],"165":[0,0],"166":[0,0],"167":[0,0],"168":[0,0],"169":[0,0],"170":[0,0],"171":[0,0,0],"172":[0,0],"173":[0,0],"174":[0,0],"175":[0,0],"176":[0,0],"177":[0,0],"178":[0,0],"179":[0,0],"180":[0,0],"181":[0,0],"182":[0,0],"183":[0,0],"184":[0,0],"185":[0,0],"186":[0,0],"187":[0,0],"188":[0,0],"189":[0,0],"190":[0,0,0],"191":[0,0],"192":[0,0],"193":[0,0],"194":[0,0],"195":[0,0],"196":[0,0],"197":[0,0],"198":[0,0],"199":[0,0],"200":[0,0],"201":[0,0],"202":[0,0],"203":[0,0],"204":[0,0],"205":[0,0],"206":[0,0],"207":[0,0],"208":[0,0],"209":[0,0],"210":[0,0],"211":[0,0],"212":[0,0],"213":[0,0],"214":[0,0],"215":[0,0],"216":[0,0],"217":[0,0],"218":[0,0],"219":[0,0],"220":[0,0],"221":[0,0],"222":[0,0],"223":[0,0],"224":[0,0],"225":[0,0],"226":[0,0],"227":[0,0],"228":[0,0],"229":[0,0],"230":[0,0],"231":[0,0],"232":[0,0],"233":[0,0],"234":[0,0],"235":[0,0],"236":[0,0],"237":[0,0],"238":[0,0],"239":[0,0],"240":[0,0],"241":[0,0],"242":[0,0],"243":[0,0],"244":[0,0],"245":[0,0],"246":[0,0],"247":[0,0],"248":[0,0],"249":[0,0],"250":[0,0,0],"251":[0,0],"252":[0,0],"253":[0,0],"254":[0,0],"255":[0,0],"256":[0,0],"257":[0,0],"258":[0,0],"259":[0,0],"260":[0,0],"261":[0,0],"262":[0,0],"263":[0,0],"264":[0,0],"265":[0,0],"266":[0,0],"267":[0,0],"268":[0,0],"269":[0,0],"270":[0,0],"271":[0,0],"272":[0,0],"273":[0,0],"274":[0,0],"275":[0,0],"276":[0,0],"277":[0,0],"278":[0,0],"279":[0,0],"280":[0,0],"281":[0,0],"282":[0,0],"283":[0,0],"284":[0,0],"285":[0,0],"286":[0,0],"287":[0,0],"288":[0,0],"289":[0,0],"290":[0,0],"291":[0,0],"292":[0,0],"293":[0,0],"294":[0,0],"295":[0,0],"296":[0,0],"297":[0,0,0,0,0],"298":[0,0],"299":[0,0],"300":[0,0],"301":[0,0],"302":[0,0],"303":[0,0,0,0,0],"304":[0,0],"305":[0,0],"306":[0,0],"307":[0,0],"308":[0,0],"309":[0,0],"310":[0,0],"311":[0,0],"312":[0,0],"313":[0,0,0,0,0],"314":[0,0],"315":[0,0],"316":[0,0],"317":[0,0],"318":[0,0],"319":[0,0],"320":[0,0],"321":[0,0],"322":[0,0],"323":[0,0],"324":[0,0],"325":[0,0],"326":[0,0],"327":[0,0],"328":[0,0],"329":[0,0],"330":[0,0],"331":[0,0],"332":[0,0],"333":[0,0],"334":[0,0],"335":[0,0],"336":[0,0],"337":[0,0],"338":[0,0],"339":[0,0],"340":[0,0],"341":[0,0],"342":[0,0],"343":[0,0],"344":[0,0],"345":[0,0],"346":[0,0],"347":[0,0],"348":[0,0],"349":[0,0],"350":[0,0]},"f":{"1":0,"2":0,"3":0,"4":0,"5":0,"6":0,"7":0,"8":0,"9":0,"10":0,"11":0,"12":0,"13":0,"14":0,"15":0,"16":0,"17":0,"18":0,"19":0,"20":0,"21":0,"22":0,"23":0,"24":0,"25":0,"26":0,"27":0,"28":0,"29":0,"30":0,"31":0,"32":0,"33":0,"34":0,"35":0,"36":0,"37":0,"38":0,"39":0,"40":0,"41":0,"42":0,"43":0,"44":0,"45":0,"46":0,"47":0,"48":0,"49":0,"50":0,"51":0,"52":0,"53":0,"54":0,"55":0,"56":0,"57":0,"58":0,"59":0,"60":0,"61":0,"62":0,"63":0,"64":0,"65":0,"66":0,"67":0,"68":0,"69":0,"70":0,"71":0,"72":0,"73":0,"74":0,"75":0,"76":0,"77":0,"78":0,"79":0,"80":0,"81":0,"82":0,"83":0,"84":0,"85":0,"86":0,"87":0,"88":0,"89":0,"90":0,"91":0,"92":0,"93":0,"94":0,"95":0,"96":0,"97":0,"98":0,"99":0,"100":0,"101":0,"102":0,"103":0,"104":0,"105":0,"106":0,"107":0,"108":0,"109":0,"110":0,"111":0,"112":0,"113":0,"114":0,"115":0,"116":0,"117":0,"118":0,"119":0,"120":0,"121":0,"122":0,"123":0,"124":0,"125":0,"126":0,"127":0,"128":0,"129":0,"130":0,"131":0,"132":0,"133":0,"134":0,"135":0,"136":0,"137":0,"138":0,"139":0,"140":0,"141":0,"142":0,"143":0,"144":0,"145":0,"146":0,"147":0,"148":0,"149":0,"150":0,"151":0,"152":0,"153":0,"154":0,"155":0,"156":0,"157":0,"158":0,"159":0,"160":0,"161":0,"162":0,"163":0,"164":0,"165":0,"166":0,"167":0,"168":0,"169":0,"170":0,"171":0,"172":0,"173":0,"174":0,"175":0,"176":0,"177":0,"178":0,"179":0,"180":0,"181":0,"182":0,"183":0,"184":0},"fnMap":{"1":{"name":"(anonymous_1)","line":11,"loc":{"start":{"line":11,"column":1},"end":{"line":11,"column":14}}},"2":{"name":"(anonymous_2)","line":27,"loc":{"start":{"line":27,"column":1},"end":{"line":27,"column":14}}},"3":{"name":"transitionEnd","line":33,"loc":{"start":{"line":33,"column":2},"end":{"line":33,"column":27}}},"4":{"name":"(anonymous_4)","line":53,"loc":{"start":{"line":53,"column":30},"end":{"line":53,"column":50}}},"5":{"name":"(anonymous_5)","line":56,"loc":{"start":{"line":56,"column":35},"end":{"line":56,"column":47}}},"6":{"name":"(anonymous_6)","line":57,"loc":{"start":{"line":57,"column":19},"end":{"line":57,"column":31}}},"7":{"name":"(anonymous_7)","line":62,"loc":{"start":{"line":62,"column":4},"end":{"line":62,"column":16}}},"8":{"name":"(anonymous_8)","line":70,"loc":{"start":{"line":70,"column":14},"end":{"line":70,"column":27}}},"9":{"name":"(anonymous_9)","line":87,"loc":{"start":{"line":87,"column":1},"end":{"line":87,"column":14}}},"10":{"name":"(anonymous_10)","line":94,"loc":{"start":{"line":94,"column":16},"end":{"line":94,"column":30}}},"11":{"name":"(anonymous_11)","line":102,"loc":{"start":{"line":102,"column":26},"end":{"line":102,"column":39}}},"12":{"name":"removeElement","line":125,"loc":{"start":{"line":125,"column":4},"end":{"line":125,"column":29}}},"13":{"name":"Plugin","line":141,"loc":{"start":{"line":141,"column":2},"end":{"line":141,"column":26}}},"14":{"name":"(anonymous_14)","line":142,"loc":{"start":{"line":142,"column":21},"end":{"line":142,"column":33}}},"15":{"name":"(anonymous_15)","line":160,"loc":{"start":{"line":160,"column":26},"end":{"line":160,"column":38}}},"16":{"name":"(anonymous_16)","line":182,"loc":{"start":{"line":182,"column":1},"end":{"line":182,"column":14}}},"17":{"name":"(anonymous_17)","line":188,"loc":{"start":{"line":188,"column":15},"end":{"line":188,"column":43}}},"18":{"name":"(anonymous_18)","line":200,"loc":{"start":{"line":200,"column":30},"end":{"line":200,"column":47}}},"19":{"name":"(anonymous_19)","line":211,"loc":{"start":{"line":211,"column":23},"end":{"line":211,"column":35}}},"20":{"name":"(anonymous_20)","line":224,"loc":{"start":{"line":224,"column":28},"end":{"line":224,"column":40}}},"21":{"name":"Plugin","line":246,"loc":{"start":{"line":246,"column":2},"end":{"line":246,"column":26}}},"22":{"name":"(anonymous_22)","line":247,"loc":{"start":{"line":247,"column":21},"end":{"line":247,"column":33}}},"23":{"name":"(anonymous_23)","line":268,"loc":{"start":{"line":268,"column":27},"end":{"line":268,"column":39}}},"24":{"name":"(anonymous_24)","line":278,"loc":{"start":{"line":278,"column":63},"end":{"line":278,"column":76}}},"25":{"name":"(anonymous_25)","line":284,"loc":{"start":{"line":284,"column":87},"end":{"line":284,"column":100}}},"26":{"name":"(anonymous_26)","line":299,"loc":{"start":{"line":299,"column":1},"end":{"line":299,"column":14}}},"27":{"name":"(anonymous_27)","line":305,"loc":{"start":{"line":305,"column":17},"end":{"line":305,"column":45}}},"28":{"name":"(anonymous_28)","line":333,"loc":{"start":{"line":333,"column":31},"end":{"line":333,"column":44}}},"29":{"name":"(anonymous_29)","line":343,"loc":{"start":{"line":343,"column":29},"end":{"line":343,"column":42}}},"30":{"name":"(anonymous_30)","line":355,"loc":{"start":{"line":355,"column":36},"end":{"line":355,"column":52}}},"31":{"name":"(anonymous_31)","line":360,"loc":{"start":{"line":360,"column":43},"end":{"line":360,"column":72}}},"32":{"name":"(anonymous_32)","line":367,"loc":{"start":{"line":367,"column":26},"end":{"line":367,"column":41}}},"33":{"name":"(anonymous_33)","line":373,"loc":{"start":{"line":373,"column":73},"end":{"line":373,"column":85}}},"34":{"name":"(anonymous_34)","line":379,"loc":{"start":{"line":379,"column":29},"end":{"line":379,"column":42}}},"35":{"name":"(anonymous_35)","line":392,"loc":{"start":{"line":392,"column":28},"end":{"line":392,"column":40}}},"36":{"name":"(anonymous_36)","line":397,"loc":{"start":{"line":397,"column":28},"end":{"line":397,"column":40}}},"37":{"name":"(anonymous_37)","line":402,"loc":{"start":{"line":402,"column":29},"end":{"line":402,"column":51}}},"38":{"name":"(anonymous_38)","line":442,"loc":{"start":{"line":442,"column":32},"end":{"line":442,"column":44}}},"39":{"name":"(anonymous_39)","line":446,"loc":{"start":{"line":446,"column":21},"end":{"line":446,"column":33}}},"40":{"name":"Plugin","line":467,"loc":{"start":{"line":467,"column":2},"end":{"line":467,"column":26}}},"41":{"name":"(anonymous_41)","line":468,"loc":{"start":{"line":468,"column":21},"end":{"line":468,"column":33}}},"42":{"name":"(anonymous_42)","line":490,"loc":{"start":{"line":490,"column":29},"end":{"line":490,"column":41}}},"43":{"name":"(anonymous_43)","line":499,"loc":{"start":{"line":499,"column":21},"end":{"line":499,"column":34}}},"44":{"name":"(anonymous_44)","line":521,"loc":{"start":{"line":521,"column":23},"end":{"line":521,"column":35}}},"45":{"name":"(anonymous_45)","line":522,"loc":{"start":{"line":522,"column":37},"end":{"line":522,"column":49}}},"46":{"name":"(anonymous_46)","line":539,"loc":{"start":{"line":539,"column":1},"end":{"line":539,"column":14}}},"47":{"name":"(anonymous_47)","line":545,"loc":{"start":{"line":545,"column":17},"end":{"line":545,"column":45}}},"48":{"name":"(anonymous_48)","line":569,"loc":{"start":{"line":569,"column":33},"end":{"line":569,"column":45}}},"49":{"name":"(anonymous_49)","line":574,"loc":{"start":{"line":574,"column":28},"end":{"line":574,"column":40}}},"50":{"name":"(anonymous_50)","line":607,"loc":{"start":{"line":607,"column":19},"end":{"line":607,"column":31}}},"51":{"name":"(anonymous_51)","line":625,"loc":{"start":{"line":625,"column":28},"end":{"line":625,"column":40}}},"52":{"name":"(anonymous_52)","line":647,"loc":{"start":{"line":647,"column":19},"end":{"line":647,"column":31}}},"53":{"name":"(anonymous_53)","line":663,"loc":{"start":{"line":663,"column":30},"end":{"line":663,"column":42}}},"54":{"name":"(anonymous_54)","line":667,"loc":{"start":{"line":667,"column":33},"end":{"line":667,"column":45}}},"55":{"name":"(anonymous_55)","line":670,"loc":{"start":{"line":670,"column":20},"end":{"line":670,"column":42}}},"56":{"name":"(anonymous_56)","line":677,"loc":{"start":{"line":677,"column":48},"end":{"line":677,"column":78}}},"57":{"name":"getTargetFromTrigger","line":686,"loc":{"start":{"line":686,"column":2},"end":{"line":686,"column":42}}},"58":{"name":"Plugin","line":698,"loc":{"start":{"line":698,"column":2},"end":{"line":698,"column":26}}},"59":{"name":"(anonymous_59)","line":699,"loc":{"start":{"line":699,"column":21},"end":{"line":699,"column":33}}},"60":{"name":"(anonymous_60)","line":719,"loc":{"start":{"line":719,"column":29},"end":{"line":719,"column":41}}},"61":{"name":"(anonymous_61)","line":728,"loc":{"start":{"line":728,"column":75},"end":{"line":728,"column":88}}},"62":{"name":"(anonymous_62)","line":751,"loc":{"start":{"line":751,"column":1},"end":{"line":751,"column":14}}},"63":{"name":"(anonymous_63)","line":759,"loc":{"start":{"line":759,"column":17},"end":{"line":759,"column":36}}},"64":{"name":"(anonymous_64)","line":765,"loc":{"start":{"line":765,"column":30},"end":{"line":765,"column":43}}},"65":{"name":"(anonymous_65)","line":798,"loc":{"start":{"line":798,"column":31},"end":{"line":798,"column":44}}},"66":{"name":"clearMenus","line":830,"loc":{"start":{"line":830,"column":2},"end":{"line":830,"column":25}}},"67":{"name":"(anonymous_67)","line":833,"loc":{"start":{"line":833,"column":19},"end":{"line":833,"column":31}}},"68":{"name":"getParent","line":849,"loc":{"start":{"line":849,"column":2},"end":{"line":849,"column":28}}},"69":{"name":"Plugin","line":866,"loc":{"start":{"line":866,"column":2},"end":{"line":866,"column":26}}},"70":{"name":"(anonymous_70)","line":867,"loc":{"start":{"line":867,"column":21},"end":{"line":867,"column":33}}},"71":{"name":"(anonymous_71)","line":885,"loc":{"start":{"line":885,"column":29},"end":{"line":885,"column":41}}},"72":{"name":"(anonymous_72)","line":896,"loc":{"start":{"line":896,"column":56},"end":{"line":896,"column":69}}},"73":{"name":"(anonymous_73)","line":913,"loc":{"start":{"line":913,"column":1},"end":{"line":913,"column":14}}},"74":{"name":"(anonymous_74)","line":919,"loc":{"start":{"line":919,"column":14},"end":{"line":919,"column":42}}},"75":{"name":"(anonymous_75)","line":930,"loc":{"start":{"line":930,"column":43},"end":{"line":930,"column":55}}},"76":{"name":"(anonymous_76)","line":947,"loc":{"start":{"line":947,"column":27},"end":{"line":947,"column":53}}},"77":{"name":"(anonymous_77)","line":951,"loc":{"start":{"line":951,"column":25},"end":{"line":951,"column":51}}},"78":{"name":"(anonymous_78)","line":969,"loc":{"start":{"line":969,"column":18},"end":{"line":969,"column":30}}},"79":{"name":"(anonymous_79)","line":994,"loc":{"start":{"line":994,"column":34},"end":{"line":994,"column":46}}},"80":{"name":"(anonymous_80)","line":1002,"loc":{"start":{"line":1002,"column":25},"end":{"line":1002,"column":38}}},"81":{"name":"(anonymous_81)","line":1029,"loc":{"start":{"line":1029,"column":33},"end":{"line":1029,"column":45}}},"82":{"name":"(anonymous_82)","line":1032,"loc":{"start":{"line":1032,"column":38},"end":{"line":1032,"column":51}}},"83":{"name":"(anonymous_83)","line":1039,"loc":{"start":{"line":1039,"column":27},"end":{"line":1039,"column":39}}},"84":{"name":"(anonymous_84)","line":1041,"loc":{"start":{"line":1041,"column":59},"end":{"line":1041,"column":72}}},"85":{"name":"(anonymous_85)","line":1049,"loc":{"start":{"line":1049,"column":30},"end":{"line":1049,"column":42}}},"86":{"name":"(anonymous_86)","line":1052,"loc":{"start":{"line":1052,"column":18},"end":{"line":1052,"column":30}}},"87":{"name":"(anonymous_87)","line":1059,"loc":{"start":{"line":1059,"column":35},"end":{"line":1059,"column":47}}},"88":{"name":"(anonymous_88)","line":1064,"loc":{"start":{"line":1064,"column":29},"end":{"line":1064,"column":49}}},"89":{"name":"(anonymous_89)","line":1073,"loc":{"start":{"line":1073,"column":46},"end":{"line":1073,"column":59}}},"90":{"name":"(anonymous_90)","line":1095,"loc":{"start":{"line":1095,"column":27},"end":{"line":1095,"column":39}}},"91":{"name":"(anonymous_91)","line":1110,"loc":{"start":{"line":1110,"column":35},"end":{"line":1110,"column":47}}},"92":{"name":"(anonymous_92)","line":1114,"loc":{"start":{"line":1114,"column":33},"end":{"line":1114,"column":45}}},"93":{"name":"(anonymous_93)","line":1119,"loc":{"start":{"line":1119,"column":35},"end":{"line":1119,"column":47}}},"94":{"name":"(anonymous_94)","line":1123,"loc":{"start":{"line":1123,"column":37},"end":{"line":1123,"column":49}}},"95":{"name":"Plugin","line":1137,"loc":{"start":{"line":1137,"column":2},"end":{"line":1137,"column":42}}},"96":{"name":"(anonymous_96)","line":1138,"loc":{"start":{"line":1138,"column":21},"end":{"line":1138,"column":33}}},"97":{"name":"(anonymous_97)","line":1158,"loc":{"start":{"line":1158,"column":26},"end":{"line":1158,"column":38}}},"98":{"name":"(anonymous_98)","line":1167,"loc":{"start":{"line":1167,"column":69},"end":{"line":1167,"column":82}}},"99":{"name":"(anonymous_99)","line":1175,"loc":{"start":{"line":1175,"column":33},"end":{"line":1175,"column":54}}},"100":{"name":"(anonymous_100)","line":1177,"loc":{"start":{"line":1177,"column":37},"end":{"line":1177,"column":49}}},"101":{"name":"(anonymous_101)","line":1196,"loc":{"start":{"line":1196,"column":1},"end":{"line":1196,"column":14}}},"102":{"name":"(anonymous_102)","line":1202,"loc":{"start":{"line":1202,"column":16},"end":{"line":1202,"column":44}}},"103":{"name":"(anonymous_103)","line":1233,"loc":{"start":{"line":1233,"column":27},"end":{"line":1233,"column":61}}},"104":{"name":"(anonymous_104)","line":1261,"loc":{"start":{"line":1261,"column":34},"end":{"line":1261,"column":46}}},"105":{"name":"(anonymous_105)","line":1265,"loc":{"start":{"line":1265,"column":33},"end":{"line":1265,"column":52}}},"106":{"name":"(anonymous_106)","line":1278,"loc":{"start":{"line":1278,"column":41},"end":{"line":1278,"column":53}}},"107":{"name":"(anonymous_107)","line":1282,"loc":{"start":{"line":1282,"column":43},"end":{"line":1282,"column":65}}},"108":{"name":"(anonymous_108)","line":1289,"loc":{"start":{"line":1289,"column":28},"end":{"line":1289,"column":43}}},"109":{"name":"(anonymous_109)","line":1309,"loc":{"start":{"line":1309,"column":30},"end":{"line":1309,"column":42}}},"110":{"name":"(anonymous_110)","line":1314,"loc":{"start":{"line":1314,"column":28},"end":{"line":1314,"column":43}}},"111":{"name":"(anonymous_111)","line":1329,"loc":{"start":{"line":1329,"column":30},"end":{"line":1329,"column":42}}},"112":{"name":"(anonymous_112)","line":1334,"loc":{"start":{"line":1334,"column":27},"end":{"line":1334,"column":39}}},"113":{"name":"(anonymous_113)","line":1394,"loc":{"start":{"line":1394,"column":21},"end":{"line":1394,"column":33}}},"114":{"name":"(anonymous_114)","line":1410,"loc":{"start":{"line":1410,"column":37},"end":{"line":1410,"column":66}}},"115":{"name":"(anonymous_115)","line":1429,"loc":{"start":{"line":1429,"column":13},"end":{"line":1429,"column":30}}},"116":{"name":"(anonymous_116)","line":1460,"loc":{"start":{"line":1460,"column":35},"end":{"line":1460,"column":77}}},"117":{"name":"(anonymous_117)","line":1466,"loc":{"start":{"line":1466,"column":33},"end":{"line":1466,"column":45}}},"118":{"name":"(anonymous_118)","line":1474,"loc":{"start":{"line":1474,"column":27},"end":{"line":1474,"column":47}}},"119":{"name":"complete","line":1479,"loc":{"start":{"line":1479,"column":4},"end":{"line":1479,"column":24}}},"120":{"name":"(anonymous_120)","line":1504,"loc":{"start":{"line":1504,"column":31},"end":{"line":1504,"column":43}}},"121":{"name":"(anonymous_121)","line":1511,"loc":{"start":{"line":1511,"column":33},"end":{"line":1511,"column":45}}},"122":{"name":"(anonymous_122)","line":1515,"loc":{"start":{"line":1515,"column":34},"end":{"line":1515,"column":54}}},"123":{"name":"(anonymous_123)","line":1533,"loc":{"start":{"line":1533,"column":42},"end":{"line":1533,"column":95}}},"124":{"name":"(anonymous_124)","line":1541,"loc":{"start":{"line":1541,"column":47},"end":{"line":1541,"column":100}}},"125":{"name":"(anonymous_125)","line":1569,"loc":{"start":{"line":1569,"column":31},"end":{"line":1569,"column":43}}},"126":{"name":"(anonymous_126)","line":1580,"loc":{"start":{"line":1580,"column":29},"end":{"line":1580,"column":47}}},"127":{"name":"(anonymous_127)","line":1586,"loc":{"start":{"line":1586,"column":26},"end":{"line":1586,"column":38}}},"128":{"name":"(anonymous_128)","line":1590,"loc":{"start":{"line":1590,"column":28},"end":{"line":1590,"column":40}}},"129":{"name":"(anonymous_129)","line":1594,"loc":{"start":{"line":1594,"column":29},"end":{"line":1594,"column":41}}},"130":{"name":"(anonymous_130)","line":1598,"loc":{"start":{"line":1598,"column":30},"end":{"line":1598,"column":42}}},"131":{"name":"(anonymous_131)","line":1602,"loc":{"start":{"line":1602,"column":36},"end":{"line":1602,"column":48}}},"132":{"name":"(anonymous_132)","line":1606,"loc":{"start":{"line":1606,"column":29},"end":{"line":1606,"column":42}}},"133":{"name":"(anonymous_133)","line":1619,"loc":{"start":{"line":1619,"column":30},"end":{"line":1619,"column":42}}},"134":{"name":"(anonymous_134)","line":1622,"loc":{"start":{"line":1622,"column":14},"end":{"line":1622,"column":26}}},"135":{"name":"Plugin","line":1631,"loc":{"start":{"line":1631,"column":2},"end":{"line":1631,"column":26}}},"136":{"name":"(anonymous_136)","line":1632,"loc":{"start":{"line":1632,"column":21},"end":{"line":1632,"column":33}}},"137":{"name":"(anonymous_137)","line":1658,"loc":{"start":{"line":1658,"column":28},"end":{"line":1658,"column":40}}},"138":{"name":"(anonymous_138)","line":1674,"loc":{"start":{"line":1674,"column":1},"end":{"line":1674,"column":14}}},"139":{"name":"(anonymous_139)","line":1680,"loc":{"start":{"line":1680,"column":16},"end":{"line":1680,"column":44}}},"140":{"name":"(anonymous_140)","line":1703,"loc":{"start":{"line":1703,"column":34},"end":{"line":1703,"column":46}}},"141":{"name":"(anonymous_141)","line":1707,"loc":{"start":{"line":1707,"column":33},"end":{"line":1707,"column":45}}},"142":{"name":"(anonymous_142)","line":1724,"loc":{"start":{"line":1724,"column":33},"end":{"line":1724,"column":45}}},"143":{"name":"(anonymous_143)","line":1728,"loc":{"start":{"line":1728,"column":33},"end":{"line":1728,"column":45}}},"144":{"name":"(anonymous_144)","line":1738,"loc":{"start":{"line":1738,"column":28},"end":{"line":1738,"column":40}}},"145":{"name":"(anonymous_145)","line":1742,"loc":{"start":{"line":1742,"column":26},"end":{"line":1742,"column":38}}},"146":{"name":"Plugin","line":1751,"loc":{"start":{"line":1751,"column":2},"end":{"line":1751,"column":26}}},"147":{"name":"(anonymous_147)","line":1752,"loc":{"start":{"line":1752,"column":21},"end":{"line":1752,"column":33}}},"148":{"name":"(anonymous_148)","line":1778,"loc":{"start":{"line":1778,"column":28},"end":{"line":1778,"column":40}}},"149":{"name":"(anonymous_149)","line":1794,"loc":{"start":{"line":1794,"column":1},"end":{"line":1794,"column":14}}},"150":{"name":"ScrollSpy","line":1800,"loc":{"start":{"line":1800,"column":2},"end":{"line":1800,"column":39}}},"151":{"name":"(anonymous_151)","line":1823,"loc":{"start":{"line":1823,"column":40},"end":{"line":1823,"column":52}}},"152":{"name":"(anonymous_152)","line":1827,"loc":{"start":{"line":1827,"column":32},"end":{"line":1827,"column":44}}},"153":{"name":"(anonymous_153)","line":1844,"loc":{"start":{"line":1844,"column":11},"end":{"line":1844,"column":23}}},"154":{"name":"(anonymous_154)","line":1854,"loc":{"start":{"line":1854,"column":12},"end":{"line":1854,"column":28}}},"155":{"name":"(anonymous_155)","line":1855,"loc":{"start":{"line":1855,"column":12},"end":{"line":1855,"column":24}}},"156":{"name":"(anonymous_156)","line":1861,"loc":{"start":{"line":1861,"column":32},"end":{"line":1861,"column":44}}},"157":{"name":"(anonymous_157)","line":1891,"loc":{"start":{"line":1891,"column":33},"end":{"line":1891,"column":51}}},"158":{"name":"(anonymous_158)","line":1913,"loc":{"start":{"line":1913,"column":30},"end":{"line":1913,"column":42}}},"159":{"name":"Plugin","line":1923,"loc":{"start":{"line":1923,"column":2},"end":{"line":1923,"column":26}}},"160":{"name":"(anonymous_160)","line":1924,"loc":{"start":{"line":1924,"column":21},"end":{"line":1924,"column":33}}},"161":{"name":"(anonymous_161)","line":1943,"loc":{"start":{"line":1943,"column":30},"end":{"line":1943,"column":42}}},"162":{"name":"(anonymous_162)","line":1952,"loc":{"start":{"line":1952,"column":45},"end":{"line":1952,"column":57}}},"163":{"name":"(anonymous_163)","line":1953,"loc":{"start":{"line":1953,"column":34},"end":{"line":1953,"column":46}}},"164":{"name":"(anonymous_164)","line":1970,"loc":{"start":{"line":1970,"column":1},"end":{"line":1970,"column":14}}},"165":{"name":"(anonymous_165)","line":1976,"loc":{"start":{"line":1976,"column":12},"end":{"line":1976,"column":31}}},"166":{"name":"(anonymous_166)","line":1984,"loc":{"start":{"line":1984,"column":23},"end":{"line":1984,"column":35}}},"167":{"name":"(anonymous_167)","line":2012,"loc":{"start":{"line":2012,"column":45},"end":{"line":2012,"column":57}}},"168":{"name":"(anonymous_168)","line":2024,"loc":{"start":{"line":2024,"column":27},"end":{"line":2024,"column":67}}},"169":{"name":"next","line":2030,"loc":{"start":{"line":2030,"column":4},"end":{"line":2030,"column":20}}},"170":{"name":"Plugin","line":2076,"loc":{"start":{"line":2076,"column":2},"end":{"line":2076,"column":26}}},"171":{"name":"(anonymous_171)","line":2077,"loc":{"start":{"line":2077,"column":21},"end":{"line":2077,"column":33}}},"172":{"name":"(anonymous_172)","line":2095,"loc":{"start":{"line":2095,"column":24},"end":{"line":2095,"column":36}}},"173":{"name":"(anonymous_173)","line":2104,"loc":{"start":{"line":2104,"column":21},"end":{"line":2104,"column":34}}},"174":{"name":"(anonymous_174)","line":2124,"loc":{"start":{"line":2124,"column":1},"end":{"line":2124,"column":14}}},"175":{"name":"(anonymous_175)","line":2130,"loc":{"start":{"line":2130,"column":14},"end":{"line":2130,"column":42}}},"176":{"name":"(anonymous_176)","line":2154,"loc":{"start":{"line":2154,"column":29},"end":{"line":2154,"column":86}}},"177":{"name":"(anonymous_177)","line":2176,"loc":{"start":{"line":2176,"column":36},"end":{"line":2176,"column":48}}},"178":{"name":"(anonymous_178)","line":2184,"loc":{"start":{"line":2184,"column":47},"end":{"line":2184,"column":59}}},"179":{"name":"(anonymous_179)","line":2188,"loc":{"start":{"line":2188,"column":34},"end":{"line":2188,"column":46}}},"180":{"name":"Plugin","line":2233,"loc":{"start":{"line":2233,"column":2},"end":{"line":2233,"column":26}}},"181":{"name":"(anonymous_181)","line":2234,"loc":{"start":{"line":2234,"column":21},"end":{"line":2234,"column":33}}},"182":{"name":"(anonymous_182)","line":2253,"loc":{"start":{"line":2253,"column":26},"end":{"line":2253,"column":38}}},"183":{"name":"(anonymous_183)","line":2262,"loc":{"start":{"line":2262,"column":23},"end":{"line":2262,"column":35}}},"184":{"name":"(anonymous_184)","line":2263,"loc":{"start":{"line":2263,"column":33},"end":{"line":2263,"column":45}}}},"statementMap":{"1":{"start":{"line":7,"column":0},"end":{"line":9,"column":1}},"2":{"start":{"line":8,"column":2},"end":{"line":8,"column":60}},"3":{"start":{"line":11,"column":0},"end":{"line":16,"column":10}},"4":{"start":{"line":12,"column":2},"end":{"line":12,"column":52}},"5":{"start":{"line":13,"column":2},"end":{"line":15,"column":3}},"6":{"start":{"line":14,"column":4},"end":{"line":14,"column":86}},"7":{"start":{"line":27,"column":0},"end":{"line":76,"column":10}},"8":{"start":{"line":33,"column":2},"end":{"line":50,"column":3}},"9":{"start":{"line":34,"column":4},"end":{"line":34,"column":48}},"10":{"start":{"line":36,"column":4},"end":{"line":41,"column":5}},"11":{"start":{"line":43,"column":4},"end":{"line":47,"column":5}},"12":{"start":{"line":44,"column":6},"end":{"line":46,"column":7}},"13":{"start":{"line":45,"column":8},"end":{"line":45,"column":48}},"14":{"start":{"line":49,"column":4},"end":{"line":49,"column":16}},"15":{"start":{"line":53,"column":2},"end":{"line":60,"column":3}},"16":{"start":{"line":54,"column":4},"end":{"line":54,"column":22}},"17":{"start":{"line":55,"column":4},"end":{"line":55,"column":18}},"18":{"start":{"line":56,"column":4},"end":{"line":56,"column":65}},"19":{"start":{"line":56,"column":49},"end":{"line":56,"column":63}},"20":{"start":{"line":57,"column":4},"end":{"line":57,"column":88}},"21":{"start":{"line":57,"column":33},"end":{"line":57,"column":87}},"22":{"start":{"line":57,"column":46},"end":{"line":57,"column":87}},"23":{"start":{"line":58,"column":4},"end":{"line":58,"column":34}},"24":{"start":{"line":59,"column":4},"end":{"line":59,"column":15}},"25":{"start":{"line":62,"column":2},"end":{"line":74,"column":4}},"26":{"start":{"line":63,"column":4},"end":{"line":63,"column":42}},"27":{"start":{"line":65,"column":4},"end":{"line":65,"column":37}},"28":{"start":{"line":65,"column":31},"end":{"line":65,"column":37}},"29":{"start":{"line":67,"column":4},"end":{"line":73,"column":5}},"30":{"start":{"line":71,"column":8},"end":{"line":71,"column":83}},"31":{"start":{"line":71,"column":34},"end":{"line":71,"column":83}},"32":{"start":{"line":87,"column":0},"end":{"line":171,"column":10}},"33":{"start":{"line":93,"column":2},"end":{"line":93,"column":40}},"34":{"start":{"line":94,"column":2},"end":{"line":96,"column":3}},"35":{"start":{"line":95,"column":4},"end":{"line":95,"column":42}},"36":{"start":{"line":98,"column":2},"end":{"line":98,"column":25}},"37":{"start":{"line":100,"column":2},"end":{"line":100,"column":33}},"38":{"start":{"line":102,"column":2},"end":{"line":135,"column":3}},"39":{"start":{"line":103,"column":4},"end":{"line":103,"column":26}},"40":{"start":{"line":104,"column":4},"end":{"line":104,"column":44}},"41":{"start":{"line":106,"column":4},"end":{"line":109,"column":5}},"42":{"start":{"line":107,"column":6},"end":{"line":107,"column":35}},"43":{"start":{"line":108,"column":6},"end":{"line":108,"column":67}},"44":{"start":{"line":111,"column":4},"end":{"line":111,"column":29}},"45":{"start":{"line":113,"column":4},"end":{"line":113,"column":29}},"46":{"start":{"line":113,"column":11},"end":{"line":113,"column":29}},"47":{"start":{"line":115,"column":4},"end":{"line":117,"column":5}},"48":{"start":{"line":116,"column":6},"end":{"line":116,"column":39}},"49":{"start":{"line":119,"column":4},"end":{"line":119,"column":50}},"50":{"start":{"line":121,"column":4},"end":{"line":121,"column":38}},"51":{"start":{"line":121,"column":32},"end":{"line":121,"column":38}},"52":{"start":{"line":123,"column":4},"end":{"line":123,"column":29}},"53":{"start":{"line":125,"column":4},"end":{"line":128,"column":5}},"54":{"start":{"line":127,"column":6},"end":{"line":127,"column":58}},"55":{"start":{"line":130,"column":4},"end":{"line":134,"column":21}},"56":{"start":{"line":141,"column":2},"end":{"line":149,"column":3}},"57":{"start":{"line":142,"column":4},"end":{"line":148,"column":6}},"58":{"start":{"line":143,"column":6},"end":{"line":143,"column":25}},"59":{"start":{"line":144,"column":6},"end":{"line":144,"column":40}},"60":{"start":{"line":146,"column":6},"end":{"line":146,"column":65}},"61":{"start":{"line":146,"column":17},"end":{"line":146,"column":65}},"62":{"start":{"line":147,"column":6},"end":{"line":147,"column":61}},"63":{"start":{"line":147,"column":37},"end":{"line":147,"column":61}},"64":{"start":{"line":151,"column":2},"end":{"line":151,"column":22}},"65":{"start":{"line":153,"column":2},"end":{"line":153,"column":33}},"66":{"start":{"line":154,"column":2},"end":{"line":154,"column":32}},"67":{"start":{"line":160,"column":2},"end":{"line":163,"column":3}},"68":{"start":{"line":161,"column":4},"end":{"line":161,"column":20}},"69":{"start":{"line":162,"column":4},"end":{"line":162,"column":15}},"70":{"start":{"line":169,"column":2},"end":{"line":169,"column":75}},"71":{"start":{"line":182,"column":0},"end":{"line":288,"column":10}},"72":{"start":{"line":188,"column":2},"end":{"line":192,"column":3}},"73":{"start":{"line":189,"column":4},"end":{"line":189,"column":31}},"74":{"start":{"line":190,"column":4},"end":{"line":190,"column":59}},"75":{"start":{"line":191,"column":4},"end":{"line":191,"column":26}},"76":{"start":{"line":194,"column":2},"end":{"line":194,"column":27}},"77":{"start":{"line":196,"column":2},"end":{"line":198,"column":3}},"78":{"start":{"line":200,"column":2},"end":{"line":222,"column":3}},"79":{"start":{"line":201,"column":4},"end":{"line":201,"column":25}},"80":{"start":{"line":202,"column":4},"end":{"line":202,"column":28}},"81":{"start":{"line":203,"column":4},"end":{"line":203,"column":47}},"82":{"start":{"line":204,"column":4},"end":{"line":204,"column":25}},"83":{"start":{"line":206,"column":4},"end":{"line":206,"column":26}},"84":{"start":{"line":208,"column":4},"end":{"line":208,"column":65}},"85":{"start":{"line":208,"column":32},"end":{"line":208,"column":65}},"86":{"start":{"line":211,"column":4},"end":{"line":221,"column":16}},"87":{"start":{"line":212,"column":6},"end":{"line":212,"column":71}},"88":{"start":{"line":214,"column":6},"end":{"line":220,"column":7}},"89":{"start":{"line":215,"column":8},"end":{"line":215,"column":29}},"90":{"start":{"line":216,"column":8},"end":{"line":216,"column":34}},"91":{"start":{"line":217,"column":13},"end":{"line":220,"column":7}},"92":{"start":{"line":218,"column":8},"end":{"line":218,"column":30}},"93":{"start":{"line":219,"column":8},"end":{"line":219,"column":40}},"94":{"start":{"line":224,"column":2},"end":{"line":240,"column":3}},"95":{"start":{"line":225,"column":4},"end":{"line":225,"column":22}},"96":{"start":{"line":226,"column":4},"end":{"line":226,"column":66}},"97":{"start":{"line":228,"column":4},"end":{"line":237,"column":5}},"98":{"start":{"line":229,"column":6},"end":{"line":229,"column":46}},"99":{"start":{"line":230,"column":6},"end":{"line":233,"column":7}},"100":{"start":{"line":231,"column":8},"end":{"line":232,"column":58}},"101":{"start":{"line":231,"column":72},"end":{"line":231,"column":87}},"102":{"start":{"line":232,"column":13},"end":{"line":232,"column":58}},"103":{"start":{"line":234,"column":6},"end":{"line":234,"column":94}},"104":{"start":{"line":234,"column":19},"end":{"line":234,"column":94}},"105":{"start":{"line":236,"column":6},"end":{"line":236,"column":75}},"106":{"start":{"line":239,"column":4},"end":{"line":239,"column":52}},"107":{"start":{"line":239,"column":17},"end":{"line":239,"column":52}},"108":{"start":{"line":246,"column":2},"end":{"line":257,"column":3}},"109":{"start":{"line":247,"column":4},"end":{"line":256,"column":6}},"110":{"start":{"line":248,"column":6},"end":{"line":248,"column":27}},"111":{"start":{"line":249,"column":6},"end":{"line":249,"column":43}},"112":{"start":{"line":250,"column":6},"end":{"line":250,"column":55}},"113":{"start":{"line":252,"column":6},"end":{"line":252,"column":76}},"114":{"start":{"line":252,"column":17},"end":{"line":252,"column":76}},"115":{"start":{"line":254,"column":6},"end":{"line":255,"column":44}},"116":{"start":{"line":254,"column":30},"end":{"line":254,"column":43}},"117":{"start":{"line":255,"column":11},"end":{"line":255,"column":44}},"118":{"start":{"line":255,"column":23},"end":{"line":255,"column":44}},"119":{"start":{"line":259,"column":2},"end":{"line":259,"column":23}},"120":{"start":{"line":261,"column":2},"end":{"line":261,"column":34}},"121":{"start":{"line":262,"column":2},"end":{"line":262,"column":34}},"122":{"start":{"line":268,"column":2},"end":{"line":271,"column":3}},"123":{"start":{"line":269,"column":4},"end":{"line":269,"column":21}},"124":{"start":{"line":270,"column":4},"end":{"line":270,"column":15}},"125":{"start":{"line":277,"column":2},"end":{"line":286,"column":6}},"126":{"start":{"line":279,"column":6},"end":{"line":279,"column":28}},"127":{"start":{"line":280,"column":6},"end":{"line":280,"column":60}},"128":{"start":{"line":280,"column":33},"end":{"line":280,"column":60}},"129":{"start":{"line":281,"column":6},"end":{"line":281,"column":33}},"130":{"start":{"line":282,"column":6},"end":{"line":282,"column":24}},"131":{"start":{"line":285,"column":6},"end":{"line":285,"column":73}},"132":{"start":{"line":299,"column":0},"end":{"line":528,"column":10}},"133":{"start":{"line":305,"column":2},"end":{"line":320,"column":3}},"134":{"start":{"line":306,"column":4},"end":{"line":306,"column":33}},"135":{"start":{"line":307,"column":4},"end":{"line":307,"column":65}},"136":{"start":{"line":308,"column":4},"end":{"line":308,"column":30}},"137":{"start":{"line":309,"column":4},"end":{"line":313,"column":27}},"138":{"start":{"line":315,"column":4},"end":{"line":315,"column":97}},"139":{"start":{"line":317,"column":4},"end":{"line":319,"column":62}},"140":{"start":{"line":322,"column":2},"end":{"line":322,"column":29}},"141":{"start":{"line":324,"column":2},"end":{"line":324,"column":36}},"142":{"start":{"line":326,"column":2},"end":{"line":331,"column":3}},"143":{"start":{"line":333,"column":2},"end":{"line":341,"column":3}},"144":{"start":{"line":334,"column":4},"end":{"line":338,"column":5}},"145":{"start":{"line":335,"column":15},"end":{"line":335,"column":27}},"146":{"start":{"line":335,"column":28},"end":{"line":335,"column":33}},"147":{"start":{"line":336,"column":15},"end":{"line":336,"column":27}},"148":{"start":{"line":336,"column":28},"end":{"line":336,"column":33}},"149":{"start":{"line":337,"column":15},"end":{"line":337,"column":21}},"150":{"start":{"line":340,"column":4},"end":{"line":340,"column":22}},"1
[...]
":4,"column":18732}}]},"1374":{"line":4,"type":"cond-expr","locations":[{"start":{"line":4,"column":18615},"end":{"line":4,"column":18727}},{"start":{"line":4,"column":18729},"end":{"line":4,"column":18732}}]},"1375":{"line":4,"type":"binary-expr","locations":[{"start":{"line":4,"column":18748},"end":{"line":4,"column":18750}},{"start":{"line":4,"column":18752},"end":{"line":4,"column":18754}}]},"1376":{"line":4,"type":"cond-expr","locations":[{"start":{"line":4,"column":18757},"end":{"line":4,"column":18780}},{"start":{"line":4,"column":18782},"end":{"line":4,"column":18847}}]},"1377":{"line":4,"type":"binary-expr","locations":[{"start":{"line":4,"column":18796},"end":{"line":4,"column":18797}},{"start":{"line":4,"column":18799},"end":{"line":4,"column":18807}},{"start":{"line":4,"column":18809},"end":{"line":4,"column":18822}}]},"1378":{"line":4,"type":"binary-expr","locations":[{"start":{"line":4,"column":18917},"end":{"line":4,"column":18921}},{"start":{"line":4,"column":18924},"end":{"line":4,"column":18955}}]},"1379":{"line":4,"type":"cond-expr","locations":[{"start":{"line":4,"column":18974},"end":{"line":4,"column":18986}},{"start":{"line":4,"column":18988},"end":{"line":4,"column":19021}}]},"1380":{"line":4,"type":"binary-expr","locations":[{"start":{"line":4,"column":18988},"end":{"line":4,"column":18989}},{"start":{"line":4,"column":18991},"end":{"line":4,"column":19009}},{"start":{"line":4,"column":19012},"end":{"line":4,"column":19020}}]},"1381":{"line":4,"type":"binary-expr","locations":[{"start":{"line":4,"column":19022},"end":{"line":4,"column":19032}},{"start":{"line":4,"column":19034},"end":{"line":4,"column":19255}}]},"1382":{"line":4,"type":"binary-expr","locations":[{"start":{"line":4,"column":19053},"end":{"line":4,"column":19054}},{"start":{"line":4,"column":19056},"end":{"line":4,"column":19061}}]},"1383":{"line":4,"type":"cond-expr","locations":[{"start":{"line":4,"column":19125},"end":{"line":4,"column":19166}},{"start":{"line":4,"column":19167},"end":{"line":4,"column":19168}}]},"1384":{"line":4,"type":"binary-expr","locations":[{"start":{"line":4,"column":19179},"end":{"line":4,"column":19180}},{"start":{"line":4,"column":19182},"end":{"line":4,"column":19254}}]},"1385":{"line":4,"type":"binary-expr","locations":[{"start":{"line":4,"column":19227},"end":{"line":4,"column":19228}},{"start":{"line":4,"column":19230},"end":{"line":4,"column":19250}}]},"1386":{"line":4,"type":"binary-expr","locations":[{"start":{"line":4,"column":19590},"end":{"line":4,"column":19602}},{"start":{"line":4,"column":19605},"end":{"line":4,"column":19632}}]},"1387":{"line":4,"type":"binary-expr","locations":[{"start":{"line":4,"column":19685},"end":{"line":4,"column":19699}},{"start":{"line":4,"column":19701},"end":{"line":4,"column":19712}},{"start":{"line":4,"column":19715},"end":{"line":4,"column":19739}}]},"1388":{"line":4,"type":"cond-expr","locations":[{"start":{"line":4,"column":19743},"end":{"line":4,"column":19774}},{"start":{"line":4,"column":19777},"end":{"line":4,"column":19814}}]},"1389":{"line":4,"type":"binary-expr","locations":[{"start":{"line":4,"column":19779},"end":{"line":4,"column":19792}},{"start":{"line":4,"column":19794},"end":{"line":4,"column":19795}}]},"1390":{"line":4,"type":"binary-expr","locations":[{"start":{"line":4,"column":19798},"end":{"line":4,"column":19811}},{"start":{"line":4,"column":19813},"end":{"line":4,"column":19814}}]},"1391":{"line":4,"type":"binary-expr","locations":[{"start":{"line":4,"column":19816},"end":{"line":4,"column":19831}},{"start":{"line":4,"column":19834},"end":{"line":4,"column":19862}}]},"1392":{"line":4,"type":"binary-expr","locations":[{"start":{"line":4,"column":19864},"end":{"line":4,"column":19875}},{"start":{"line":4,"column":19878},"end":{"line":4,"column":19897}}]},"1393":{"line":4,"type":"binary-expr","locations":[{"start":{"line":4,"column":19899},"end":{"line":4,"column":19911}},{"start":{"line":4,"column":19914},"end":{"line":4,"column":19936}}]},"1394":{"line":4,"type":"cond-expr","locations":[{"start":{"line":4,"column":19950},"end":{"line":4,"column":19967}},{"start":{"line":4,"column":19968},"end":{"line":4,"column":19976}}]},"1395":{"line":4,"type":"if","locations":[{"start":{"line":4,"column":20011},"end":{"line":4,"column":20011}},{"start":{"line":4,"column":20011},"end":{"line":4,"column":20011}}]},"1396":{"line":4,"type":"cond-expr","locations":[{"start":{"line":4,"column":20049},"end":{"line":4,"column":20053}},{"start":{"line":4,"column":20054},"end":{"line":4,"column":20106}}]},"1397":{"line":4,"type":"if","locations":[{"start":{"line":4,"column":20129},"end":{"line":4,"column":20129}},{"start":{"line":4,"column":20129},"end":{"line":4,"column":20129}}]},"1398":{"line":4,"type":"cond-expr","locations":[{"start":{"line":4,"column":20168},"end":{"line":4,"column":20326}},{"start":{"line":4,"column":20328},"end":{"line":4,"column":20342}}]},"1399":{"line":4,"type":"if","locations":[{"start":{"line":4,"column":20364},"end":{"line":4,"column":20364}},{"start":{"line":4,"column":20364},"end":{"line":4,"column":20364}}]},"1400":{"line":4,"type":"cond-expr","locations":[{"start":{"line":4,"column":20447},"end":{"line":4,"column":20474}},{"start":{"line":4,"column":20476},"end":{"line":4,"column":20635}}]},"1401":{"line":4,"type":"binary-expr","locations":[{"start":{"line":4,"column":20514},"end":{"line":4,"column":20528}},{"start":{"line":4,"column":20531},"end":{"line":4,"column":20543}}]},"1402":{"line":4,"type":"binary-expr","locations":[{"start":{"line":4,"column":20806},"end":{"line":4,"column":20807}},{"start":{"line":4,"column":20809},"end":{"line":4,"column":20839}}]},"1403":{"line":4,"type":"binary-expr","locations":[{"start":{"line":4,"column":20864},"end":{"line":4,"column":20865}},{"start":{"line":4,"column":20867},"end":{"line":4,"column":20869}}]},"1404":{"line":4,"type":"cond-expr","locations":[{"start":{"line":4,"column":21048},"end":{"line":4,"column":21051}},{"start":{"line":4,"column":21052},"end":{"line":4,"column":21085}}]},"1405":{"line":4,"type":"binary-expr","locations":[{"start":{"line":4,"column":21052},"end":{"line":4,"column":21066}},{"start":{"line":4,"column":21069},"end":{"line":4,"column":21084}}]},"1406":{"line":4,"type":"cond-expr","locations":[{"start":{"line":4,"column":21097},"end":{"line":4,"column":21108}},{"start":{"line":4,"column":21109},"end":{"line":4,"column":21171}}]},"1407":{"line":4,"type":"cond-expr","locations":[{"start":{"line":4,"column":21099},"end":{"line":4,"column":21103}},{"start":{"line":4,"column":21104},"end":{"line":4,"column":21108}}]},"1408":{"line":4,"type":"cond-expr","locations":[{"start":{"line":4,"column":21116},"end":{"line":4,"column":21163}},{"start":{"line":4,"column":21164},"end":{"line":4,"column":21170}}]},"1409":{"line":4,"type":"cond-expr","locations":[{"start":{"line":4,"column":21129},"end":{"line":4,"column":21142}},{"start":{"line":4,"column":21143},"end":{"line":4,"column":21144}}]},"1410":{"line":4,"type":"cond-expr","locations":[{"start":{"line":4,"column":21147},"end":{"line":4,"column":21148}},{"start":{"line":4,"column":21149},"end":{"line":4,"column":21162}}]},"1411":{"line":4,"type":"if","locations":[{"start":{"line":4,"column":21281},"end":{"line":4,"column":21281}},{"start":{"line":4,"column":21281},"end":{"line":4,"column":21281}}]},"1412":{"line":4,"type":"cond-expr","locations":[{"start":{"line":4,"column":21314},"end":{"line":4,"column":21337}},{"start":{"line":4,"column":21338},"end":{"line":4,"column":21339}}]},"1413":{"line":4,"type":"binary-expr","locations":[{"start":{"line":4,"column":21489},"end":{"line":4,"column":21505}},{"start":{"line":4,"column":21508},"end":{"line":4,"column":21509}},{"start":{"line":4,"column":21511},"end":{"line":4,"column":21530}}]},"1414":{"line":4,"type":"binary-expr","locations":[{"start":{"line":4,"column":21534},"end":{"line":4,"column":21535}},{"start":{"line":4,"column":21538},"end":{"line":4,"column":21570}}]},"1415":{"line":4,"type":"cond-expr","locations":[{"start":{"line":4,"column":21553},"end":{"line":4,"column":21561}},{"start":{"line":4,"column":21562},"end":{"line":4,"column":21570}}]},"1416":{"line":4,"type":"binary-expr","locations":[{"start":{"line":4,"column":21538},"end":{"line":4,"column":21544}},{"start":{"line":4,"column":21546},"end":{"line":4,"column":21552}}]},"1417":{"line":4,"type":"cond-expr","locations":[{"start":{"line":4,"column":21629},"end":{"line":4,"column":21703}},{"start":{"line":4,"column":21704},"end":{"line":4,"column":21871}}]},"1418":{"line":4,"type":"cond-expr","locations":[{"start":{"line":4,"column":21652},"end":{"line":4,"column":21664}},{"start":{"line":4,"column":21665},"end":{"line":4,"column":21703}}]},"1419":{"line":4,"type":"cond-expr","locations":[{"start":{"line":4,"column":21720},"end":{"line":4,"column":21829}},{"start":{"line":4,"column":21831},"end":{"line":4,"column":21871}}]},"1420":{"line":4,"type":"cond-expr","locations":[{"start":{"line":4,"column":21842},"end":{"line":4,"column":21854}},{"start":{"line":4,"column":21855},"end":{"line":4,"column":21871}}]},"1421":{"line":4,"type":"cond-expr","locations":[{"start":{"line":4,"column":21877},"end":{"line":4,"column":21878}},{"start":{"line":4,"column":21879},"end":{"line":4,"column":21885}}]},"1422":{"line":4,"type":"cond-expr","locations":[{"start":{"line":4,"column":22111},"end":{"line":4,"column":22127}},{"start":{"line":4,"column":22128},"end":{"line":4,"column":22149}}]},"1423":{"line":4,"type":"binary-expr","locations":[{"start":{"line":4,"column":22139},"end":{"line":4,"column":22140}},{"start":{"line":4,"column":22142},"end":{"line":4,"column":22146}}]},"1424":{"line":4,"type":"cond-expr","locations":[{"start":{"line":4,"column":22179},"end":{"line":4,"column":22192}},{"start":{"line":4,"column":22193},"end":{"line":4,"column":22204}}]},"1425":{"line":4,"type":"binary-expr","locations":[{"start":{"line":4,"column":22266},"end":{"line":4,"column":22291}},{"start":{"line":4,"column":22293},"end":{"line":4,"column":22303}},{"start":{"line":4,"column":22305},"end":{"line":4,"column":22345}}]},"1426":{"line":4,"type":"binary-expr","locations":[{"start":{"line":4,"column":22408},"end":{"line":4,"column":22415}},{"start":{"line":4,"column":22418},"end":{"line":4,"column":22424}}]},"1427":{"line":4,"type":"binary-expr","locations":[{"start":{"line":4,"column":22426},"end":{"line":4,"column":22427}},{"start":{"line":4,"column":22429},"end":{"line":4,"column":22441}},{"start":{"line":4,"column":22444},"end":{"line":4,"column":22455}}]},"1428":{"line":4,"type":"binary-expr","locations":[{"start":{"line":4,"column":22460},"end":{"line":4,"column":22461}},{"start":{"line":4,"column":22464},"end":{"line":4,"column":22478}}]}}},"/Users/duyvu/Documents/javascript/public/js/login.js":{"path":"/Users/duyvu/Documents/javascript/public/js/login.js","s":{"1":0,"2":0,"3":0,"4":0,"5":0,"6":0,"7":0,"8":0,"9":0,"10":0,"11":0,"12":0,"13":0},"b":{},"f":{"1":0,"2":0,"3":0},"fnMap":{"1":{"name":"(anonymous_1)","line":1,"loc":{"start":{"line":1,"column":2},"end":{"line":1,"column":13}}},"2":{"name":"(anonymous_2)","line":3,"loc":{"start":{"line":3,"column":32},"end":{"line":3,"column":44}}},"3":{"name":"(anonymous_3)","line":10,"loc":{"start":{"line":10,"column":35},"end":{"line":10,"column":47}}}},"statementMap":{"1":{"start":{"line":1,"column":0},"end":{"line":18,"column":3}},"2":{"start":{"line":3,"column":4},"end":{"line":9,"column":7}},"3":{"start":{"line":4,"column":8},"end":{"line":4,"column":48}},"4":{"start":{"line":5,"column":8},"end":{"line":5,"column":41}},"5":{"start":{"line":6,"column":8},"end":{"line":6,"column":55}},"6":{"start":{"line":7,"column":8},"end":{"line":7,"column":35}},"7":{"start":{"line":8,"column":8},"end":{"line":8,"column":27}},"8":{"start":{"line":10,"column":4},"end":{"line":16,"column":7}},"9":{"start":{"line":11,"column":8},"end":{"line":11,"column":51}},"10":{"start":{"line":12,"column":8},"end":{"line":12,"column":38}},"11":{"start":{"line":13,"column":8},"end":{"line":13,"column":52}},"12":{"start":{"line":14,"column":8},"end":{"line":14,"column":35}},"13":{"start":{"line":15,"column":8},"end":{"line":15,"column":27}}},"branchMap":{}},"/Users/duyvu/Documents/javascript/public/js/npm.js":{"path":"/Users/duyvu/Documents/javascript/public/js/npm.js","s":{"1":0,"2":0,"3":0,"4":0,"5":0,"6":0,"7":0,"8":0,"9":0,"10":0,"11":0,"12":0},"b":{},"f":{},"fnMap":{},"statementMap":{"1":{"start":{"line":2,"column":0},"end":{"line":2,"column":33}},"2":{"start":{"line":3,"column":0},"end":{"line":3,"column":28}},"3":{"start":{"line":4,"column":0},"end":{"line":4,"column":29}},"4":{"start":{"line":5,"column":0},"end":{"line":5,"column":31}},"5":{"start":{"line":6,"column":0},"end":{"line":6,"column":31}},"6":{"start":{"line":7,"column":0},"end":{"line":7,"column":31}},"7":{"start":{"line":8,"column":0},"end":{"line":8,"column":28}},"8":{"start":{"line":9,"column":0},"end":{"line":9,"column":30}},"9":{"start":{"line":10,"column":0},"end":{"line":10,"column":30}},"10":{"start":{"line":11,"column":0},"end":{"line":11,"column":32}},"11":{"start":{"line":12,"column":0},"end":{"line":12,"column":26}},"12":{"start":{"line":13,"column":0},"end":{"line":13,"column":28}}},"branchMap":{}},"/Users/duyvu/Documents/javascript/routes/outside.js":{"path":"/Users/duyvu/Documents/javascript/routes/outside.js","s":{"1":0,"2":0,"3":0,"4":0,"5":0,"6":0,"7":0,"8":0,"9":0,"10":0,"11":0,"12":0,"13":0,"14":0,"15":0,"16":0},"b":{},"f":{"1":0,"2":0},"fnMap":{"1":{"name":"(anonymous_1)","line":11,"loc":{"start":{"line":11,"column":17},"end":{"line":11,"column":32}}},"2":{"name":"(anonymous_2)","line":48,"loc":{"start":{"line":48,"column":8},"end":{"line":48,"column":33}}}},"statementMap":{"1":{"start":{"line":1,"column":0},"end":{"line":1,"column":67}},"2":{"start":{"line":2,"column":0},"end":{"line":2,"column":65}},"3":{"start":{"line":3,"column":0},"end":{"line":3,"column":68}},"4":{"start":{"line":4,"column":0},"end":{"line":4,"column":55}},"5":{"start":{"line":5,"column":0},"end":{"line":5,"column":51}},"6":{"start":{"line":6,"column":0},"end":{"line":6,"column":55}},"7":{"start":{"line":7,"column":0},"end":{"line":7,"column":71}},"8":{"start":{"line":8,"column":0},"end":{"line":8,"column":42}},"9":{"start":{"line":9,"column":0},"end":{"line":9,"column":48}},"10":{"start":{"line":11,"column":0},"end":{"line":53,"column":2}},"11":{"start":{"line":13,"column":4},"end":{"line":16,"column":6}},"12":{"start":{"line":21,"column":4},"end":{"line":23,"column":6}},"13":{"start":{"line":28,"column":4},"end":{"line":32,"column":6}},"14":{"start":{"line":37,"column":4},"end":{"line":41,"column":6}},"15":{"start":{"line":46,"column":4},"end":{"line":51,"column":6}},"16":{"start":{"line":49,"column":12},"end":{"line":49,"column":30}}},"branchMap":{}},"/Users/duyvu/Documents/javascript/routes/picturelist.js":{"path":"/Users/duyvu/Documents/javascript/routes/picturelist.js","s":{"1":0,"2":0,"3":0,"4":0,"5":0,"6":0,"7":0,"8":0,"9":0,"10":0,"11":0,"12":0,"13":0,"14":0,"15":0,"16":0,"17":0,"18":0,"19":0,"20":0,"21":0,"22":0,"23":0,"24":0,"25":0,"26":0,"27":0,"28":0,"29":0,"30":0,"31":0,"32":0,"33":0},"b":{"1":[0,0],"2":[0,0],"3":[0,0],"4":[0,0,0]},"f":{"1":0,"2":0,"3":0,"4":0,"5":0,"6":0,"7":0},"fnMap":{"1":{"name":"(anonymous_1)","line":14,"loc":{"start":{"line":14,"column":17},"end":{"line":14,"column":46}}},"2":{"name":"(anonymous_2)","line":49,"loc":{"start":{"line":49,"column":8},"end":{"line":49,"column":34}}},"3":{"name":"(anonymous_3)","line":50,"loc":{"start":{"line":50,"column":29},"end":{"line":50,"column":44}}},"4":{"name":"(anonymous_4)","line":83,"loc":{"start":{"line":83,"column":8},"end":{"line":83,"column":33}}},"5":{"name":"(anonymous_5)","line":84,"loc":{"start":{"line":84,"column":29},"end":{"line":84,"column":44}}},"6":{"name":"(anonymous_6)","line":104,"loc":{"start":{"line":104,"column":8},"end":{"line":104,"column":34}}},"7":{"name":"(anonymous_7)","line":123,"loc":{"start":{"line":123,"column":8},"end":{"line":123,"column":34}}}},"statementMap":{"1":{"start":{"line":1,"column":0},"end":{"line":1,"column":51}},"2":{"start":{"line":2,"column":0},"end":{"line":2,"column":55}},"3":{"start":{"line":4,"column":0},"end":{"line":4,"column":71}},"4":{"start":{"line":5,"column":0},"end":{"line":5,"column":89}},"5":{"start":{"line":6,"column":0},"end":{"line":6,"column":63}},"6":{"start":{"line":7,"column":0},"end":{"line":7,"column":69}},"7":{"start":{"line":8,"column":0},"end":{"line":8,"column":69}},"8":{"start":{"line":9,"column":0},"end":{"line":9,"column":54}},"9":{"start":{"line":10,"column":0},"end":{"line":10,"column":59}},"10":{"start":{"line":11,"column":0},"end":{"line":11,"column":48}},"11":{"start":{"line":12,"column":0},"end":{"line":12,"column":42}},"12":{"start":{"line":14,"column":0},"end":{"line":128,"column":2}},"13":{"start":{"line":16,"column":4},"end":{"line":19,"column":6}},"14":{"start":{"line":25,"column":4},"end":{"line":29,"column":6}},"15":{"start":{"line":35,"column":4},"end":{"line":40,"column":6}},"16":{"start":{"line":46,"column":4},"end":{"line":58,"column":6}},"17":{"start":{"line":50,"column":12},"end":{"line":54,"column":15}},"18":{"start":{"line":51,"column":16},"end":{"line":53,"column":17}},"19":{"start":{"line":52,"column":20},"end":{"line":52,"column":37}},"20":{"start":{"line":55,"column":12},"end":{"line":55,"column":26}},"21":{"start":{"line":64,"column":4},"end":{"line":69,"column":6}},"22":{"start":{"line":75,"column":4},"end":{"line":79,"column":6}},"23":{"start":{"line":81,"column":4},"end":{"line":92,"column":6}},"24":{"start":{"line":84,"column":12},"end":{"line":89,"column":15}},"25":{"start":{"line":85,"column":16},"end":{"line":87,"column":17}},"26":{"start":{"line":86,"column":20},"end":{"line":86,"column":37}},"27":{"start":{"line":90,"column":12},"end":{"line":90,"column":45}},"28":{"start":{"line":99,"column":4},"end":{"line":112,"column":6}},"29":{"start":{"line":105,"column":12},"end":{"line":106,"column":49}},"30":{"start":{"line":106,"column":16},"end":{"line":106,"column":49}},"31":{"start":{"line":107,"column":12},"end":{"line":107,"column":26}},"32":{"start":{"line":119,"column":4},"end":{"line":126,"column":6}},"33":{"start":{"line":124,"column":12},"end":{"line":124,"column":45}}},"branchMap":{"1":{"line":51,"type":"if","locations":[{"start":{"line":51,"column":16},"end":{"line":51,"column":16}},{"start":{"line":51,"column":16},"end":{"line":51,"column":16}}]},"2":{"line":85,"type":"if","locations":[{"start":{"line":85,"column":16},"end":{"line":85,"column":16}},{"start":{"line":85,"column":16},"end":{"line":85,"column":16}}]},"3":{"line":105,"type":"if","locations":[{"start":{"line":105,"column":12},"end":{"line":105,"column":12}},{"start":{"line":105,"column":12},"end":{"line":105,"column":12}}]},"4":{"line":105,"type":"binary-expr","locations":[{"start":{"line":105,"column":16},"end":{"line":105,"column":52}},{"start":{"line":105,"column":58},"end":{"line":105,"column":94}},{"start":{"line":105,"column":98},"end":{"line":105,"column":124}}]}}},"/Users/duyvu/Documents/javascript/routes/userlist.js":{"path":"/Users/duyvu/Documents/javascript/routes/userlist.js","s":{"1":0,"2":0,"3":0,"4":0,"5":0,"6":0,"7":0,"8":0,"9":0},"b":{},"f":{"1":0},"fnMap":{"1":{"name":"(anonymous_1)","line":7,"loc":{"start":{"line":7,"column":17},"end":{"line":7,"column":32}}}},"statementMap":{"1":{"start":{"line":1,"column":0},"end":{"line":1,"column":51}},"2":{"start":{"line":2,"column":0},"end":{"line":2,"column":55}},"3":{"start":{"line":3,"column":0},"end":{"line":3,"column":60}},"4":{"start":{"line":4,"column":0},"end":{"line":4,"column":54}},"5":{"start":{"line":5,"column":0},"end":{"line":5,"column":42}},"6":{"start":{"line":7,"column":0},"end":{"line":35,"column":2}},"7":{"start":{"line":9,"column":4},"end":{"line":11,"column":6}},"8":{"start":{"line":17,"column":4},"end":{"line":21,"column":6}},"9":{"start":{"line":27,"column":4},"end":{"line":32,"column":6}}},"branchMap":{}}}