TN:
SF:/Users/duyvu/Documents/javascript/middleware/generic/auth.js
FN:4,(anonymous_1)
FN:6,(anonymous_2)
FNF:2
FNH:2
FNDA:2,(anonymous_1)
FNDA:2,(anonymous_2)
DA:4,1
DA:6,2
DA:7,2
DA:8,1
DA:10,1
LF:5
LH:5
BRDA:7,1,0,1
BRDA:7,1,1,1
BRF:2
BRH:2
end_of_record
TN:
SF:/Users/duyvu/Documents/javascript/config/db.js
FNF:0
FNH:0
DA:1,0
DA:2,0
DA:4,0
LF:3
LH:0
BRF:0
BRH:0
end_of_record
TN:
SF:/Users/duyvu/Documents/javascript/index.js
FN:25,(anonymous_1)
FN:44,(anonymous_2)
FN:55,(anonymous_3)
FN:62,(anonymous_4)
FNF:4
FNH:0
FNDA:0,(anonymous_1)
FNDA:0,(anonymous_2)
FNDA:0,(anonymous_3)
FNDA:0,(anonymous_4)
DA:1,0
DA:2,0
DA:3,0
DA:4,0
DA:5,0
DA:7,0
DA:9,0
DA:11,0
DA:13,0
DA:23,0
DA:26,0
DA:27,0
DA:32,0
DA:38,0
DA:40,0
DA:44,0
DA:45,0
DA:46,0
DA:48,0
DA:51,0
DA:52,0
DA:53,0
DA:55,0
DA:56,0
DA:59,0
DA:62,0
DA:63,0
LF:27
LH:0
BRF:0
BRH:0
end_of_record
TN:
SF:/Users/duyvu/Documents/javascript/middleware/common.js
FN:7,requireOption
FNF:1
FNH:0
FNDA:0,requireOption
DA:7,0
DA:8,0
DA:9,0
DA:11,0
DA:14,0
LF:5
LH:0
BRDA:8,1,0,0
BRDA:8,1,1,0
BRDA:8,2,0,0
BRDA:8,2,1,0
BRF:4
BRH:0
end_of_record
TN:
SF:/Users/duyvu/Documents/javascript/middleware/generic/inverseAuth.js
FN:5,(anonymous_1)
FN:7,(anonymous_2)
FNF:2
FNH:0
FNDA:0,(anonymous_1)
FNDA:0,(anonymous_2)
DA:5,0
DA:7,0
DA:8,0
DA:9,0
DA:11,0
LF:5
LH:0
BRDA:8,1,0,0
BRDA:8,1,1,0
BRF:2
BRH:0
end_of_record
TN:
SF:/Users/duyvu/Documents/javascript/middleware/generic/logout.js
FN:3,(anonymous_1)
FN:5,(anonymous_2)
FN:6,(anonymous_3)
FNF:3
FNH:0
FNDA:0,(anonymous_1)
FNDA:0,(anonymous_2)
FNDA:0,(anonymous_3)
DA:1,0
DA:3,0
DA:5,0
DA:6,0
DA:7,0
LF:5
LH:0
BRF:0
BRH:0
end_of_record
TN:
SF:/Users/duyvu/Documents/javascript/middleware/generic/mainredirect.js
FN:7,(anonymous_1)
FN:9,(anonymous_2)
FNF:2
FNH:0
FNDA:0,(anonymous_1)
FNDA:0,(anonymous_2)
DA:7,0
DA:9,0
DA:11,0
DA:12,0
DA:14,0
LF:5
LH:0
BRDA:11,1,0,0
BRDA:11,1,1,0
BRF:2
BRH:0
end_of_record
TN:
SF:/Users/duyvu/Documents/javascript/middleware/generic/render.js
FN:5,(anonymous_1)
FN:7,(anonymous_2)
FNF:2
FNH:0
FNDA:0,(anonymous_1)
FNDA:0,(anonymous_2)
DA:5,0
DA:7,0
DA:8,0
LF:3
LH:0
BRF:0
BRH:0
end_of_record
TN:
SF:/Users/duyvu/Documents/javascript/middleware/picture/bidPrice.js
FN:10,(anonymous_1)
FN:14,(anonymous_2)
FN:23,(anonymous_3)
FNF:3
FNH:0
FNDA:0,(anonymous_1)
FNDA:0,(anonymous_2)
FNDA:0,(anonymous_3)
DA:1,0
DA:10,0
DA:12,0
DA:14,0
DA:16,0
DA:17,0
DA:18,0
DA:21,0
DA:22,0
DA:23,0
DA:24,0
DA:25,0
DA:28,0
LF:13
LH:0
BRDA:16,1,0,0
BRDA:16,1,1,0
BRDA:24,2,0,0
BRDA:24,2,1,0
BRF:4
BRH:0
end_of_record
TN:
SF:/Users/duyvu/Documents/javascript/middleware/picture/deletePicture.js
FN:7,(anonymous_1)
FN:11,(anonymous_2)
FNF:2
FNH:0
FNDA:0,(anonymous_1)
FNDA:0,(anonymous_2)
DA:1,0
DA:7,0
DA:9,0
DA:11,0
DA:13,0
LF:5
LH:0
BRF:0
BRH:0
end_of_record
TN:
SF:/Users/duyvu/Documents/javascript/middleware/picture/getPersonalPicturesList.js
FN:7,(anonymous_1)
FN:11,(anonymous_2)
FN:17,(anonymous_3)
FNF:3
FNH:0
FNDA:0,(anonymous_1)
FNDA:0,(anonymous_2)
FNDA:0,(anonymous_3)
DA:1,0
DA:7,0
DA:9,0
DA:11,0
DA:13,0
DA:14,0
DA:17,0
DA:18,0
DA:19,0
DA:22,0
DA:23,0
LF:11
LH:0
BRDA:13,1,0,0
BRDA:13,1,1,0
BRDA:18,2,0,0
BRDA:18,2,1,0
BRF:4
BRH:0
end_of_record
TN:
SF:/Users/duyvu/Documents/javascript/middleware/picture/getPicture.js
FN:9,(anonymous_1)
FN:13,(anonymous_2)
FN:16,(anonymous_3)
FNF:3
FNH:0
FNDA:0,(anonymous_1)
FNDA:0,(anonymous_2)
FNDA:0,(anonymous_3)
DA:1,0
DA:9,0
DA:11,0
DA:13,0
DA:14,0
DA:17,0
DA:18,0
DA:21,0
DA:22,0
DA:24,0
LF:10
LH:0
BRDA:17,1,0,0
BRDA:17,1,1,0
BRDA:17,2,0,0
BRDA:17,2,1,0
BRF:4
BRH:0
end_of_record
TN:
SF:/Users/duyvu/Documents/javascript/middleware/picture/getPictureList.js
FN:7,(anonymous_1)
FN:11,(anonymous_2)
FN:15,(anonymous_3)
FNF:3
FNH:0
FNDA:0,(anonymous_1)
FNDA:0,(anonymous_2)
FNDA:0,(anonymous_3)
DA:1,0
DA:7,0
DA:9,0
DA:11,0
DA:13,0
DA:16,0
DA:17,0
DA:20,0
DA:21,0
LF:9
LH:0
BRDA:16,1,0,0
BRDA:16,1,1,0
BRF:2
BRH:0
end_of_record
TN:
SF:/Users/duyvu/Documents/javascript/middleware/picture/updatePicture.js
FN:10,(anonymous_1)
FN:14,(anonymous_2)
FN:17,(anonymous_3)
FN:47,(anonymous_4)
FNF:4
FNH:0
FNDA:0,(anonymous_1)
FNDA:0,(anonymous_2)
FNDA:0,(anonymous_3)
FNDA:0,(anonymous_4)
DA:1,0
DA:10,0
DA:12,0
DA:14,0
DA:16,0
DA:17,0
DA:18,0
DA:19,0
DA:22,0
DA:26,0
DA:28,0
DA:31,0
DA:32,0
DA:33,0
DA:36,0
DA:37,0
DA:38,0
DA:40,0
DA:42,0
DA:43,0
DA:44,0
DA:45,0
DA:47,0
DA:48,0
DA:49,0
DA:53,0
LF:26
LH:0
BRDA:16,1,0,0
BRDA:16,1,1,0
BRDA:16,2,0,0
BRDA:16,2,1,0
BRDA:18,3,0,0
BRDA:18,3,1,0
BRDA:26,4,0,0
BRDA:26,4,1,0
BRDA:26,5,0,0
BRDA:26,5,1,0
BRDA:31,6,0,0
BRDA:31,6,1,0
BRDA:31,7,0,0
BRDA:31,7,1,0
BRDA:31,7,2,0
BRDA:31,7,3,0
BRDA:37,8,0,0
BRDA:37,8,1,0
BRDA:48,9,0,0
BRDA:48,9,1,0
BRF:20
BRH:0
end_of_record
TN:
SF:/Users/duyvu/Documents/javascript/middleware/user/checkUserLogin.js
FN:8,(anonymous_1)
FN:12,(anonymous_2)
FN:34,(anonymous_3)
FN:57,(anonymous_4)
FN:79,(anonymous_5)
FNF:5
FNH:0
FNDA:0,(anonymous_1)
FNDA:0,(anonymous_2)
FNDA:0,(anonymous_3)
FNDA:0,(anonymous_4)
FNDA:0,(anonymous_5)
DA:1,0
DA:8,0
DA:10,0
DA:12,0
DA:14,0
DA:15,0
DA:19,0
DA:21,0
DA:22,0
DA:23,0
DA:26,0
DA:27,0
DA:28,0
DA:32,0
DA:35,0
DA:36,0
DA:37,0
DA:41,0
DA:42,0
DA:43,0
DA:47,0
DA:50,0
DA:53,0
DA:55,0
DA:59,0
DA:60,0
DA:61,0
DA:64,0
DA:65,0
DA:66,0
DA:69,0
DA:70,0
DA:71,0
DA:75,0
DA:76,0
DA:77,0
DA:78,0
DA:79,0
DA:81,0
DA:85,0
LF:40
LH:0
BRDA:14,1,0,0
BRDA:14,1,1,0
BRDA:19,2,0,0
BRDA:19,2,1,0
BRDA:21,3,0,0
BRDA:21,3,1,0
BRDA:26,4,0,0
BRDA:26,4,1,0
BRDA:35,5,0,0
BRDA:35,5,1,0
BRDA:35,6,0,0
BRDA:35,6,1,0
BRDA:41,7,0,0
BRDA:41,7,1,0
BRDA:53,8,0,0
BRDA:53,8,1,0
BRDA:59,9,0,0
BRDA:59,9,1,0
BRDA:59,10,0,0
BRDA:59,10,1,0
BRDA:64,11,0,0
BRDA:64,11,1,0
BRDA:69,12,0,0
BRDA:69,12,1,0
BRF:24
BRH:0
end_of_record
TN:
SF:/Users/duyvu/Documents/javascript/middleware/user/deleteUser.js
FN:7,(anonymous_1)
FN:11,(anonymous_2)
FNF:2
FNH:0
FNDA:0,(anonymous_1)
FNDA:0,(anonymous_2)
DA:1,0
DA:7,0
DA:9,0
DA:11,0
DA:13,0
LF:5
LH:0
BRF:0
BRH:0
end_of_record
TN:
SF:/Users/duyvu/Documents/javascript/middleware/user/getUser.js
FN:9,(anonymous_1)
FN:13,(anonymous_2)
FN:21,(anonymous_3)
FNF:3
FNH:0
FNDA:0,(anonymous_1)
FNDA:0,(anonymous_2)
FNDA:0,(anonymous_3)
DA:1,0
DA:9,0
DA:11,0
DA:13,0
DA:16,0
DA:17,0
DA:21,0
DA:22,0
DA:23,0
DA:26,0
DA:28,0
LF:11
LH:0
BRDA:16,1,0,0
BRDA:16,1,1,0
BRDA:16,2,0,0
BRDA:16,2,1,0
BRDA:22,3,0,0
BRDA:22,3,1,0
BRF:6
BRH:0
end_of_record
TN:
SF:/Users/duyvu/Documents/javascript/middleware/user/updateUser.js
FN:10,(anonymous_1)
FN:14,(anonymous_2)
FN:37,(anonymous_3)
FNF:3
FNH:0
FNDA:0,(anonymous_1)
FNDA:0,(anonymous_2)
FNDA:0,(anonymous_3)
DA:1,0
DA:10,0
DA:12,0
DA:14,0
DA:15,0
DA:17,0
DA:20,0
DA:21,0
DA:22,0
DA:25,0
DA:26,0
DA:27,0
DA:31,0
DA:33,0
DA:34,0
DA:35,0
DA:37,0
DA:38,0
DA:39,0
DA:43,0
LF:20
LH:0
BRDA:15,1,0,0
BRDA:15,1,1,0
BRDA:15,2,0,0
BRDA:15,2,1,0
BRDA:20,3,0,0
BRDA:20,3,1,0
BRDA:20,4,0,0
BRDA:20,4,1,0
BRDA:20,4,2,0
BRDA:20,4,3,0
BRDA:25,5,0,0
BRDA:25,5,1,0
BRDA:38,6,0,0
BRDA:38,6,1,0
BRF:14
BRH:0
end_of_record
TN:
SF:/Users/duyvu/Documents/javascript/models/buy.js
FNF:0
FNH:0
DA:1,0
DA:2,0
DA:4,0
DA:9,0
LF:4
LH:0
BRF:0
BRH:0
end_of_record
TN:
SF:/Users/duyvu/Documents/javascript/models/picture.js
FNF:0
FNH:0
DA:1,0
DA:2,0
DA:4,0
DA:12,0
LF:4
LH:0
BRF:0
BRH:0
end_of_record
TN:
SF:/Users/duyvu/Documents/javascript/models/user.js
FNF:0
FNH:0
DA:1,0
DA:2,0
DA:4,0
DA:11,0
LF:4
LH:0
BRF:0
BRH:0
end_of_record
TN:
SF:/Users/duyvu/Documents/javascript/public/js/bootstrap.js
FN:11,(anonymous_1)
FN:27,(anonymous_2)
FN:33,transitionEnd
FN:53,(anonymous_4)
FN:56,(anonymous_5)
FN:57,(anonymous_6)
FN:62,(anonymous_7)
FN:70,(anonymous_8)
FN:87,(anonymous_9)
FN:94,(anonymous_10)
FN:102,(anonymous_11)
FN:125,removeElement
FN:141,Plugin
FN:142,(anonymous_14)
FN:160,(anonymous_15)
FN:182,(anonymous_16)
FN:188,(anonymous_17)
FN:200,(anonymous_18)
FN:211,(anonymous_19)
FN:224,(anonymous_20)
FN:246,Plugin
FN:247,(anonymous_22)
FN:268,(anonymous_23)
FN:278,(anonymous_24)
FN:284,(anonymous_25)
FN:299,(anonymous_26)
FN:305,(anonymous_27)
FN:333,(anonymous_28)
FN:343,(anonymous_29)
FN:355,(anonymous_30)
FN:360,(anonymous_31)
FN:367,(anonymous_32)
FN:373,(anonymous_33)
FN:379,(anonymous_34)
FN:392,(anonymous_35)
FN:397,(anonymous_36)
FN:402,(anonymous_37)
FN:442,(anonymous_38)
FN:446,(anonymous_39)
FN:467,Plugin
FN:468,(anonymous_41)
FN:490,(anonymous_42)
FN:499,(anonymous_43)
FN:521,(anonymous_44)
FN:522,(anonymous_45)
FN:539,(anonymous_46)
FN:545,(anonymous_47)
FN:569,(anonymous_48)
FN:574,(anonymous_49)
FN:607,(anonymous_50)
FN:625,(anonymous_51)
FN:647,(anonymous_52)
FN:663,(anonymous_53)
FN:667,(anonymous_54)
FN:670,(anonymous_55)
FN:677,(anonymous_56)
FN:686,getTargetFromTrigger
FN:698,Plugin
FN:699,(anonymous_59)
FN:719,(anonymous_60)
FN:728,(anonymous_61)
FN:751,(anonymous_62)
FN:759,(anonymous_63)
FN:765,(anonymous_64)
FN:798,(anonymous_65)
FN:830,clearMenus
FN:833,(anonymous_67)
FN:849,getParent
FN:866,Plugin
FN:867,(anonymous_70)
FN:885,(anonymous_71)
FN:896,(anonymous_72)
FN:913,(anonymous_73)
FN:919,(anonymous_74)
FN:930,(anonymous_75)
FN:947,(anonymous_76)
FN:951,(anonymous_77)
FN:969,(anonymous_78)
FN:994,(anonymous_79)
FN:1002,(anonymous_80)
FN:1029,(anonymous_81)
FN:1032,(anonymous_82)
FN:1039,(anonymous_83)
FN:1041,(anonymous_84)
FN:1049,(anonymous_85)
FN:1052,(anonymous_86)
FN:1059,(anonymous_87)
FN:1064,(anonymous_88)
FN:1073,(anonymous_89)
FN:1095,(anonymous_90)
FN:1110,(anonymous_91)
FN:1114,(anonymous_92)
FN:1119,(anonymous_93)
FN:1123,(anonymous_94)
FN:1137,Plugin
FN:1138,(anonymous_96)
FN:1158,(anonymous_97)
FN:1167,(anonymous_98)
FN:1175,(anonymous_99)
FN:1177,(anonymous_100)
FN:1196,(anonymous_101)
FN:1202,(anonymous_102)
FN:1233,(anonymous_103)
FN:1261,(anonymous_104)
FN:1265,(anonymous_105)
FN:1278,(anonymous_106)
FN:1282,(anonymous_107)
FN:1289,(anonymous_108)
FN:1309,(anonymous_109)
FN:1314,(anonymous_110)
FN:1329,(anonymous_111)
FN:1334,(anonymous_112)
FN:1394,(anonymous_113)
FN:1410,(anonymous_114)
FN:1429,(anonymous_115)
FN:1460,(anonymous_116)
FN:1466,(anonymous_117)
FN:1474,(anonymous_118)
FN:1479,complete
FN:1504,(anonymous_120)
FN:1511,(anonymous_121)
FN:1515,(anonymous_122)
FN:1533,(anonymous_123)
FN:1541,(anonymous_124)
FN:1569,(anonymous_125)
FN:1580,(anonymous_126)
FN:1586,(anonymous_127)
FN:1590,(anonymous_128)
FN:1594,(anonymous_129)
FN:1598,(anonymous_130)
FN:1602,(anonymous_131)
FN:1606,(anonymous_132)
FN:1619,(anonymous_133)
FN:1622,(anonymous_134)
FN:1631,Plugin
FN:1632,(anonymous_136)
FN:1658,(anonymous_137)
FN:1674,(anonymous_138)
FN:1680,(anonymous_139)
FN:1703,(anonymous_140)
FN:1707,(anonymous_141)
FN:1724,(anonymous_142)
FN:1728,(anonymous_143)
FN:1738,(anonymous_144)
FN:1742,(anonymous_145)
FN:1751,Plugin
FN:1752,(anonymous_147)
FN:1778,(anonymous_148)
FN:1794,(anonymous_149)
FN:1800,ScrollSpy
FN:1823,(anonymous_151)
FN:1827,(anonymous_152)
FN:1844,(anonymous_153)
FN:1854,(anonymous_154)
FN:1855,(anonymous_155)
FN:1861,(anonymous_156)
FN:1891,(anonymous_157)
FN:1913,(anonymous_158)
FN:1923,Plugin
FN:1924,(anonymous_160)
FN:1943,(anonymous_161)
FN:1952,(anonymous_162)
FN:1953,(anonymous_163)
FN:1970,(anonymous_164)
FN:1976,(anonymous_165)
FN:1984,(anonymous_166)
FN:2012,(anonymous_167)
FN:2024,(anonymous_168)
FN:2030,next
FN:2076,Plugin
FN:2077,(anonymous_171)
FN:2095,(anonymous_172)
FN:2104,(anonymous_173)
FN:2124,(anonymous_174)
FN:2130,(anonymous_175)
FN:2154,(anonymous_176)
FN:2176,(anonymous_177)
FN:2184,(anonymous_178)
FN:2188,(anonymous_179)
FN:2233,Plugin
FN:2234,(anonymous_181)
FN:2253,(anonymous_182)
FN:2262,(anonymous_183)
FN:2263,(anonymous_184)
FNF:184
FNH:0
FNDA:0,(anonymous_1)
FNDA:0,(anonymous_2)
FNDA:0,transitionEnd
FNDA:0,(anonymous_4)
FNDA:0,(anonymous_5)
FNDA:0,(anonymous_6)
FNDA:0,(anonymous_7)
FNDA:0,(anonymous_8)
FNDA:0,(anonymous_9)
FNDA:0,(anonymous_10)
FNDA:0,(anonymous_11)
FNDA:0,removeElement
FNDA:0,Plugin
FNDA:0,(anonymous_14)
FNDA:0,(anonymous_15)
FNDA:0,(anonymous_16)
FNDA:0,(anonymous_17)
FNDA:0,(anonymous_18)
FNDA:0,(anonymous_19)
FNDA:0,(anonymous_20)
FNDA:0,Plugin
FNDA:0,(anonymous_22)
FNDA:0,(anonymous_23)
FNDA:0,(anonymous_24)
FNDA:0,(anonymous_25)
FNDA:0,(anonymous_26)
FNDA:0,(anonymous_27)
FNDA:0,(anonymous_28)
FNDA:0,(anonymous_29)
FNDA:0,(anonymous_30)
FNDA:0,(anonymous_31)
FNDA:0,(anonymous_32)
FNDA:0,(anonymous_33)
FNDA:0,(anonymous_34)
FNDA:0,(anonymous_35)
FNDA:0,(anonymous_36)
FNDA:0,(anonymous_37)
FNDA:0,(anonymous_38)
FNDA:0,(anonymous_39)
FNDA:0,Plugin
FNDA:0,(anonymous_41)
FNDA:0,(anonymous_42)
FNDA:0,(anonymous_43)
FNDA:0,(anonymous_44)
FNDA:0,(anonymous_45)
FNDA:0,(anonymous_46)
FNDA:0,(anonymous_47)
FNDA:0,(anonymous_48)
FNDA:0,(anonymous_49)
FNDA:0,(anonymous_50)
FNDA:0,(anonymous_51)
FNDA:0,(anonymous_52)
FNDA:0,(anonymous_53)
FNDA:0,(anonymous_54)
FNDA:0,(anonymous_55)
FNDA:0,(anonymous_56)
FNDA:0,getTargetFromTrigger
FNDA:0,Plugin
FNDA:0,(anonymous_59)
FNDA:0,(anonymous_60)
FNDA:0,(anonymous_61)
FNDA:0,(anonymous_62)
FNDA:0,(anonymous_63)
FNDA:0,(anonymous_64)
FNDA:0,(anonymous_65)
FNDA:0,clearMenus
FNDA:0,(anonymous_67)
FNDA:0,getParent
FNDA:0,Plugin
FNDA:0,(anonymous_70)
FNDA:0,(anonymous_71)
FNDA:0,(anonymous_72)
FNDA:0,(anonymous_73)
FNDA:0,(anonymous_74)
FNDA:0,(anonymous_75)
FNDA:0,(anonymous_76)
FNDA:0,(anonymous_77)
FNDA:0,(anonymous_78)
FNDA:0,(anonymous_79)
FNDA:0,(anonymous_80)
FNDA:0,(anonymous_81)
FNDA:0,(anonymous_82)
FNDA:0,(anonymous_83)
FNDA:0,(anonymous_84)
FNDA:0,(anonymous_85)
FNDA:0,(anonymous_86)
FNDA:0,(anonymous_87)
FNDA:0,(anonymous_88)
FNDA:0,(anonymous_89)
FNDA:0,(anonymous_90)
FNDA:0,(anonymous_91)
FNDA:0,(anonymous_92)
FNDA:0,(anonymous_93)
FNDA:0,(anonymous_94)
FNDA:0,Plugin
FNDA:0,(anonymous_96)
FNDA:0,(anonymous_97)
FNDA:0,(anonymous_98)
FNDA:0,(anonymous_99)
FNDA:0,(anonymous_100)
FNDA:0,(anonymous_101)
FNDA:0,(anonymous_102)
FNDA:0,(anonymous_103)
FNDA:0,(anonymous_104)
FNDA:0,(anonymous_105)
FNDA:0,(anonymous_106)
FNDA:0,(anonymous_107)
FNDA:0,(anonymous_108)
FNDA:0,(anonymous_109)
FNDA:0,(anonymous_110)
FNDA:0,(anonymous_111)
FNDA:0,(anonymous_112)
FNDA:0,(anonymous_113)
FNDA:0,(anonymous_114)
FNDA:0,(anonymous_115)
FNDA:0,(anonymous_116)
FNDA:0,(anonymous_117)
FNDA:0,(anonymous_118)
FNDA:0,complete
FNDA:0,(anonymous_120)
FNDA:0,(anonymous_121)
FNDA:0,(anonymous_122)
FNDA:0,(anonymous_123)
FNDA:0,(anonymous_124)
FNDA:0,(anonymous_125)
FNDA:0,(anonymous_126)
FNDA:0,(anonymous_127)
FNDA:0,(anonymous_128)
FNDA:0,(anonymous_129)
FNDA:0,(anonymous_130)
FNDA:0,(anonymous_131)
FNDA:0,(anonymous_132)
FNDA:0,(anonymous_133)
FNDA:0,(anonymous_134)
FNDA:0,Plugin
FNDA:0,(anonymous_136)
FNDA:0,(anonymous_137)
FNDA:0,(anonymous_138)
FNDA:0,(anonymous_139)
FNDA:0,(anonymous_140)
FNDA:0,(anonymous_141)
FNDA:0,(anonymous_142)
FNDA:0,(anonymous_143)
FNDA:0,(anonymous_144)
FNDA:0,(anonymous_145)
FNDA:0,Plugin
FNDA:0,(anonymous_147)
FNDA:0,(anonymous_148)
FNDA:0,(anonymous_149)
FNDA:0,ScrollSpy
FNDA:0,(anonymous_151)
FNDA:0,(anonymous_152)
FNDA:0,(anonymous_153)
FNDA:0,(anonymous_154)
FNDA:0,(anonymous_155)
FNDA:0,(anonymous_156)
FNDA:0,(anonymous_157)
FNDA:0,(anonymous_158)
FNDA:0,Plugin
FNDA:0,(anonymous_160)
FNDA:0,(anonymous_161)
FNDA:0,(anonymous_162)
FNDA:0,(anonymous_163)
FNDA:0,(anonymous_164)
FNDA:0,(anonymous_165)
FNDA:0,(anonymous_166)
FNDA:0,(anonymous_167)
FNDA:0,(anonymous_168)
FNDA:0,next
FNDA:0,Plugin
FNDA:0,(anonymous_171)
FNDA:0,(anonymous_172)
FNDA:0,(anonymous_173)
FNDA:0,(anonymous_174)
FNDA:0,(anonymous_175)
FNDA:0,(anonymous_176)
FNDA:0,(anonymous_177)
FNDA:0,(anonymous_178)
FNDA:0,(anonymous_179)
FNDA:0,Plugin
FNDA:0,(anonymous_181)
FNDA:0,(anonymous_182)
FNDA:0,(anonymous_183)
FNDA:0,(anonymous_184)
DA:7,0
DA:8,0
DA:11,0
DA:12,0
DA:13,0
DA:14,0
DA:27,0
DA:33,0
DA:34,0
DA:36,0
DA:43,0
DA:44,0
DA:45,0
DA:49,0
DA:53,0
DA:54,0
DA:55,0
DA:56,0
DA:57,0
DA:58,0
DA:59,0
DA:62,0
DA:63,0
DA:65,0
DA:67,0
DA:71,0
DA:87,0
DA:93,0
DA:94,0
DA:95,0
DA:98,0
DA:100,0
DA:102,0
DA:103,0
DA:104,0
DA:106,0
DA:107,0
DA:108,0
DA:111,0
DA:113,0
DA:115,0
DA:116,0
DA:119,0
DA:121,0
DA:123,0
DA:125,0
DA:127,0
DA:130,0
DA:141,0
DA:142,0
DA:143,0
DA:144,0
DA:146,0
DA:147,0
DA:151,0
DA:153,0
DA:154,0
DA:160,0
DA:161,0
DA:162,0
DA:169,0
DA:182,0
DA:188,0
DA:189,0
DA:190,0
DA:191,0
DA:194,0
DA:196,0
DA:200,0
DA:201,0
DA:202,0
DA:203,0
DA:204,0
DA:206,0
DA:208,0
DA:211,0
DA:212,0
DA:214,0
DA:215,0
DA:216,0
DA:217,0
DA:218,0
DA:219,0
DA:224,0
DA:225,0
DA:226,0
DA:228,0
DA:229,0
DA:230,0
DA:231,0
DA:232,0
DA:234,0
DA:236,0
DA:239,0
DA:246,0
DA:247,0
DA:248,0
DA:249,0
DA:250,0
DA:252,0
DA:254,0
DA:255,0
DA:259,0
DA:261,0
DA:262,0
DA:268,0
DA:269,0
DA:270,0
DA:277,0
DA:279,0
DA:280,0
DA:281,0
DA:282,0
DA:285,0
DA:299,0
DA:305,0
DA:306,0
DA:307,0
DA:308,0
DA:309,0
DA:315,0
DA:317,0
DA:322,0
DA:324,0
DA:326,0
DA:333,0
DA:334,0
DA:335,0
DA:336,0
DA:337,0
DA:340,0
DA:343,0
DA:344,0
DA:346,0
DA:348,0
DA:352,0
DA:355,0
DA:356,0
DA:357,0
DA:360,0
DA:361,0
DA:362,0
DA:363,0
DA:364,0
DA:367,0
DA:368,0
DA:369,0
DA:371,0
DA:373,0
DA:374,0
DA:376,0
DA:379,0
DA:380,0
DA:382,0
DA:383,0
DA:384,0
DA:387,0
DA:389,0
DA:392,0
DA:393,0
DA:394,0
DA:397,0
DA:398,0
DA:399,0
DA:402,0
DA:403,0
DA:404,0
DA:405,0
DA:406,0
DA:407,0
DA:408,0
DA:410,0
DA:411,0
DA:412,0
DA:415,0
DA:417,0
DA:418,0
DA:422,0
DA:423,0
DA:425,0
DA:427,0
DA:429,0
DA:430,0
DA:431,0
DA:432,0
DA:435,0
DA:436,0
DA:437,0
DA:438,0
DA:439,0
DA:440,0
DA:441,0
DA:443,0
DA:444,0
DA:445,0
DA:446,0
DA:447,0
DA:452,0
DA:453,0
DA:454,0
DA:455,0
DA:458,0
DA:460,0
DA:467,0
DA:468,0
DA:469,0
DA:470,0
DA:471,0
DA:472,0
DA:474,0
DA:475,0
DA:476,0
DA:477,0
DA:481,0
DA:483,0
DA:484,0
DA:490,0
DA:491,0
DA:492,0
DA:499,0
DA:500,0
DA:501,0
DA:502,0
DA:503,0
DA:504,0
DA:505,0
DA:506,0
DA:508,0
DA:510,0
DA:511,0
DA:514,0
DA:517,0
DA:521,0
DA:522,0
DA:523,0
DA:524,0
DA:539,0
DA:545,0
DA:546,0
DA:547,0
DA:548,0
DA:549,0
DA:551,0
DA:552,0
DA:554,0
DA:557,0
DA:560,0
DA:562,0
DA:564,0
DA:569,0
DA:570,0
DA:571,0
DA:574,0
DA:575,0
DA:577,0
DA:578,0
DA:580,0
DA:581,0
DA:582,0
DA:585,0
DA:586,0
DA:587,0
DA:589,0
DA:590,0
DA:591,0
DA:594,0
DA:596,0
DA:601,0
DA:605,0
DA:607,0
DA:608,0
DA:611,0
DA:612,0
DA:616,0
DA:618,0
DA:620,0
DA:625,0
DA:626,0
DA:628,0
DA:629,0
DA:630,0
DA:632,0
DA:634,0
DA:636,0
DA:641,0
DA:645,0
DA:647,0
DA:648,0
DA:649,0
DA:655,0
DA:657,0
DA:663,0
DA:664,0
DA:667,0
DA:668,0
DA:671,0
DA:672,0
DA:677,0
DA:678,0
DA:680,0
DA:681,0
DA:686,0
DA:687,0
DA:688,0
DA:691,0
DA:698,0
DA:699,0
DA:700,0
DA:701,0
DA:702,0
DA:704,0
DA:705,0
DA:706,0
DA:710,0
DA:712,0
DA:713,0
DA:719,0
DA:720,0
DA:721,0
DA:728,0
DA:729,0
DA:731,0
DA:733,0
DA:734,0
DA:735,0
DA:737,0
DA:751,0
DA:757,0
DA:758,0
DA:759,0
DA:760,0
DA:763,0
DA:765,0
DA:766,0
DA:768,0
DA:770,0
DA:771,0
DA:773,0
DA:775,0
DA:776,0
DA:778,0
DA:781,0
DA:782,0
DA:784,0
DA:786,0
DA:790,0
DA:795,0
DA:798,0
DA:799,0
DA:801,0
DA:803,0
DA:804,0
DA:806,0
DA:808,0
DA:809,0
DA:811,0
DA:812,0
DA:813,0
DA:816,0
DA:817,0
DA:819,0
DA:821,0
DA:823,0
DA:824,0
DA:825,0
DA:827,0
DA:830,0
DA:831,0
DA:832,0
DA:833,0
DA:834,0
DA:835,0
DA:836,0
DA:838,0
DA:840,0
DA:842,0
DA:844,0
DA:845,0
DA:849,0
DA:850,0
DA:852,0
DA:853,0
DA:854,0
DA:857,0
DA:859,0
DA:866,0
DA:867,0
DA:868,0
DA:869,0
DA:871,0
DA:872,0
DA:876,0
DA:878,0
DA:879,0
DA:885,0
DA:886,0
DA:887,0
DA:894,0
DA:896,0
DA:913,0
DA:919,0
DA:920,0
DA:921,0
DA:922,0
DA:923,0
DA:925,0
DA:927,0
DA:928,0
DA:931,0
DA:936,0
DA:938,0
DA:939,0
DA:941,0
DA:947,0
DA:948,0
DA:951,0
DA:952,0
DA:953,0
DA:955,0
DA:957,0
DA:959,0
DA:961,0
DA:962,0
DA:964,0
DA:965,0
DA:967,0
DA:969,0
DA:970,0
DA:972,0
DA:973,0
DA:976,0
DA:980,0
DA:981,0
DA:984,0
DA:988,0
DA:990,0
DA:992,0
DA:995,0
DA:1002,0
DA:1003,0
DA:1005,0
DA:1007,0
DA:1009,0
DA:1011,0
DA:1013,0
DA:1015,0
DA:1017,0
DA:1022,0
DA:1029,0
DA:1030,0
DA:1033,0
DA:1034,0
DA:1039,0
DA:1040,0
DA:1041,0
DA:1042,0
DA:1044,0
DA:1045,0
DA:1049,0
DA:1050,0
DA:1051,0
DA:1052,0
DA:1053,0
DA:1054,0
DA:1055,0
DA:1059,0
DA:1060,0
DA:1061,0
DA:1064,0
DA:1065,0
DA:1066,0
DA:1068,0
DA:1069,0
DA:1071,0
DA:1074,0
DA:1075,0
DA:1080,0
DA:1082,0
DA:1084,0
DA:1086,0
DA:1092,0
DA:1093,0
DA:1095,0
DA:1096,0
DA:1097,0
DA:1099,0
DA:1105,0
DA:1106,0
DA:1110,0
DA:1111,0
DA:1114,0
DA:1115,0
DA:1116,0
DA:1119,0
DA:1120,0
DA:1123,0
DA:1124,0
DA:1125,0
DA:1126,0
DA:1127,0
DA:1128,0
DA:1129,0
DA:1130,0
DA:1137,0
DA:1138,0
DA:1139,0
DA:1140,0
DA:1141,0
DA:1143,0
DA:1144,0
DA:1145,0
DA:1149,0
DA:1151,0
DA:1152,0
DA:1158,0
DA:1159,0
DA:1160,0
DA:1167,0
DA:1168,0
DA:1169,0
DA:1170,0
DA:1171,0
DA:1173,0
DA:1175,0
DA:1176,0
DA:1177,0
DA:1178,0
DA:1181,0
DA:1196,0
DA:1202,0
DA:1203,0
DA:1210,0
DA:1213,0
DA:1215,0
DA:1217,0
DA:1233,0
DA:1234,0
DA:1235,0
DA:1236,0
DA:1237,0
DA:1238,0
DA:1240,0
DA:1242,0
DA:1243,0
DA:1245,0
DA:1246,0
DA:1247,0
DA:1248,0
DA:1249,0
DA:1251,0
DA:1252,0
DA:1256,0
DA:1261,0
DA:1262,0
DA:1265,0
DA:1266,0
DA:1268,0
DA:1269,0
DA:1275,0
DA:1278,0
DA:1279,0
DA:1280,0
DA:1282,0
DA:1283,0
DA:1286,0
DA:1289,0
DA:1290,0
DA:1293,0
DA:1294,0
DA:1295,0
DA:1298,0
DA:1299,0
DA:1300,0
DA:1303,0
DA:1305,0
DA:1307,0
DA:1309,0
DA:1310,0
DA:1314,0
DA:1315,0
DA:1318,0
DA:1319,0
DA:1320,0
DA:1323,0
DA:1325,0
DA:1327,0
DA:1329,0
DA:1330,0
DA:1334,0
DA:1335,0
DA:1337,0
DA:1338,0
DA:1340,0
DA:1341,0
DA:1342,0
DA:1344,0
DA:1346,0
DA:1348,0
DA:1349,0
DA:1350,0
DA:1352,0
DA:1354,0
DA:1358,0
DA:1359,0
DA:1360,0
DA:1362,0
DA:1368,0
DA:1370,0
DA:1371,0
DA:1372,0
DA:1374,0
DA:1375,0
DA:1376,0
DA:1377,0
DA:1379,0
DA:1385,0
DA:1390,0
DA:1392,0
DA:1394,0
DA:1395,0
DA:1396,0
DA:1397,0
DA:1399,0
DA:1402,0
DA:1410,0
DA:1411,0
DA:1412,0
DA:1413,0
DA:1416,0
DA:1417,0
DA:1420,0
DA:1421,0
DA:1423,0
DA:1424,0
DA:1428,0
DA:1430,0
DA:1437,0
DA:1440,0
DA:1441,0
DA:1443,0
DA:1444,0
DA:1447,0
DA:1449,0
DA:1450,0
DA:1452,0
DA:1453,0
DA:1454,0
DA:1456,0
DA:1457,0
DA:1460,0
DA:1461,0
DA:1466,0
DA:1467,0
DA:1468,0
DA:1470,0
DA:1471,0
DA:1474,0
DA:1475,0
DA:1476,0
DA:1477,0
DA:1479,0
DA:1480,0
DA:1481,0
DA:1484,0
DA:1487,0
DA:1489,0
DA:1491,0
DA:1493,0
DA:1499,0
DA:1501,0
DA:1504,0
DA:1505,0
DA:1506,0
DA:1507,0
DA:1511,0
DA:1512,0
DA:1515,0
DA:1516,0
DA:1518,0
DA:1519,0
DA:1521,0
DA:1522,0
DA:1524,0
DA:1526,0
DA:1527,0
DA:1528,0
DA:1530,0
DA:1533,0
DA:1534,0
DA:1541,0
DA:1542,0
DA:1543,0
DA:1545,0
DA:1546,0
DA:1548,0
DA:1549,0
DA:1550,0
DA:1551,0
DA:1552,0
DA:1553,0
DA:1554,0
DA:1557,0
DA:1558,0
DA:1559,0
DA:1560,0
DA:1561,0
DA:1562,0
DA:1566,0
DA:1569,0
DA:1570,0
DA:1571,0
DA:1572,0
DA:1574,0
DA:1577,0
DA:1580,0
DA:1581,0
DA:1583,0
DA:1586,0
DA:1587,0
DA:1590,0
DA:1591,0
DA:1594,0
DA:1595,0
DA:1598,0
DA:1599,0
DA:1602,0
DA:1603,0
DA:1606,0
DA:1607,0
DA:1608,0
DA:1609,0
DA:1610,0
DA:1611,0
DA:1612,0
DA:1616,0
DA:1619,0
DA:1620,0
DA:1621,0
DA:1622,0
DA:1623,0
DA:1631,0
DA:1632,0
DA:1633,0
DA:1634,0
DA:1635,0
DA:1636,0
DA:1638,0
DA:1639,0
DA:1640,0
DA:1641,0
DA:1643,0
DA:1645,0
DA:1649,0
DA:1651,0
DA:1652,0
DA:1658,0
DA:1659,0
DA:1660,0
DA:1674,0
DA:1680,0
DA:1681,0
DA:1684,0
DA:1686,0
DA:1688,0
DA:1699,0
DA:1701,0
DA:1703,0
DA:1704,0
DA:1707,0
DA:1708,0
DA:1709,0
DA:1710,0
DA:1712,0
DA:1713,0
DA:1717,0
DA:1721,0
DA:1724,0
DA:1725,0
DA:1728,0
DA:1729,0
DA:1730,0
DA:1732,0
DA:1738,0
DA:1739,0
DA:1742,0
DA:1743,0
DA:1744,0
DA:1751,0
DA:1752,0
DA:1753,0
DA:1754,0
DA:1755,0
DA:1756,0
DA:1758,0
DA:1759,0
DA:1760,0
DA:1761,0
DA:1763,0
DA:1765,0
DA:1769,0
DA:1771,0
DA:1772,0
DA:1778,0
DA:1779,0
DA:1780,0
DA:1794,0
DA:1800,0
DA:1801,0
DA:1803,0
DA:1804,0
DA:1805,0
DA:1806,0
DA:1807,0
DA:1808,0
DA:1809,0
DA:1810,0
DA:1812,0
DA:1813,0
DA:1814,0
DA:1817,0
DA:1819,0
DA:1823,0
DA:1824,0
DA:1827,0
DA:1828,0
DA:1829,0
DA:1831,0
DA:1832,0
DA:1833,0
DA:1836,0
DA:1837,0
DA:1838,0
DA:1840,0
DA:1842,0
DA:1845,0
DA:1846,0
DA:1847,0
DA:1849,0
DA:1854,0
DA:1856,0
DA:1857,0
DA:1861,0
DA:1862,0
DA:1863,0
DA:1864,0
DA:1865,0
DA:1866,0
DA:1867,0
DA:1868,0
DA:1870,0
DA:1871,0
DA:1874,0
DA:1875,0
DA:1878,0
DA:1879,0
DA:1880,0
DA:1883,0
DA:1884,0
DA:1891,0
DA:1892,0
DA:1894,0
DA:1896,0
DA:1900,0
DA:1904,0
DA:1905,0
DA:1910,0
DA:1913,0
DA:1914,0
DA:1923,0
DA:1924,0
DA:1925,0
DA:1926,0
DA:1927,0
DA:1929,0
DA:1930,0
DA:1934,0
DA:1936,0
DA:1937,0
DA:1943,0
DA:1944,0
DA:1945,0
DA:1952,0
DA:1953,0
DA:1954,0
DA:1955,0
DA:1970,0
DA:1976,0
DA:1977,0
DA:1980,0
DA:1982,0
DA:1984,0
DA:1985,0
DA:1986,0
DA:1987,0
DA:1989,0
DA:1990,0
DA:1991,0
DA:1994,0
DA:1996,0
DA:1997,0
DA:2000,0
DA:2004,0
DA:2005,0
DA:2007,0
DA:2009,0
DA:2011,0
DA:2012,0
DA:2013,0
DA:2017,0
DA:2024,0
DA:2025,0
DA:2026,0
DA:2030,0
DA:2031,0
DA:2039,0
DA:2044,0
DA:2045,0
DA:2046,0
DA:2048,0
DA:2051,0
DA:2052,0
DA:2060,0
DA:2063,0
DA:2069,0
DA:2076,0
DA:2077,0
DA:2078,0
DA:2079,0
DA:2081,0
DA:2082,0
DA:2086,0
DA:2088,0
DA:2089,0
DA:2095,0
DA:2096,0
DA:2097,0
DA:2104,0
DA:2105,0
DA:2106,0
DA:2109,0
DA:2124,0
DA:2130,0
DA:2131,0
DA:2133,0
DA:2137,0
DA:2138,0
DA:2142,0
DA:2145,0
DA:2147,0
DA:2149,0
DA:2154,0
DA:2155,0
DA:2156,0
DA:2157,0
DA:2159,0
DA:2161,0
DA:2162,0
DA:2163,0
DA:2166,0
DA:2167,0
DA:2168,0
DA:2170,0
DA:2171,0
DA:2173,0
DA:2176,0
DA:2177,0
DA:2178,0
DA:2179,0
DA:2180,0
DA:2181,0
DA:2184,0
DA:2185,0
DA:2188,0
DA:2189,0
DA:2191,0
DA:2192,0
DA:2193,0
DA:2194,0
DA:2195,0
DA:2197,0
DA:2198,0
DA:2199,0
DA:2201,0
DA:2203,0
DA:2204,0
DA:2206,0
DA:2207,0
DA:2209,0
DA:2211,0
DA:2213,0
DA:2214,0
DA:2216,0
DA:2222,0
DA:2223,0
DA:2233,0
DA:2234,0
DA:2235,0
DA:2236,0
DA:2237,0
DA:2239,0
DA:2240,0
DA:2244,0
DA:2246,0
DA:2247,0
DA:2253,0
DA:2254,0
DA:2255,0
DA:2262,0
DA:2263,0
DA:2264,0
DA:2265,0
DA:2267,0
DA:2269,0
DA:2270,0
DA:2272,0
LF:1015
LH:0
BRDA:7,1,0,0
BRDA:7,1,1,0
BRDA:13,2,0,0
BRDA:13,2,1,0
BRDA:13,3,0,0
BRDA:13,3,1,0
BRDA:13,3,2,0
BRDA:13,3,3,0
BRDA:13,3,4,0
BRDA:44,4,0,0
BRDA:44,4,1,0
BRDA:57,5,0,0
BRDA:57,5,1,0
BRDA:65,6,0,0
BRDA:65,6,1,0
BRDA:71,7,0,0
BRDA:71,7,1,0
BRDA:106,8,0,0
BRDA:106,8,1,0
BRDA:108,9,0,0
BRDA:108,9,1,0
BRDA:113,10,0,0
BRDA:113,10,1,0
BRDA:115,11,0,0
BRDA:115,11,1,0
BRDA:121,12,0,0
BRDA:121,12,1,0
BRDA:130,13,0,0
BRDA:130,13,1,0
BRDA:130,14,0,0
BRDA:130,14,1,0
BRDA:146,15,0,0
BRDA:146,15,1,0
BRDA:147,16,0,0
BRDA:147,16,1,0
BRDA:203,17,0,0
BRDA:203,17,1,0
BRDA:208,18,0,0
BRDA:208,18,1,0
BRDA:212,19,0,0
BRDA:212,19,1,0
BRDA:214,20,0,0
BRDA:214,20,1,0
BRDA:217,21,0,0
BRDA:217,21,1,0
BRDA:228,22,0,0
BRDA:228,22,1,0
BRDA:230,23,0,0
BRDA:230,23,1,0
BRDA:231,24,0,0
BRDA:231,24,1,0
BRDA:231,25,0,0
BRDA:231,25,1,0
BRDA:234,26,0,0
BRDA:234,26,1,0
BRDA:239,27,0,0
BRDA:239,27,1,0
BRDA:250,28,0,0
BRDA:250,28,1,0
BRDA:252,29,0,0
BRDA:252,29,1,0
BRDA:254,30,0,0
BRDA:254,30,1,0
BRDA:255,31,0,0
BRDA:255,31,1,0
BRDA:280,32,0,0
BRDA:280,32,1,0
BRDA:315,33,0,0
BRDA:315,33,1,0
BRDA:317,34,0,0
BRDA:317,34,1,0
BRDA:317,34,2,0
BRDA:334,35,0,0
BRDA:334,35,1,0
BRDA:334,35,2,0
BRDA:344,36,0,0
BRDA:344,36,1,0
BRDA:346,37,0,0
BRDA:346,37,1,0
BRDA:348,38,0,0
BRDA:348,38,1,0
BRDA:348,38,2,0
BRDA:357,39,0,0
BRDA:357,39,1,0
BRDA:361,40,0,0
BRDA:361,40,1,0
BRDA:371,41,0,0
BRDA:371,41,1,0
BRDA:371,42,0,0
BRDA:371,42,1,0
BRDA:373,43,0,0
BRDA:373,43,1,0
BRDA:374,44,0,0
BRDA:374,44,1,0
BRDA:376,45,0,0
BRDA:376,45,1,0
BRDA:380,46,0,0
BRDA:380,46,1,0
BRDA:382,47,0,0
BRDA:382,47,1,0
BRDA:382,48,0,0
BRDA:382,48,1,0
BRDA:393,49,0,0
BRDA:393,49,1,0
BRDA:398,50,0,0
BRDA:398,50,1,0
BRDA:404,51,0,0
BRDA:404,51,1,0
BRDA:406,52,0,0
BRDA:406,52,1,0
BRDA:407,53,0,0
BRDA:407,53,1,0
BRDA:410,54,0,0
BRDA:410,54,1,0
BRDA:411,55,0,0
BRDA:411,55,1,0
BRDA:415,56,0,0
BRDA:415,56,1,0
BRDA:423,57,0,0
BRDA:423,57,1,0
BRDA:427,58,0,0
BRDA:427,58,1,0
BRDA:429,59,0,0
BRDA:429,59,1,0
BRDA:432,60,0,0
BRDA:432,60,1,0
BRDA:436,61,0,0
BRDA:436,61,1,0
BRDA:436,62,0,0
BRDA:436,62,1,0
BRDA:458,63,0,0
BRDA:458,63,1,0
BRDA:471,64,0,0
BRDA:471,64,1,0
BRDA:472,65,0,0
BRDA:472,65,1,0
BRDA:474,66,0,0
BRDA:474,66,1,0
BRDA:475,67,0,0
BRDA:475,67,1,0
BRDA:476,68,0,0
BRDA:476,68,1,0
BRDA:477,69,0,0
BRDA:477,69,1,0
BRDA:502,70,0,0
BRDA:502,70,1,0
BRDA:502,70,2,0
BRDA:503,71,0,0
BRDA:503,71,1,0
BRDA:506,72,0,0
BRDA:506,72,1,0
BRDA:510,73,0,0
BRDA:510,73,1,0
BRDA:551,74,0,0
BRDA:551,74,1,0
BRDA:557,75,0,0
BRDA:557,75,1,0
BRDA:571,76,0,0
BRDA:571,76,1,0
BRDA:575,77,0,0
BRDA:575,77,1,0
BRDA:575,78,0,0
BRDA:575,78,1,0
BRDA:578,79,0,0
BRDA:578,79,1,0
BRDA:580,80,0,0
BRDA:580,80,1,0
BRDA:580,81,0,0
BRDA:580,81,1,0
BRDA:582,82,0,0
BRDA:582,82,1,0
BRDA:582,83,0,0
BRDA:582,83,1,0
BRDA:587,84,0,0
BRDA:587,84,1,0
BRDA:589,85,0,0
BRDA:589,85,1,0
BRDA:589,86,0,0
BRDA:589,86,1,0
BRDA:591,87,0,0
BRDA:591,87,1,0
BRDA:616,88,0,0
BRDA:616,88,1,0
BRDA:626,89,0,0
BRDA:626,89,1,0
BRDA:626,90,0,0
BRDA:626,90,1,0
BRDA:630,91,0,0
BRDA:630,91,1,0
BRDA:655,92,0,0
BRDA:655,92,1,0
BRDA:664,93,0,0
BRDA:664,93,1,0
BRDA:688,94,0,0
BRDA:688,94,1,0
BRDA:688,94,2,0
BRDA:702,95,0,0
BRDA:702,95,1,0
BRDA:704,96,0,0
BRDA:704,96,1,0
BRDA:704,97,0,0
BRDA:704,97,1,0
BRDA:704,97,2,0
BRDA:705,98,0,0
BRDA:705,98,1,0
BRDA:706,99,0,0
BRDA:706,99,1,0
BRDA:731,100,0,0
BRDA:731,100,1,0
BRDA:735,101,0,0
BRDA:735,101,1,0
BRDA:768,102,0,0
BRDA:768,102,1,0
BRDA:775,103,0,0
BRDA:775,103,1,0
BRDA:776,104,0,0
BRDA:776,104,1,0
BRDA:776,105,0,0
BRDA:776,105,1,0
BRDA:784,106,0,0
BRDA:784,106,1,0
BRDA:799,107,0,0
BRDA:799,107,1,0
BRDA:806,108,0,0
BRDA:806,108,1,0
BRDA:811,109,0,0
BRDA:811,109,1,0
BRDA:811,110,0,0
BRDA:811,110,1,0
BRDA:811,110,2,0
BRDA:811,110,3,0
BRDA:812,111,0,0
BRDA:812,111,1,0
BRDA:819,112,0,0
BRDA:819,112,1,0
BRDA:823,113,0,0
BRDA:823,113,1,0
BRDA:823,114,0,0
BRDA:823,114,1,0
BRDA:824,115,0,0
BRDA:824,115,1,0
BRDA:824,116,0,0
BRDA:824,116,1,0
BRDA:825,117,0,0
BRDA:825,117,1,0
BRDA:831,118,0,0
BRDA:831,118,1,0
BRDA:831,119,0,0
BRDA:831,119,1,0
BRDA:838,120,0,0
BRDA:838,120,1,0
BRDA:842,121,0,0
BRDA:842,121,1,0
BRDA:852,122,0,0
BRDA:852,122,1,0
BRDA:854,123,0,0
BRDA:854,123,1,0
BRDA:854,123,2,0
BRDA:857,124,0,0
BRDA:857,124,1,0
BRDA:859,125,0,0
BRDA:859,125,1,0
BRDA:859,126,0,0
BRDA:859,126,1,0
BRDA:871,127,0,0
BRDA:871,127,1,0
BRDA:872,128,0,0
BRDA:872,128,1,0
BRDA:927,129,0,0
BRDA:927,129,1,0
BRDA:948,130,0,0
BRDA:948,130,1,0
BRDA:957,131,0,0
BRDA:957,131,1,0
BRDA:957,132,0,0
BRDA:957,132,1,0
BRDA:970,133,0,0
BRDA:970,133,1,0
BRDA:972,134,0,0
BRDA:972,134,1,0
BRDA:980,135,0,0
BRDA:980,135,1,0
BRDA:992,136,0,0
BRDA:992,136,1,0
BRDA:1003,137,0,0
BRDA:1003,137,1,0
BRDA:1009,138,0,0
BRDA:1009,138,1,0
BRDA:1009,139,0,0
BRDA:1009,139,1,0
BRDA:1022,140,0,0
BRDA:1022,140,1,0
BRDA:1022,141,0,0
BRDA:1022,141,1,0
BRDA:1033,142,0,0
BRDA:1033,142,1,0
BRDA:1033,143,0,0
BRDA:1033,143,1,0
BRDA:1040,144,0,0
BRDA:1040,144,1,0
BRDA:1040,145,0,0
BRDA:1040,145,1,0
BRDA:1042,146,0,0
BRDA:1042,146,1,0
BRDA:1044,147,0,0
BRDA:1044,147,1,0
BRDA:1060,148,0,0
BRDA:1060,148,1,0
BRDA:1066,149,0,0
BRDA:1066,149,1,0
BRDA:1068,150,0,0
BRDA:1068,150,1,0
BRDA:1068,151,0,0
BRDA:1068,151,1,0
BRDA:1069,152,0,0
BRDA:1069,152,1,0
BRDA:1074,153,0,0
BRDA:1074,153,1,0
BRDA:1075,154,0,0
BRDA:1075,154,1,0
BRDA:1080,155,0,0
BRDA:1080,155,1,0
BRDA:1084,156,0,0
BRDA:1084,156,1,0
BRDA:1086,157,0,0
BRDA:1086,157,1,0
BRDA:1092,158,0,0
BRDA:1092,158,1,0
BRDA:1092,159,0,0
BRDA:1092,159,1,0
BRDA:1097,160,0,0
BRDA:1097,160,1,0
BRDA:1099,161,0,0
BRDA:1099,161,1,0
BRDA:1099,162,0,0
BRDA:1099,162,1,0
BRDA:1105,163,0,0
BRDA:1105,163,1,0
BRDA:1115,164,0,0
BRDA:1115,164,1,0
BRDA:1116,165,0,0
BRDA:1116,165,1,0
BRDA:1124,166,0,0
BRDA:1124,166,1,0
BRDA:1141,167,0,0
BRDA:1141,167,1,0
BRDA:1143,168,0,0
BRDA:1143,168,1,0
BRDA:1144,169,0,0
BRDA:1144,169,1,0
BRDA:1145,170,0,0
BRDA:1145,170,1,0
BRDA:1170,171,0,0
BRDA:1170,171,1,0
BRDA:1170,171,2,0
BRDA:1171,172,0,0
BRDA:1171,172,1,0
BRDA:1171,173,0,0
BRDA:1171,173,1,0
BRDA:1173,174,0,0
BRDA:1173,174,1,0
BRDA:1176,175,0,0
BRDA:1176,175,1,0
BRDA:1178,176,0,0
BRDA:1178,176,1,0
BRDA:1238,177,0,0
BRDA:1238,177,1,0
BRDA:1238,178,0,0
BRDA:1238,178,1,0
BRDA:1245,179,0,0
BRDA:1245,179,1,0
BRDA:1247,180,0,0
BRDA:1247,180,1,0
BRDA:1248,181,0,0
BRDA:1248,181,1,0
BRDA:1249,182,0,0
BRDA:1249,182,1,0
BRDA:1256,183,0,0
BRDA:1256,183,1,0
BRDA:1268,184,0,0
BRDA:1268,184,1,0
BRDA:1268,185,0,0
BRDA:1268,185,1,0
BRDA:1282,186,0,0
BRDA:1282,186,1,0
BRDA:1283,187,0,0
BRDA:1283,187,1,0
BRDA:1290,188,0,0
BRDA:1290,188,1,0
BRDA:1293,189,0,0
BRDA:1293,189,1,0
BRDA:1293,190,0,0
BRDA:1293,190,1,0
BRDA:1293,190,2,0
BRDA:1298,191,0,0
BRDA:1298,191,1,0
BRDA:1307,192,0,0
BRDA:1307,192,1,0
BRDA:1307,193,0,0
BRDA:1307,193,1,0
BRDA:1310,194,0,0
BRDA:1310,194,1,0
BRDA:1315,195,0,0
BRDA:1315,195,1,0
BRDA:1318,196,0,0
BRDA:1318,196,1,0
BRDA:1327,197,0,0
BRDA:1327,197,1,0
BRDA:1327,198,0,0
BRDA:1327,198,1,0
BRDA:1330,199,0,0
BRDA:1330,199,1,0
BRDA:1337,200,0,0
BRDA:1337,200,1,0
BRDA:1337,201,0,0
BRDA:1337,201,1,0
BRDA:1341,202,0,0
BRDA:1341,202,1,0
BRDA:1341,203,0,0
BRDA:1341,203,1,0
BRDA:1352,204,0,0
BRDA:1352,204,1,0
BRDA:1354,205,0,0
BRDA:1354,205,1,0
BRDA:1360,206,0,0
BRDA:1360,206,1,0
BRDA:1360,207,0,0
BRDA:1360,207,1,0
BRDA:1368,208,0,0
BRDA:1368,208,1,0
BRDA:1374,209,0,0
BRDA:1374,209,1,0
BRDA:1376,210,0,0
BRDA:1376,210,1,0
BRDA:1379,211,0,0
BRDA:1379,211,1,0
BRDA:1379,212,0,0
BRDA:1379,212,1,0
BRDA:1380,213,0,0
BRDA:1380,213,1,0
BRDA:1380,214,0,0
BRDA:1380,214,1,0
BRDA:1381,215,0,0
BRDA:1381,215,1,0
BRDA:1381,216,0,0
BRDA:1381,216,1,0
BRDA:1382,217,0,0
BRDA:1382,217,1,0
BRDA:1382,218,0,0
BRDA:1382,218,1,0
BRDA:1399,219,0,0
BRDA:1399,219,1,0
BRDA:1402,220,0,0
BRDA:1402,220,1,0
BRDA:1402,221,0,0
BRDA:1402,221,1,0
BRDA:1420,222,0,0
BRDA:1420,222,1,0
BRDA:1421,223,0,0
BRDA:1421,223,1,0
BRDA:1443,224,0,0
BRDA:1443,224,1,0
BRDA:1443,225,0,0
BRDA:1443,225,1,0
BRDA:1449,226,0,0
BRDA:1449,226,1,0
BRDA:1453,227,0,0
BRDA:1453,227,1,0
BRDA:1454,228,0,0
BRDA:1454,228,1,0
BRDA:1462,229,0,0
BRDA:1462,229,1,0
BRDA:1463,230,0,0
BRDA:1463,230,1,0
BRDA:1470,231,0,0
BRDA:1470,231,1,0
BRDA:1480,232,0,0
BRDA:1480,232,1,0
BRDA:1484,233,0,0
BRDA:1484,233,1,0
BRDA:1489,234,0,0
BRDA:1489,234,1,0
BRDA:1493,235,0,0
BRDA:1493,235,1,0
BRDA:1493,236,0,0
BRDA:1493,236,1,0
BRDA:1506,237,0,0
BRDA:1506,237,1,0
BRDA:1506,238,0,0
BRDA:1506,238,1,0
BRDA:1507,239,0,0
BRDA:1507,239,1,0
BRDA:1516,240,0,0
BRDA:1516,240,1,0
BRDA:1522,241,0,0
BRDA:1522,241,1,0
BRDA:1526,242,0,0
BRDA:1526,242,1,0
BRDA:1527,243,0,0
BRDA:1527,243,1,0
BRDA:1527,244,0,0
BRDA:1527,244,1,0
BRDA:1528,245,0,0
BRDA:1528,245,1,0
BRDA:1534,246,0,0
BRDA:1534,246,1,0
BRDA:1535,247,0,0
BRDA:1535,247,1,0
BRDA:1536,248,0,0
BRDA:1536,248,1,0
BRDA:1543,249,0,0
BRDA:1543,249,1,0
BRDA:1545,250,0,0
BRDA:1545,250,1,0
BRDA:1545,250,2,0
BRDA:1548,251,0,0
BRDA:1548,251,1,0
BRDA:1551,252,0,0
BRDA:1551,252,1,0
BRDA:1553,253,0,0
BRDA:1553,253,1,0
BRDA:1559,254,0,0
BRDA:1559,254,1,0
BRDA:1561,255,0,0
BRDA:1561,255,1,0
BRDA:1574,256,0,0
BRDA:1574,256,1,0
BRDA:1575,257,0,0
BRDA:1575,257,1,0
BRDA:1587,258,0,0
BRDA:1587,258,1,0
BRDA:1591,259,0,0
BRDA:1591,259,1,0
BRDA:1608,260,0,0
BRDA:1608,260,1,0
BRDA:1610,261,0,0
BRDA:1610,261,1,0
BRDA:1616,262,0,0
BRDA:1616,262,1,0
BRDA:1635,263,0,0
BRDA:1635,263,1,0
BRDA:1636,264,0,0
BRDA:1636,264,1,0
BRDA:1638,265,0,0
BRDA:1638,265,1,0
BRDA:1638,266,0,0
BRDA:1638,266,1,0
BRDA:1639,267,0,0
BRDA:1639,267,1,0
BRDA:1640,268,0,0
BRDA:1640,268,1,0
BRDA:1641,269,0,0
BRDA:1641,269,1,0
BRDA:1643,270,0,0
BRDA:1643,270,1,0
BRDA:1645,271,0,0
BRDA:1645,271,1,0
BRDA:1684,272,0,0
BRDA:1684,272,1,0
BRDA:1712,273,0,0
BRDA:1712,273,1,0
BRDA:1714,274,0,0
BRDA:1714,274,1,0
BRDA:1714,275,0,0
BRDA:1714,275,1,0
BRDA:1721,276,0,0
BRDA:1721,276,1,0
BRDA:1725,277,0,0
BRDA:1725,277,1,0
BRDA:1732,278,0,0
BRDA:1732,278,1,0
BRDA:1733,279,0,0
BRDA:1733,279,1,0
BRDA:1739,280,0,0
BRDA:1739,280,1,0
BRDA:1743,281,0,0
BRDA:1743,281,1,0
BRDA:1755,282,0,0
BRDA:1755,282,1,0
BRDA:1756,283,0,0
BRDA:1756,283,1,0
BRDA:1758,284,0,0
BRDA:1758,284,1,0
BRDA:1758,285,0,0
BRDA:1758,285,1,0
BRDA:1759,286,0,0
BRDA:1759,286,1,0
BRDA:1760,287,0,0
BRDA:1760,287,1,0
BRDA:1761,288,0,0
BRDA:1761,288,1,0
BRDA:1763,289,0,0
BRDA:1763,289,1,0
BRDA:1765,290,0,0
BRDA:1765,290,1,0
BRDA:1804,291,0,0
BRDA:1804,291,1,0
BRDA:1806,292,0,0
BRDA:1806,292,1,0
BRDA:1824,293,0,0
BRDA:1824,293,1,0
BRDA:1831,294,0,0
BRDA:1831,294,1,0
BRDA:1846,295,0,0
BRDA:1846,295,1,0
BRDA:1847,296,0,0
BRDA:1847,296,1,0
BRDA:1849,297,0,0
BRDA:1849,297,1,0
BRDA:1849,297,2,0
BRDA:1849,297,3,0
BRDA:1849,297,4,0
BRDA:1870,298,0,0
BRDA:1870,298,1,0
BRDA:1874,299,0,0
BRDA:1874,299,1,0
BRDA:1875,300,0,0
BRDA:1875,300,1,0
BRDA:1878,301,0,0
BRDA:1878,301,1,0
BRDA:1878,302,0,0
BRDA:1878,302,1,0
BRDA:1884,303,0,0
BRDA:1884,303,1,0
BRDA:1884,303,2,0
BRDA:1884,303,3,0
BRDA:1884,303,4,0
BRDA:1904,304,0,0
BRDA:1904,304,1,0
BRDA:1927,305,0,0
BRDA:1927,305,1,0
BRDA:1929,306,0,0
BRDA:1929,306,1,0
BRDA:1930,307,0,0
BRDA:1930,307,1,0
BRDA:1989,308,0,0
BRDA:1989,308,1,0
BRDA:1991,309,0,0
BRDA:1991,309,1,0
BRDA:1994,310,0,0
BRDA:1994,310,1,0
BRDA:2007,311,0,0
BRDA:2007,311,1,0
BRDA:2007,312,0,0
BRDA:2007,312,1,0
BRDA:2026,313,0,0
BRDA:2026,313,1,0
BRDA:2026,313,2,0
BRDA:2026,313,3,0
BRDA:2026,313,4,0
BRDA:2044,314,0,0
BRDA:2044,314,1,0
BRDA:2051,315,0,0
BRDA:2051,315,1,0
BRDA:2060,316,0,0
BRDA:2060,316,1,0
BRDA:2063,317,0,0
BRDA:2063,317,1,0
BRDA:2063,318,0,0
BRDA:2063,318,1,0
BRDA:2081,319,0,0
BRDA:2081,319,1,0
BRDA:2082,320,0,0
BRDA:2082,320,1,0
BRDA:2159,321,0,0
BRDA:2159,321,1,0
BRDA:2159,322,0,0
BRDA:2159,322,1,0
BRDA:2159,323,0,0
BRDA:2159,323,1,0
BRDA:2161,324,0,0
BRDA:2161,324,1,0
BRDA:2162,325,0,0
BRDA:2162,325,1,0
BRDA:2162,326,0,0
BRDA:2162,326,1,0
BRDA:2163,327,0,0
BRDA:2163,327,1,0
BRDA:2167,328,0,0
BRDA:2167,328,1,0
BRDA:2168,329,0,0
BRDA:2168,329,1,0
BRDA:2170,330,0,0
BRDA:2170,330,1,0
BRDA:2170,331,0,0
BRDA:2170,331,1,0
BRDA:2171,332,0,0
BRDA:2171,332,1,0
BRDA:2171,333,0,0
BRDA:2171,333,1,0
BRDA:2177,334,0,0
BRDA:2177,334,1,0
BRDA:2189,335,0,0
BRDA:2189,335,1,0
BRDA:2197,336,0,0
BRDA:2197,336,1,0
BRDA:2198,337,0,0
BRDA:2198,337,1,0
BRDA:2199,338,0,0
BRDA:2199,338,1,0
BRDA:2203,339,0,0
BRDA:2203,339,1,0
BRDA:2204,340,0,0
BRDA:2204,340,1,0
BRDA:2206,341,0,0
BRDA:2206,341,1,0
BRDA:2211,342,0,0
BRDA:2211,342,1,0
BRDA:2214,343,0,0
BRDA:2214,343,1,0
BRDA:2222,344,0,0
BRDA:2222,344,1,0
BRDA:2237,345,0,0
BRDA:2237,345,1,0
BRDA:2239,346,0,0
BRDA:2239,346,1,0
BRDA:2240,347,0,0
BRDA:2240,347,1,0
BRDA:2267,348,0,0
BRDA:2267,348,1,0
BRDA:2269,349,0,0
BRDA:2269,349,1,0
BRDA:2270,350,0,0
BRDA:2270,350,1,0
BRF:724
BRH:0
end_of_record
TN:
SF:/Users/duyvu/Documents/javascript/public/js/bootstrap.min.js
FN:6,(anonymous_1)
FN:6,(anonymous_2)
FN:6,b
FN:6,(anonymous_4)
FN:6,(anonymous_5)
FN:6,(anonymous_6)
FN:6,(anonymous_7)
FN:6,(anonymous_8)
FN:6,(anonymous_9)
FN:6,b
FN:6,(anonymous_11)
FN:6,(anonymous_12)
FN:6,(anonymous_13)
FN:6,c
FN:6,(anonymous_15)
FN:6,(anonymous_16)
FN:6,b
FN:6,(anonymous_18)
FN:6,(anonymous_19)
FN:6,(anonymous_20)
FN:6,(anonymous_21)
FN:6,(anonymous_22)
FN:6,(anonymous_23)
FN:6,(anonymous_24)
FN:6,(anonymous_25)
FN:6,(anonymous_26)
FN:6,b
FN:6,(anonymous_28)
FN:6,(anonymous_29)
FN:6,(anonymous_30)
FN:6,(anonymous_31)
FN:6,(anonymous_32)
FN:6,(anonymous_33)
FN:6,(anonymous_34)
FN:6,(anonymous_35)
FN:6,(anonymous_36)
FN:6,(anonymous_37)
FN:6,(anonymous_38)
FN:6,(anonymous_39)
FN:6,(anonymous_40)
FN:6,(anonymous_41)
FN:6,(anonymous_42)
FN:6,(anonymous_43)
FN:6,(anonymous_44)
FN:6,(anonymous_45)
FN:6,(anonymous_46)
FN:6,b
FN:6,c
FN:6,(anonymous_49)
FN:6,(anonymous_50)
FN:6,(anonymous_51)
FN:6,(anonymous_52)
FN:6,(anonymous_53)
FN:6,(anonymous_54)
FN:6,(anonymous_55)
FN:6,(anonymous_56)
FN:6,(anonymous_57)
FN:6,(anonymous_58)
FN:6,(anonymous_59)
FN:6,(anonymous_60)
FN:6,(anonymous_61)
FN:6,(anonymous_62)
FN:6,b
FN:6,(anonymous_64)
FN:6,c
FN:6,d
FN:6,(anonymous_67)
FN:6,(anonymous_68)
FN:6,(anonymous_69)
FN:6,(anonymous_70)
FN:6,(anonymous_71)
FN:6,(anonymous_72)
FN:6,(anonymous_73)
FN:6,b
FN:6,(anonymous_75)
FN:6,(anonymous_76)
FN:6,(anonymous_77)
FN:6,(anonymous_78)
FN:6,(anonymous_79)
FN:6,(anonymous_80)
FN:6,(anonymous_81)
FN:6,(anonymous_82)
FN:6,(anonymous_83)
FN:6,(anonymous_84)
FN:6,(anonymous_85)
FN:6,(anonymous_86)
FN:6,(anonymous_87)
FN:6,(anonymous_88)
FN:6,(anonymous_89)
FN:6,(anonymous_90)
FN:6,(anonymous_91)
FN:6,(anonymous_92)
FN:6,(anonymous_93)
FN:6,(anonymous_94)
FN:6,(anonymous_95)
FN:6,(anonymous_96)
FN:6,(anonymous_97)
FN:6,(anonymous_98)
FN:6,(anonymous_99)
FN:6,(anonymous_100)
FN:6,(anonymous_101)
FN:6,b
FN:6,(anonymous_103)
FN:6,(anonymous_104)
FN:6,(anonymous_105)
FN:6,(anonymous_106)
FN:6,(anonymous_107)
FN:6,(anonymous_108)
FN:6,(anonymous_109)
FN:6,(anonymous_110)
FN:6,(anonymous_111)
FN:6,(anonymous_112)
FN:6,(anonymous_113)
FN:6,(anonymous_114)
FN:6,(anonymous_115)
FN:6,(anonymous_116)
FN:6,(anonymous_117)
FN:6,(anonymous_118)
FN:6,(anonymous_119)
FN:6,(anonymous_120)
FN:6,d
FN:6,(anonymous_122)
FN:6,(anonymous_123)
FN:6,(anonymous_124)
FN:6,(anonymous_125)
FN:6,(anonymous_126)
FN:6,(anonymous_127)
FN:6,(anonymous_128)
FN:6,(anonymous_129)
FN:6,(anonymous_130)
FN:6,(anonymous_131)
FN:6,(anonymous_132)
FN:6,(anonymous_133)
FN:6,(anonymous_134)
FN:6,(anonymous_135)
FN:6,(anonymous_136)
FN:6,(anonymous_137)
FN:6,(anonymous_138)
FN:6,b
FN:6,(anonymous_140)
FN:6,(anonymous_141)
FN:6,(anonymous_142)
FN:6,(anonymous_143)
FN:6,(anonymous_144)
FN:6,(anonymous_145)
FN:6,(anonymous_146)
FN:6,(anonymous_147)
FN:6,(anonymous_148)
FN:6,(anonymous_149)
FN:6,b
FN:6,c
FN:6,(anonymous_152)
FN:6,(anonymous_153)
FN:6,(anonymous_154)
FN:6,(anonymous_155)
FN:6,(anonymous_156)
FN:6,(anonymous_157)
FN:6,(anonymous_158)
FN:6,(anonymous_159)
FN:6,(anonymous_160)
FN:6,(anonymous_161)
FN:6,(anonymous_162)
FN:6,(anonymous_163)
FN:6,(anonymous_164)
FN:6,b
FN:6,(anonymous_166)
FN:6,(anonymous_167)
FN:6,(anonymous_168)
FN:6,(anonymous_169)
FN:6,(anonymous_170)
FN:6,f
FN:6,(anonymous_172)
FN:6,(anonymous_173)
FN:7,(anonymous_174)
FN:7,b
FN:7,(anonymous_176)
FN:7,(anonymous_177)
FN:7,(anonymous_178)
FN:7,(anonymous_179)
FN:7,(anonymous_180)
FN:7,(anonymous_181)
FN:7,(anonymous_182)
FN:7,(anonymous_183)
FN:7,(anonymous_184)
FNF:184
FNH:0
FNDA:0,(anonymous_1)
FNDA:0,(anonymous_2)
FNDA:0,b
FNDA:0,(anonymous_4)
FNDA:0,(anonymous_5)
FNDA:0,(anonymous_6)
FNDA:0,(anonymous_7)
FNDA:0,(anonymous_8)
FNDA:0,(anonymous_9)
FNDA:0,b
FNDA:0,(anonymous_11)
FNDA:0,(anonymous_12)
FNDA:0,(anonymous_13)
FNDA:0,c
FNDA:0,(anonymous_15)
FNDA:0,(anonymous_16)
FNDA:0,b
FNDA:0,(anonymous_18)
FNDA:0,(anonymous_19)
FNDA:0,(anonymous_20)
FNDA:0,(anonymous_21)
FNDA:0,(anonymous_22)
FNDA:0,(anonymous_23)
FNDA:0,(anonymous_24)
FNDA:0,(anonymous_25)
FNDA:0,(anonymous_26)
FNDA:0,b
FNDA:0,(anonymous_28)
FNDA:0,(anonymous_29)
FNDA:0,(anonymous_30)
FNDA:0,(anonymous_31)
FNDA:0,(anonymous_32)
FNDA:0,(anonymous_33)
FNDA:0,(anonymous_34)
FNDA:0,(anonymous_35)
FNDA:0,(anonymous_36)
FNDA:0,(anonymous_37)
FNDA:0,(anonymous_38)
FNDA:0,(anonymous_39)
FNDA:0,(anonymous_40)
FNDA:0,(anonymous_41)
FNDA:0,(anonymous_42)
FNDA:0,(anonymous_43)
FNDA:0,(anonymous_44)
FNDA:0,(anonymous_45)
FNDA:0,(anonymous_46)
FNDA:0,b
FNDA:0,c
FNDA:0,(anonymous_49)
FNDA:0,(anonymous_50)
FNDA:0,(anonymous_51)
FNDA:0,(anonymous_52)
FNDA:0,(anonymous_53)
FNDA:0,(anonymous_54)
FNDA:0,(anonymous_55)
FNDA:0,(anonymous_56)
FNDA:0,(anonymous_57)
FNDA:0,(anonymous_58)
FNDA:0,(anonymous_59)
FNDA:0,(anonymous_60)
FNDA:0,(anonymous_61)
FNDA:0,(anonymous_62)
FNDA:0,b
FNDA:0,(anonymous_64)
FNDA:0,c
FNDA:0,d
FNDA:0,(anonymous_67)
FNDA:0,(anonymous_68)
FNDA:0,(anonymous_69)
FNDA:0,(anonymous_70)
FNDA:0,(anonymous_71)
FNDA:0,(anonymous_72)
FNDA:0,(anonymous_73)
FNDA:0,b
FNDA:0,(anonymous_75)
FNDA:0,(anonymous_76)
FNDA:0,(anonymous_77)
FNDA:0,(anonymous_78)
FNDA:0,(anonymous_79)
FNDA:0,(anonymous_80)
FNDA:0,(anonymous_81)
FNDA:0,(anonymous_82)
FNDA:0,(anonymous_83)
FNDA:0,(anonymous_84)
FNDA:0,(anonymous_85)
FNDA:0,(anonymous_86)
FNDA:0,(anonymous_87)
FNDA:0,(anonymous_88)
FNDA:0,(anonymous_89)
FNDA:0,(anonymous_90)
FNDA:0,(anonymous_91)
FNDA:0,(anonymous_92)
FNDA:0,(anonymous_93)
FNDA:0,(anonymous_94)
FNDA:0,(anonymous_95)
FNDA:0,(anonymous_96)
FNDA:0,(anonymous_97)
FNDA:0,(anonymous_98)
FNDA:0,(anonymous_99)
FNDA:0,(anonymous_100)
FNDA:0,(anonymous_101)
FNDA:0,b
FNDA:0,(anonymous_103)
FNDA:0,(anonymous_104)
FNDA:0,(anonymous_105)
FNDA:0,(anonymous_106)
FNDA:0,(anonymous_107)
FNDA:0,(anonymous_108)
FNDA:0,(anonymous_109)
FNDA:0,(anonymous_110)
FNDA:0,(anonymous_111)
FNDA:0,(anonymous_112)
FNDA:0,(anonymous_113)
FNDA:0,(anonymous_114)
FNDA:0,(anonymous_115)
FNDA:0,(anonymous_116)
FNDA:0,(anonymous_117)
FNDA:0,(anonymous_118)
FNDA:0,(anonymous_119)
FNDA:0,(anonymous_120)
FNDA:0,d
FNDA:0,(anonymous_122)
FNDA:0,(anonymous_123)
FNDA:0,(anonymous_124)
FNDA:0,(anonymous_125)
FNDA:0,(anonymous_126)
FNDA:0,(anonymous_127)
FNDA:0,(anonymous_128)
FNDA:0,(anonymous_129)
FNDA:0,(anonymous_130)
FNDA:0,(anonymous_131)
FNDA:0,(anonymous_132)
FNDA:0,(anonymous_133)
FNDA:0,(anonymous_134)
FNDA:0,(anonymous_135)
FNDA:0,(anonymous_136)
FNDA:0,(anonymous_137)
FNDA:0,(anonymous_138)
FNDA:0,b
FNDA:0,(anonymous_140)
FNDA:0,(anonymous_141)
FNDA:0,(anonymous_142)
FNDA:0,(anonymous_143)
FNDA:0,(anonymous_144)
FNDA:0,(anonymous_145)
FNDA:0,(anonymous_146)
FNDA:0,(anonymous_147)
FNDA:0,(anonymous_148)
FNDA:0,(anonymous_149)
FNDA:0,b
FNDA:0,c
FNDA:0,(anonymous_152)
FNDA:0,(anonymous_153)
FNDA:0,(anonymous_154)
FNDA:0,(anonymous_155)
FNDA:0,(anonymous_156)
FNDA:0,(anonymous_157)
FNDA:0,(anonymous_158)
FNDA:0,(anonymous_159)
FNDA:0,(anonymous_160)
FNDA:0,(anonymous_161)
FNDA:0,(anonymous_162)
FNDA:0,(anonymous_163)
FNDA:0,(anonymous_164)
FNDA:0,b
FNDA:0,(anonymous_166)
FNDA:0,(anonymous_167)
FNDA:0,(anonymous_168)
FNDA:0,(anonymous_169)
FNDA:0,(anonymous_170)
FNDA:0,f
FNDA:0,(anonymous_172)
FNDA:0,(anonymous_173)
FNDA:0,(anonymous_174)
FNDA:0,b
FNDA:0,(anonymous_176)
FNDA:0,(anonymous_177)
FNDA:0,(anonymous_178)
FNDA:0,(anonymous_179)
FNDA:0,(anonymous_180)
FNDA:0,(anonymous_181)
FNDA:0,(anonymous_182)
FNDA:0,(anonymous_183)
FNDA:0,(anonymous_184)
DA:6,0
DA:7,0
LF:2
LH:0
BRDA:6,1,0,0
BRDA:6,1,1,0
BRDA:6,2,0,0
BRDA:6,2,1,0
BRDA:6,3,0,0
BRDA:6,3,1,0
BRDA:6,3,2,0
BRDA:6,3,3,0
BRDA:6,3,4,0
BRDA:6,4,0,0
BRDA:6,4,1,0
BRDA:6,5,0,0
BRDA:6,5,1,0
BRDA:6,6,0,0
BRDA:6,6,1,0
BRDA:6,7,0,0
BRDA:6,7,1,0
BRDA:6,8,0,0
BRDA:6,8,1,0
BRDA:6,9,0,0
BRDA:6,9,1,0
BRDA:6,10,0,0
BRDA:6,10,1,0
BRDA:6,11,0,0
BRDA:6,11,1,0
BRDA:6,12,0,0
BRDA:6,12,1,0
BRDA:6,13,0,0
BRDA:6,13,1,0
BRDA:6,14,0,0
BRDA:6,14,1,0
BRDA:6,15,0,0
BRDA:6,15,1,0
BRDA:6,16,0,0
BRDA:6,16,1,0
BRDA:6,17,0,0
BRDA:6,17,1,0
BRDA:6,18,0,0
BRDA:6,18,1,0
BRDA:6,19,0,0
BRDA:6,19,1,0
BRDA:6,20,0,0
BRDA:6,20,1,0
BRDA:6,21,0,0
BRDA:6,21,1,0
BRDA:6,22,0,0
BRDA:6,22,1,0
BRDA:6,23,0,0
BRDA:6,23,1,0
BRDA:6,24,0,0
BRDA:6,24,1,0
BRDA:6,25,0,0
BRDA:6,25,1,0
BRDA:6,26,0,0
BRDA:6,26,1,0
BRDA:6,27,0,0
BRDA:6,27,1,0
BRDA:6,28,0,0
BRDA:6,28,1,0
BRDA:6,29,0,0
BRDA:6,29,1,0
BRDA:6,30,0,0
BRDA:6,30,1,0
BRDA:6,31,0,0
BRDA:6,31,1,0
BRDA:6,32,0,0
BRDA:6,32,1,0
BRDA:6,33,0,0
BRDA:6,33,1,0
BRDA:6,34,0,0
BRDA:6,34,1,0
BRDA:6,35,0,0
BRDA:6,35,1,0
BRDA:6,36,0,0
BRDA:6,36,1,0
BRDA:6,37,0,0
BRDA:6,37,1,0
BRDA:6,38,0,0
BRDA:6,38,1,0
BRDA:6,39,0,0
BRDA:6,39,1,0
BRDA:6,40,0,0
BRDA:6,40,1,0
BRDA:6,40,2,0
BRDA:6,41,0,0
BRDA:6,41,1,0
BRDA:6,41,2,0
BRDA:6,42,0,0
BRDA:6,42,1,0
BRDA:6,43,0,0
BRDA:6,43,1,0
BRDA:6,44,0,0
BRDA:6,44,1,0
BRDA:6,44,2,0
BRDA:6,45,0,0
BRDA:6,45,1,0
BRDA:6,46,0,0
BRDA:6,46,1,0
BRDA:6,47,0,0
BRDA:6,47,1,0
BRDA:6,48,0,0
BRDA:6,48,1,0
BRDA:6,49,0,0
BRDA:6,49,1,0
BRDA:6,50,0,0
BRDA:6,50,1,0
BRDA:6,51,0,0
BRDA:6,51,1,0
BRDA:6,52,0,0
BRDA:6,52,1,0
BRDA:6,53,0,0
BRDA:6,53,1,0
BRDA:6,53,2,0
BRDA:6,54,0,0
BRDA:6,54,1,0
BRDA:6,55,0,0
BRDA:6,55,1,0
BRDA:6,56,0,0
BRDA:6,56,1,0
BRDA:6,57,0,0
BRDA:6,57,1,0
BRDA:6,58,0,0
BRDA:6,58,1,0
BRDA:6,59,0,0
BRDA:6,59,1,0
BRDA:6,60,0,0
BRDA:6,60,1,0
BRDA:6,61,0,0
BRDA:6,61,1,0
BRDA:6,62,0,0
BRDA:6,62,1,0
BRDA:6,63,0,0
BRDA:6,63,1,0
BRDA:6,64,0,0
BRDA:6,64,1,0
BRDA:6,65,0,0
BRDA:6,65,1,0
BRDA:6,66,0,0
BRDA:6,66,1,0
BRDA:6,67,0,0
BRDA:6,67,1,0
BRDA:6,68,0,0
BRDA:6,68,1,0
BRDA:6,69,0,0
BRDA:6,69,1,0
BRDA:6,69,2,0
BRDA:6,70,0,0
BRDA:6,70,1,0
BRDA:6,71,0,0
BRDA:6,71,1,0
BRDA:6,72,0,0
BRDA:6,72,1,0
BRDA:6,73,0,0
BRDA:6,73,1,0
BRDA:6,73,2,0
BRDA:6,74,0,0
BRDA:6,74,1,0
BRDA:6,75,0,0
BRDA:6,75,1,0
BRDA:6,75,2,0
BRDA:6,75,3,0
BRDA:6,76,0,0
BRDA:6,76,1,0
BRDA:6,77,0,0
BRDA:6,77,1,0
BRDA:6,78,0,0
BRDA:6,78,1,0
BRDA:6,79,0,0
BRDA:6,79,1,0
BRDA:6,80,0,0
BRDA:6,80,1,0
BRDA:6,81,0,0
BRDA:6,81,1,0
BRDA:6,82,0,0
BRDA:6,82,1,0
BRDA:6,83,0,0
BRDA:6,83,1,0
BRDA:6,84,0,0
BRDA:6,84,1,0
BRDA:6,85,0,0
BRDA:6,85,1,0
BRDA:6,85,2,0
BRDA:6,86,0,0
BRDA:6,86,1,0
BRDA:6,87,0,0
BRDA:6,87,1,0
BRDA:6,88,0,0
BRDA:6,88,1,0
BRDA:6,88,2,0
BRDA:6,89,0,0
BRDA:6,89,1,0
BRDA:6,90,0,0
BRDA:6,90,1,0
BRDA:6,91,0,0
BRDA:6,91,1,0
BRDA:6,92,0,0
BRDA:6,92,1,0
BRDA:6,93,0,0
BRDA:6,93,1,0
BRDA:6,94,0,0
BRDA:6,94,1,0
BRDA:6,95,0,0
BRDA:6,95,1,0
BRDA:6,96,0,0
BRDA:6,96,1,0
BRDA:6,97,0,0
BRDA:6,97,1,0
BRDA:6,98,0,0
BRDA:6,98,1,0
BRDA:6,98,2,0
BRDA:6,99,0,0
BRDA:6,99,1,0
BRDA:6,100,0,0
BRDA:6,100,1,0
BRDA:6,101,0,0
BRDA:6,101,1,0
BRDA:6,102,0,0
BRDA:6,102,1,0
BRDA:6,102,2,0
BRDA:6,103,0,0
BRDA:6,103,1,0
BRDA:6,104,0,0
BRDA:6,104,1,0
BRDA:6,105,0,0
BRDA:6,105,1,0
BRDA:6,106,0,0
BRDA:6,106,1,0
BRDA:6,107,0,0
BRDA:6,107,1,0
BRDA:6,108,0,0
BRDA:6,108,1,0
BRDA:6,109,0,0
BRDA:6,109,1,0
BRDA:6,110,0,0
BRDA:6,110,1,0
BRDA:6,110,2,0
BRDA:6,111,0,0
BRDA:6,111,1,0
BRDA:6,112,0,0
BRDA:6,112,1,0
BRDA:6,113,0,0
BRDA:6,113,1,0
BRDA:6,114,0,0
BRDA:6,114,1,0
BRDA:6,115,0,0
BRDA:6,115,1,0
BRDA:6,115,2,0
BRDA:6,115,3,0
BRDA:6,116,0,0
BRDA:6,116,1,0
BRDA:6,117,0,0
BRDA:6,117,1,0
BRDA:6,118,0,0
BRDA:6,118,1,0
BRDA:6,118,2,0
BRDA:6,119,0,0
BRDA:6,119,1,0
BRDA:6,119,2,0
BRDA:6,120,0,0
BRDA:6,120,1,0
BRDA:6,121,0,0
BRDA:6,121,1,0
BRDA:6,122,0,0
BRDA:6,122,1,0
BRDA:6,123,0,0
BRDA:6,123,1,0
BRDA:6,124,0,0
BRDA:6,124,1,0
BRDA:6,125,0,0
BRDA:6,125,1,0
BRDA:6,126,0,0
BRDA:6,126,1,0
BRDA:6,127,0,0
BRDA:6,127,1,0
BRDA:6,127,2,0
BRDA:6,128,0,0
BRDA:6,128,1,0
BRDA:6,129,0,0
BRDA:6,129,1,0
BRDA:6,130,0,0
BRDA:6,130,1,0
BRDA:6,131,0,0
BRDA:6,131,1,0
BRDA:6,132,0,0
BRDA:6,132,1,0
BRDA:6,133,0,0
BRDA:6,133,1,0
BRDA:6,133,2,0
BRDA:6,134,0,0
BRDA:6,134,1,0
BRDA:6,135,0,0
BRDA:6,135,1,0
BRDA:6,136,0,0
BRDA:6,136,1,0
BRDA:6,136,2,0
BRDA:6,137,0,0
BRDA:6,137,1,0
BRDA:6,138,0,0
BRDA:6,138,1,0
BRDA:6,139,0,0
BRDA:6,139,1,0
BRDA:6,140,0,0
BRDA:6,140,1,0
BRDA:6,141,0,0
BRDA:6,141,1,0
BRDA:6,142,0,0
BRDA:6,142,1,0
BRDA:6,143,0,0
BRDA:6,143,1,0
BRDA:6,144,0,0
BRDA:6,144,1,0
BRDA:6,145,0,0
BRDA:6,145,1,0
BRDA:6,146,0,0
BRDA:6,146,1,0
BRDA:6,147,0,0
BRDA:6,147,1,0
BRDA:6,148,0,0
BRDA:6,148,1,0
BRDA:6,149,0,0
BRDA:6,149,1,0
BRDA:6,150,0,0
BRDA:6,150,1,0
BRDA:6,151,0,0
BRDA:6,151,1,0
BRDA:6,152,0,0
BRDA:6,152,1,0
BRDA:6,153,0,0
BRDA:6,153,1,0
BRDA:6,154,0,0
BRDA:6,154,1,0
BRDA:6,155,0,0
BRDA:6,155,1,0
BRDA:6,156,0,0
BRDA:6,156,1,0
BRDA:6,157,0,0
BRDA:6,157,1,0
BRDA:6,158,0,0
BRDA:6,158,1,0
BRDA:6,159,0,0
BRDA:6,159,1,0
BRDA:6,160,0,0
BRDA:6,160,1,0
BRDA:6,160,2,0
BRDA:6,161,0,0
BRDA:6,161,1,0
BRDA:6,162,0,0
BRDA:6,162,1,0
BRDA:6,163,0,0
BRDA:6,163,1,0
BRDA:6,164,0,0
BRDA:6,164,1,0
BRDA:6,165,0,0
BRDA:6,165,1,0
BRDA:6,166,0,0
BRDA:6,166,1,0
BRDA:6,167,0,0
BRDA:6,167,1,0
BRDA:6,168,0,0
BRDA:6,168,1,0
BRDA:6,168,2,0
BRDA:6,169,0,0
BRDA:6,169,1,0
BRDA:6,170,0,0
BRDA:6,170,1,0
BRDA:6,171,0,0
BRDA:6,171,1,0
BRDA:6,172,0,0
BRDA:6,172,1,0
BRDA:6,173,0,0
BRDA:6,173,1,0
BRDA:6,174,0,0
BRDA:6,174,1,0
BRDA:6,175,0,0
BRDA:6,175,1,0
BRDA:6,176,0,0
BRDA:6,176,1,0
BRDA:6,177,0,0
BRDA:6,177,1,0
BRDA:6,178,0,0
BRDA:6,178,1,0
BRDA:6,179,0,0
BRDA:6,179,1,0
BRDA:6,180,0,0
BRDA:6,180,1,0
BRDA:6,181,0,0
BRDA:6,181,1,0
BRDA:6,181,2,0
BRDA:6,182,0,0
BRDA:6,182,1,0
BRDA:6,183,0,0
BRDA:6,183,1,0
BRDA:6,184,0,0
BRDA:6,184,1,0
BRDA:6,185,0,0
BRDA:6,185,1,0
BRDA:6,186,0,0
BRDA:6,186,1,0
BRDA:6,186,2,0
BRDA:6,187,0,0
BRDA:6,187,1,0
BRDA:6,188,0,0
BRDA:6,188,1,0
BRDA:6,189,0,0
BRDA:6,189,1,0
BRDA:6,190,0,0
BRDA:6,190,1,0
BRDA:6,191,0,0
BRDA:6,191,1,0
BRDA:6,192,0,0
BRDA:6,192,1,0
BRDA:6,193,0,0
BRDA:6,193,1,0
BRDA:6,194,0,0
BRDA:6,194,1,0
BRDA:6,195,0,0
BRDA:6,195,1,0
BRDA:6,196,0,0
BRDA:6,196,1,0
BRDA:6,197,0,0
BRDA:6,197,1,0
BRDA:6,198,0,0
BRDA:6,198,1,0
BRDA:6,199,0,0
BRDA:6,199,1,0
BRDA:6,200,0,0
BRDA:6,200,1,0
BRDA:6,201,0,0
BRDA:6,201,1,0
BRDA:6,202,0,0
BRDA:6,202,1,0
BRDA:6,203,0,0
BRDA:6,203,1,0
BRDA:6,204,0,0
BRDA:6,204,1,0
BRDA:6,205,0,0
BRDA:6,205,1,0
BRDA:6,206,0,0
BRDA:6,206,1,0
BRDA:6,207,0,0
BRDA:6,207,1,0
BRDA:6,208,0,0
BRDA:6,208,1,0
BRDA:6,209,0,0
BRDA:6,209,1,0
BRDA:6,210,0,0
BRDA:6,210,1,0
BRDA:6,211,0,0
BRDA:6,211,1,0
BRDA:6,212,0,0
BRDA:6,212,1,0
BRDA:6,213,0,0
BRDA:6,213,1,0
BRDA:6,214,0,0
BRDA:6,214,1,0
BRDA:6,215,0,0
BRDA:6,215,1,0
BRDA:6,216,0,0
BRDA:6,216,1,0
BRDA:6,217,0,0
BRDA:6,217,1,0
BRDA:6,218,0,0
BRDA:6,218,1,0
BRDA:6,219,0,0
BRDA:6,219,1,0
BRDA:6,220,0,0
BRDA:6,220,1,0
BRDA:6,220,2,0
BRDA:6,221,0,0
BRDA:6,221,1,0
BRDA:6,222,0,0
BRDA:6,222,1,0
BRDA:6,223,0,0
BRDA:6,223,1,0
BRDA:6,224,0,0
BRDA:6,224,1,0
BRDA:6,225,0,0
BRDA:6,225,1,0
BRDA:6,226,0,0
BRDA:6,226,1,0
BRDA:6,227,0,0
BRDA:6,227,1,0
BRDA:6,228,0,0
BRDA:6,228,1,0
BRDA:6,229,0,0
BRDA:6,229,1,0
BRDA:6,230,0,0
BRDA:6,230,1,0
BRDA:6,231,0,0
BRDA:6,231,1,0
BRDA:6,232,0,0
BRDA:6,232,1,0
BRDA:6,232,2,0
BRDA:6,233,0,0
BRDA:6,233,1,0
BRDA:6,234,0,0
BRDA:6,234,1,0
BRDA:6,235,0,0
BRDA:6,235,1,0
BRDA:6,236,0,0
BRDA:6,236,1,0
BRDA:6,237,0,0
BRDA:6,237,1,0
BRDA:6,238,0,0
BRDA:6,238,1,0
BRDA:6,239,0,0
BRDA:6,239,1,0
BRDA:6,240,0,0
BRDA:6,240,1,0
BRDA:6,241,0,0
BRDA:6,241,1,0
BRDA:6,242,0,0
BRDA:6,242,1,0
BRDA:6,243,0,0
BRDA:6,243,1,0
BRDA:6,244,0,0
BRDA:6,244,1,0
BRDA:6,244,2,0
BRDA:6,245,0,0
BRDA:6,245,1,0
BRDA:6,246,0,0
BRDA:6,246,1,0
BRDA:6,247,0,0
BRDA:6,247,1,0
BRDA:6,248,0,0
BRDA:6,248,1,0
BRDA:6,249,0,0
BRDA:6,249,1,0
BRDA:6,250,0,0
BRDA:6,250,1,0
BRDA:6,251,0,0
BRDA:6,251,1,0
BRDA:6,252,0,0
BRDA:6,252,1,0
BRDA:6,253,0,0
BRDA:6,253,1,0
BRDA:6,254,0,0
BRDA:6,254,1,0
BRDA:6,255,0,0
BRDA:6,255,1,0
BRDA:6,256,0,0
BRDA:6,256,1,0
BRDA:6,257,0,0
BRDA:6,257,1,0
BRDA:6,258,0,0
BRDA:6,258,1,0
BRDA:6,259,0,0
BRDA:6,259,1,0
BRDA:6,259,2,0
BRDA:6,260,0,0
BRDA:6,260,1,0
BRDA:6,261,0,0
BRDA:6,261,1,0
BRDA:6,262,0,0
BRDA:6,262,1,0
BRDA:6,263,0,0
BRDA:6,263,1,0
BRDA:6,264,0,0
BRDA:6,264,1,0
BRDA:6,265,0,0
BRDA:6,265,1,0
BRDA:6,266,0,0
BRDA:6,266,1,0
BRDA:6,267,0,0
BRDA:6,267,1,0
BRDA:6,268,0,0
BRDA:6,268,1,0
BRDA:6,269,0,0
BRDA:6,269,1,0
BRDA:6,270,0,0
BRDA:6,270,1,0
BRDA:6,271,0,0
BRDA:6,271,1,0
BRDA:6,272,0,0
BRDA:6,272,1,0
BRDA:6,273,0,0
BRDA:6,273,1,0
BRDA:6,274,0,0
BRDA:6,274,1,0
BRDA:6,275,0,0
BRDA:6,275,1,0
BRDA:6,276,0,0
BRDA:6,276,1,0
BRDA:6,277,0,0
BRDA:6,277,1,0
BRDA:6,278,0,0
BRDA:6,278,1,0
BRDA:6,279,0,0
BRDA:6,279,1,0
BRDA:6,280,0,0
BRDA:6,280,1,0
BRDA:6,281,0,0
BRDA:6,281,1,0
BRDA:6,282,0,0
BRDA:6,282,1,0
BRDA:6,283,0,0
BRDA:6,283,1,0
BRDA:6,284,0,0
BRDA:6,284,1,0
BRDA:6,284,2,0
BRDA:6,284,3,0
BRDA:6,284,4,0
BRDA:6,285,0,0
BRDA:6,285,1,0
BRDA:6,286,0,0
BRDA:6,286,1,0
BRDA:6,287,0,0
BRDA:6,287,1,0
BRDA:6,288,0,0
BRDA:6,288,1,0
BRDA:6,289,0,0
BRDA:6,289,1,0
BRDA:6,290,0,0
BRDA:6,290,1,0
BRDA:6,290,2,0
BRDA:6,290,3,0
BRDA:6,290,4,0
BRDA:6,291,0,0
BRDA:6,291,1,0
BRDA:6,292,0,0
BRDA:6,292,1,0
BRDA:6,293,0,0
BRDA:6,293,1,0
BRDA:6,294,0,0
BRDA:6,294,1,0
BRDA:6,295,0,0
BRDA:6,295,1,0
BRDA:6,296,0,0
BRDA:6,296,1,0
BRDA:6,297,0,0
BRDA:6,297,1,0
BRDA:6,298,0,0
BRDA:6,298,1,0
BRDA:6,299,0,0
BRDA:6,299,1,0
BRDA:6,300,0,0
BRDA:6,300,1,0
BRDA:6,301,0,0
BRDA:6,301,1,0
BRDA:6,302,0,0
BRDA:6,302,1,0
BRDA:6,302,2,0
BRDA:6,302,3,0
BRDA:6,302,4,0
BRDA:6,303,0,0
BRDA:6,303,1,0
BRDA:6,304,0,0
BRDA:6,304,1,0
BRDA:7,305,0,0
BRDA:7,305,1,0
BRDA:7,306,0,0
BRDA:7,306,1,0
BRDA:7,307,0,0
BRDA:7,307,1,0
BRDA:7,308,0,0
BRDA:7,308,1,0
BRDA:7,309,0,0
BRDA:7,309,1,0
BRDA:7,310,0,0
BRDA:7,310,1,0
BRDA:7,311,0,0
BRDA:7,311,1,0
BRDA:7,312,0,0
BRDA:7,312,1,0
BRDA:7,313,0,0
BRDA:7,313,1,0
BRDA:7,314,0,0
BRDA:7,314,1,0
BRDA:7,315,0,0
BRDA:7,315,1,0
BRDA:7,316,0,0
BRDA:7,316,1,0
BRDA:7,317,0,0
BRDA:7,317,1,0
BRDA:7,318,0,0
BRDA:7,318,1,0
BRDA:7,319,0,0
BRDA:7,319,1,0
BRDA:7,320,0,0
BRDA:7,320,1,0
BRDA:7,321,0,0
BRDA:7,321,1,0
BRDA:7,322,0,0
BRDA:7,322,1,0
BRDA:7,323,0,0
BRDA:7,323,1,0
BRDA:7,324,0,0
BRDA:7,324,1,0
BRDA:7,325,0,0
BRDA:7,325,1,0
BRDA:7,326,0,0
BRDA:7,326,1,0
BRDA:7,327,0,0
BRDA:7,327,1,0
BRDA:7,328,0,0
BRDA:7,328,1,0
BRDA:7,329,0,0
BRDA:7,329,1,0
BRDA:7,330,0,0
BRDA:7,330,1,0
BRDA:7,331,0,0
BRDA:7,331,1,0
BRDA:7,332,0,0
BRDA:7,332,1,0
BRDA:7,333,0,0
BRDA:7,333,1,0
BRDA:7,334,0,0
BRDA:7,334,1,0
BRF:708
BRH:0
end_of_record
TN:
SF:/Users/duyvu/Documents/javascript/public/js/jquery.min.js
FN:2,(anonymous_1)
FN:2,(anonymous_2)
FN:2,(anonymous_3)
FN:2,p
FN:2,(anonymous_5)
FN:2,(anonymous_6)
FN:2,(anonymous_7)
FN:2,(anonymous_8)
FN:2,(anonymous_9)
FN:2,(anonymous_10)
FN:2,(anonymous_11)
FN:2,(anonymous_12)
FN:2,(anonymous_13)
FN:2,(anonymous_14)
FN:2,(anonymous_15)
FN:2,(anonymous_16)
FN:2,(anonymous_17)
FN:2,(anonymous_18)
FN:2,(anonymous_19)
FN:2,(anonymous_20)
FN:2,(anonymous_21)
FN:2,(anonymous_22)
FN:2,(anonymous_23)
FN:2,(anonymous_24)
FN:2,(anonymous_25)
FN:2,(anonymous_26)
FN:2,(anonymous_27)
FN:2,(anonymous_28)
FN:2,(anonymous_29)
FN:2,(anonymous_30)
FN:2,(anonymous_31)
FN:2,(anonymous_32)
FN:2,(anonymous_33)
FN:2,(anonymous_34)
FN:2,(anonymous_35)
FN:2,(anonymous_36)
FN:2,(anonymous_37)
FN:2,(anonymous_38)
FN:2,w
FN:2,(anonymous_40)
FN:2,(anonymous_41)
FN:2,(anonymous_42)
FN:2,(anonymous_43)
FN:2,(anonymous_44)
FN:2,(anonymous_45)
FN:2,(anonymous_46)
FN:2,(anonymous_47)
FN:2,(anonymous_48)
FN:2,ga
FN:2,ha
FN:2,b
FN:2,ia
FN:2,ja
FN:2,ka
FN:2,la
FN:2,ma
FN:2,(anonymous_57)
FN:2,na
FN:2,(anonymous_59)
FN:2,oa
FN:2,(anonymous_61)
FN:2,pa
FN:2,(anonymous_63)
FN:2,(anonymous_64)
FN:2,qa
FN:2,(anonymous_66)
FN:2,(anonymous_67)
FN:2,(anonymous_68)
FN:2,(anonymous_69)
FN:2,(anonymous_70)
FN:2,(anonymous_71)
FN:2,(anonymous_72)
FN:2,(anonymous_73)
FN:2,(anonymous_74)
FN:2,(anonymous_75)
FN:2,(anonymous_76)
FN:2,(anonymous_77)
FN:2,(anonymous_78)
FN:2,(anonymous_79)
FN:2,(anonymous_80)
FN:2,(anonymous_81)
FN:2,(anonymous_82)
FN:2,(anonymous_83)
FN:2,(anonymous_84)
FN:2,(anonymous_85)
FN:2,(anonymous_86)
FN:2,(anonymous_87)
FN:2,(anonymous_88)
FN:2,(anonymous_89)
FN:2,(anonymous_90)
FN:2,(anonymous_91)
FN:2,(anonymous_92)
FN:2,(anonymous_93)
FN:2,(anonymous_94)
FN:2,(anonymous_95)
FN:2,(anonymous_96)
FN:2,(anonymous_97)
FN:2,(anonymous_98)
FN:2,(anonymous_99)
FN:2,(anonymous_100)
FN:2,(anonymous_101)
FN:2,(anonymous_102)
FN:2,(anonymous_103)
FN:2,(anonymous_104)
FN:2,(anonymous_105)
FN:2,(anonymous_106)
FN:2,(anonymous_107)
FN:2,(anonymous_108)
FN:2,(anonymous_109)
FN:2,(anonymous_110)
FN:2,(anonymous_111)
FN:2,(anonymous_112)
FN:2,(anonymous_113)
FN:2,(anonymous_114)
FN:2,(anonymous_115)
FN:2,(anonymous_116)
FN:2,(anonymous_117)
FN:2,(anonymous_118)
FN:2,(anonymous_119)
FN:2,(anonymous_120)
FN:2,(anonymous_121)
FN:2,(anonymous_122)
FN:2,(anonymous_123)
FN:2,(anonymous_124)
FN:2,(anonymous_125)
FN:2,(anonymous_126)
FN:2,(anonymous_127)
FN:2,(anonymous_128)
FN:2,(anonymous_129)
FN:2,(anonymous_130)
FN:2,(anonymous_131)
FN:2,(anonymous_132)
FN:2,(anonymous_133)
FN:2,(anonymous_134)
FN:2,(anonymous_135)
FN:2,(anonymous_136)
FN:2,(anonymous_137)
FN:2,ra
FN:2,(anonymous_139)
FN:2,sa
FN:2,ta
FN:2,(anonymous_142)
FN:2,(anonymous_143)
FN:2,ua
FN:2,(anonymous_145)
FN:2,va
FN:2,wa
FN:2,xa
FN:2,(anonymous_149)
FN:2,ya
FN:2,za
FN:2,(anonymous_152)
FN:2,(anonymous_153)
FN:2,(anonymous_154)
FN:2,(anonymous_155)
FN:2,(anonymous_156)
FN:2,(anonymous_157)
FN:2,(anonymous_158)
FN:2,(anonymous_159)
FN:2,(anonymous_160)
FN:2,(anonymous_161)
FN:2,(anonymous_162)
FN:2,(anonymous_163)
FN:2,B
FN:2,E
FN:2,(anonymous_166)
FN:2,(anonymous_167)
FN:2,(anonymous_168)
FN:2,(anonymous_169)
FN:2,(anonymous_170)
FN:2,(anonymous_171)
FN:2,(anonymous_172)
FN:2,(anonymous_173)
FN:2,(anonymous_174)
FN:2,(anonymous_175)
FN:2,(anonymous_176)
FN:2,(anonymous_177)
FN:2,(anonymous_178)
FN:2,(anonymous_179)
FN:2,(anonymous_180)
FN:2,(anonymous_181)
FN:2,(anonymous_182)
FN:2,(anonymous_183)
FN:2,K
FN:2,(anonymous_185)
FN:2,(anonymous_186)
FN:2,(anonymous_187)
FN:2,(anonymous_188)
FN:2,(anonymous_189)
FN:2,(anonymous_190)
FN:2,(anonymous_191)
FN:2,(anonymous_192)
FN:2,(anonymous_193)
FN:2,(anonymous_194)
FN:2,(anonymous_195)
FN:2,(anonymous_196)
FN:2,(anonymous_197)
FN:2,(anonymous_198)
FN:2,M
FN:2,(anonymous_200)
FN:2,(anonymous_201)
FN:2,(anonymous_202)
FN:2,(anonymous_203)
FN:2,d
FN:2,(anonymous_205)
FN:2,(anonymous_206)
FN:2,(anonymous_207)
FN:2,(anonymous_208)
FN:2,(anonymous_209)
FN:2,(anonymous_210)
FN:2,(anonymous_211)
FN:2,(anonymous_212)
FN:2,(anonymous_213)
FN:2,(anonymous_214)
FN:2,(anonymous_215)
FN:2,(anonymous_216)
FN:2,N
FN:2,O
FN:2,P
FN:2,(anonymous_220)
FN:2,(anonymous_221)
FN:2,(anonymous_222)
FN:2,(anonymous_223)
FN:2,(anonymous_224)
FN:2,(anonymous_225)
FN:2,(anonymous_226)
FN:2,(anonymous_227)
FN:2,(anonymous_228)
FN:2,g
FN:2,(anonymous_230)
FN:2,(anonymous_231)
FN:2,(anonymous_232)
FN:2,(anonymous_233)
FN:2,(anonymous_234)
FN:2,(anonymous_235)
FN:2,(anonymous_236)
FN:2,(anonymous_237)
FN:2,(anonymous_238)
FN:2,(anonymous_239)
FN:2,(anonymous_240)
FN:2,(anonymous_241)
FN:2,(anonymous_242)
FN:2,(anonymous_243)
FN:2,(anonymous_244)
FN:2,(anonymous_245)
FN:2,(anonymous_246)
FN:2,S
FN:3,(anonymous_248)
FN:3,(anonymous_249)
FN:3,(anonymous_250)
FN:3,V
FN:3,(anonymous_252)
FN:3,(anonymous_253)
FN:3,(anonymous_254)
FN:3,(anonymous_255)
FN:3,(anonymous_256)
FN:3,(anonymous_257)
FN:3,$
FN:3,_
FN:3,(anonymous_260)
FN:3,(anonymous_261)
FN:3,(anonymous_262)
FN:3,(anonymous_263)
FN:3,(anonymous_264)
FN:3,(anonymous_265)
FN:3,(anonymous_266)
FN:3,(anonymous_267)
FN:3,(anonymous_268)
FN:3,(anonymous_269)
FN:3,(anonymous_270)
FN:3,(anonymous_271)
FN:3,(anonymous_272)
FN:3,(anonymous_273)
FN:3,(anonymous_274)
FN:3,(anonymous_275)
FN:3,(anonymous_276)
FN:3,(anonymous_277)
FN:3,(anonymous_278)
FN:3,(anonymous_279)
FN:3,(anonymous_280)
FN:3,(anonymous_281)
FN:3,(anonymous_282)
FN:3,(anonymous_283)
FN:3,(anonymous_284)
FN:3,fa
FN:3,(anonymous_286)
FN:3,(anonymous_287)
FN:3,ha
FN:3,ia
FN:3,(anonymous_290)
FN:3,(anonymous_291)
FN:3,(anonymous_292)
FN:3,(anonymous_293)
FN:3,na
FN:3,oa
FN:3,qa
FN:3,(anonymous_297)
FN:3,va
FN:3,wa
FN:3,xa
FN:3,ya
FN:3,(anonymous_302)
FN:3,(anonymous_303)
FN:3,(anonymous_304)
FN:3,(anonymous_305)
FN:3,(anonymous_306)
FN:3,(anonymous_307)
FN:3,(anonymous_308)
FN:3,(anonymous_309)
FN:3,(anonymous_310)
FN:3,(anonymous_311)
FN:3,(anonymous_312)
FN:3,(anonymous_313)
FN:3,(anonymous_314)
FN:3,(anonymous_315)
FN:3,(anonymous_316)
FN:3,(anonymous_317)
FN:3,(anonymous_318)
FN:3,(anonymous_319)
FN:3,(anonymous_320)
FN:3,(anonymous_321)
FN:3,(anonymous_322)
FN:3,(anonymous_323)
FN:3,(anonymous_324)
FN:3,(anonymous_325)
FN:3,(anonymous_326)
FN:3,(anonymous_327)
FN:3,(anonymous_328)
FN:3,(anonymous_329)
FN:3,(anonymous_330)
FN:3,Ea
FN:3,Fa
FN:3,Ga
FN:3,Ha
FN:3,Ia
FN:3,Ja
FN:3,(anonymous_337)
FN:3,Ka
FN:3,(anonymous_339)
FN:3,(anonymous_340)
FN:3,(anonymous_341)
FN:3,(anonymous_342)
FN:3,(anonymous_343)
FN:3,(anonymous_344)
FN:3,(anonymous_345)
FN:3,(anonymous_346)
FN:3,(anonymous_347)
FN:3,(anonymous_348)
FN:3,(anonymous_349)
FN:3,(anonymous_350)
FN:3,(anonymous_351)
FN:3,(anonymous_352)
FN:3,(anonymous_353)
FN:3,(anonymous_354)
FN:3,(anonymous_355)
FN:3,(anonymous_356)
FN:3,(anonymous_357)
FN:3,(anonymous_358)
FN:3,(anonymous_359)
FN:3,(anonymous_360)
FN:3,(anonymous_361)
FN:3,(anonymous_362)
FN:3,(anonymous_363)
FN:3,(anonymous_364)
FN:3,(anonymous_365)
FN:3,b
FN:3,(anonymous_367)
FN:3,(anonymous_368)
FN:3,(anonymous_369)
FN:3,(anonymous_370)
FN:3,Oa
FN:3,Pa
FN:3,(anonymous_373)
FN:3,Wa
FN:3,Xa
FN:3,Ya
FN:3,Za
FN:3,$a
FN:3,(anonymous_379)
FN:3,(anonymous_380)
FN:3,(anonymous_381)
FN:3,(anonymous_382)
FN:3,(anonymous_383)
FN:3,(anonymous_384)
FN:3,(anonymous_385)
FN:3,(anonymous_386)
FN:3,(anonymous_387)
FN:3,(anonymous_388)
FN:3,(anonymous_389)
FN:3,(anonymous_390)
FN:3,(anonymous_391)
FN:3,_a
FN:3,(anonymous_393)
FN:3,(anonymous_394)
FN:3,(anonymous_395)
FN:3,(anonymous_396)
FN:3,(anonymous_397)
FN:3,(anonymous_398)
FN:3,(anonymous_399)
FN:3,(anonymous_400)
FN:3,eb
FN:3,fb
FN:3,(anonymous_403)
FN:3,gb
FN:3,hb
FN:3,ib
FN:3,(anonymous_407)
FN:3,(anonymous_408)
FN:3,(anonymous_409)
FN:3,(anonymous_410)
FN:3,(anonymous_411)
FN:3,(anonymous_412)
FN:3,jb
FN:3,kb
FN:3,(anonymous_415)
FN:3,(anonymous_416)
FN:3,(anonymous_417)
FN:3,(anonymous_418)
FN:3,(anonymous_419)
FN:3,(anonymous_420)
FN:3,(anonymous_421)
FN:3,(anonymous_422)
FN:3,(anonymous_423)
FN:3,(anonymous_424)
FN:3,(anonymous_425)
FN:3,(anonymous_426)
FN:3,(anonymous_427)
FN:3,(anonymous_428)
FN:3,(anonymous_429)
FN:3,(anonymous_430)
FN:3,(anonymous_431)
FN:3,(anonymous_432)
FN:3,(anonymous_433)
FN:3,(anonymous_434)
FN:3,(anonymous_435)
FN:3,(anonymous_436)
FN:3,(anonymous_437)
FN:3,(anonymous_438)
FN:3,(anonymous_439)
FN:3,(anonymous_440)
FN:3,(anonymous_441)
FN:3,(anonymous_442)
FN:3,(anonymous_443)
FN:3,(anonymous_444)
FN:3,(anonymous_445)
FN:3,(anonymous_446)
FN:3,(anonymous_447)
FN:4,(anonymous_448)
FN:4,(anonymous_449)
FN:4,(anonymous_450)
FN:4,(anonymous_451)
FN:4,(anonymous_452)
FN:4,(anonymous_453)
FN:4,(anonymous_454)
FN:4,(anonymous_455)
FN:4,(anonymous_456)
FN:4,(anonymous_457)
FN:4,(anonymous_458)
FN:4,(anonymous_459)
FN:4,(anonymous_460)
FN:4,pb
FN:4,qb
FN:4,(anonymous_463)
FN:4,(anonymous_464)
FN:4,(anonymous_465)
FN:4,(anonymous_466)
FN:4,(anonymous_467)
FN:4,(anonymous_468)
FN:4,(anonymous_469)
FN:4,(anonymous_470)
FN:4,(anonymous_471)
FN:4,(anonymous_472)
FN:4,(anonymous_473)
FN:4,(anonymous_474)
FN:4,(anonymous_475)
FN:4,(anonymous_476)
FN:4,(anonymous_477)
FN:4,(anonymous_478)
FN:4,(anonymous_479)
FN:4,(anonymous_480)
FN:4,(anonymous_481)
FN:4,(anonymous_482)
FN:4,(anonymous_483)
FN:4,(anonymous_484)
FN:4,(anonymous_485)
FN:4,(anonymous_486)
FN:4,(anonymous_487)
FN:4,(anonymous_488)
FN:4,(anonymous_489)
FN:4,(anonymous_490)
FN:4,(anonymous_491)
FN:4,(anonymous_492)
FN:4,Ab
FN:4,(anonymous_494)
FN:4,(anonymous_495)
FN:4,(anonymous_496)
FN:4,(anonymous_497)
FN:4,(anonymous_498)
FN:4,(anonymous_499)
FN:4,(anonymous_500)
FN:4,(anonymous_501)
FN:4,(anonymous_502)
FN:4,(anonymous_503)
FN:4,Mb
FN:4,(anonymous_505)
FN:4,Nb
FN:4,g
FN:4,(anonymous_508)
FN:4,Ob
FN:4,Pb
FN:4,Qb
FN:4,(anonymous_512)
FN:4,(anonymous_513)
FN:4,(anonymous_514)
FN:4,(anonymous_515)
FN:4,(anonymous_516)
FN:4,(anonymous_517)
FN:4,(anonymous_518)
FN:4,(anonymous_519)
FN:4,(anonymous_520)
FN:4,A
FN:4,(anonymous_522)
FN:4,(anonymous_523)
FN:4,(anonymous_524)
FN:4,(anonymous_525)
FN:4,(anonymous_526)
FN:4,(anonymous_527)
FN:4,(anonymous_528)
FN:4,(anonymous_529)
FN:4,(anonymous_530)
FN:4,(anonymous_531)
FN:4,(anonymous_532)
FN:4,(anonymous_533)
FN:4,(anonymous_534)
FN:4,(anonymous_535)
FN:4,(anonymous_536)
FN:4,(anonymous_537)
FN:4,(anonymous_538)
FN:4,(anonymous_539)
FN:4,(anonymous_540)
FN:4,(anonymous_541)
FN:4,(anonymous_542)
FN:4,(anonymous_543)
FN:4,(anonymous_544)
FN:4,(anonymous_545)
FN:4,(anonymous_546)
FN:4,(anonymous_547)
FN:4,(anonymous_548)
FN:4,(anonymous_549)
FN:4,(anonymous_550)
FN:4,(anonymous_551)
FN:4,(anonymous_552)
FN:4,(anonymous_553)
FN:4,(anonymous_554)
FN:4,(anonymous_555)
FN:4,(anonymous_556)
FN:4,(anonymous_557)
FN:4,(anonymous_558)
FN:4,(anonymous_559)
FN:4,(anonymous_560)
FN:4,(anonymous_561)
FN:4,(anonymous_562)
FN:4,(anonymous_563)
FN:4,(anonymous_564)
FN:4,(anonymous_565)
FN:4,(anonymous_566)
FN:4,(anonymous_567)
FN:4,(anonymous_568)
FN:4,(anonymous_569)
FN:4,(anonymous_570)
FN:4,(anonymous_571)
FN:4,(anonymous_572)
FN:4,(anonymous_573)
FN:4,(anonymous_574)
FN:4,(anonymous_575)
FN:4,(anonymous_576)
FN:4,(anonymous_577)
FN:4,(anonymous_578)
FN:4,(anonymous_579)
FN:4,(anonymous_580)
FN:4,(anonymous_581)
FN:4,(anonymous_582)
FN:4,(anonymous_583)
FN:4,(anonymous_584)
FN:4,(anonymous_585)
FN:4,(anonymous_586)
FN:4,(anonymous_587)
FN:4,(anonymous_588)
FN:4,(anonymous_589)
FNF:589
FNH:0
FNDA:0,(anonymous_1)
FNDA:0,(anonymous_2)
FNDA:0,(anonymous_3)
FNDA:0,p
FNDA:0,(anonymous_5)
FNDA:0,(anonymous_6)
FNDA:0,(anonymous_7)
FNDA:0,(anonymous_8)
FNDA:0,(anonymous_9)
FNDA:0,(anonymous_10)
FNDA:0,(anonymous_11)
FNDA:0,(anonymous_12)
FNDA:0,(anonymous_13)
FNDA:0,(anonymous_14)
FNDA:0,(anonymous_15)
FNDA:0,(anonymous_16)
FNDA:0,(anonymous_17)
FNDA:0,(anonymous_18)
FNDA:0,(anonymous_19)
FNDA:0,(anonymous_20)
FNDA:0,(anonymous_21)
FNDA:0,(anonymous_22)
FNDA:0,(anonymous_23)
FNDA:0,(anonymous_24)
FNDA:0,(anonymous_25)
FNDA:0,(anonymous_26)
FNDA:0,(anonymous_27)
FNDA:0,(anonymous_28)
FNDA:0,(anonymous_29)
FNDA:0,(anonymous_30)
FNDA:0,(anonymous_31)
FNDA:0,(anonymous_32)
FNDA:0,(anonymous_33)
FNDA:0,(anonymous_34)
FNDA:0,(anonymous_35)
FNDA:0,(anonymous_36)
FNDA:0,(anonymous_37)
FNDA:0,(anonymous_38)
FNDA:0,w
FNDA:0,(anonymous_40)
FNDA:0,(anonymous_41)
FNDA:0,(anonymous_42)
FNDA:0,(anonymous_43)
FNDA:0,(anonymous_44)
FNDA:0,(anonymous_45)
FNDA:0,(anonymous_46)
FNDA:0,(anonymous_47)
FNDA:0,(anonymous_48)
FNDA:0,ga
FNDA:0,ha
FNDA:0,b
FNDA:0,ia
FNDA:0,ja
FNDA:0,ka
FNDA:0,la
FNDA:0,ma
FNDA:0,(anonymous_57)
FNDA:0,na
FNDA:0,(anonymous_59)
FNDA:0,oa
FNDA:0,(anonymous_61)
FNDA:0,pa
FNDA:0,(anonymous_63)
FNDA:0,(anonymous_64)
FNDA:0,qa
FNDA:0,(anonymous_66)
FNDA:0,(anonymous_67)
FNDA:0,(anonymous_68)
FNDA:0,(anonymous_69)
FNDA:0,(anonymous_70)
FNDA:0,(anonymous_71)
FNDA:0,(anonymous_72)
FNDA:0,(anonymous_73)
FNDA:0,(anonymous_74)
FNDA:0,(anonymous_75)
FNDA:0,(anonymous_76)
FNDA:0,(anonymous_77)
FNDA:0,(anonymous_78)
FNDA:0,(anonymous_79)
FNDA:0,(anonymous_80)
FNDA:0,(anonymous_81)
FNDA:0,(anonymous_82)
FNDA:0,(anonymous_83)
FNDA:0,(anonymous_84)
FNDA:0,(anonymous_85)
FNDA:0,(anonymous_86)
FNDA:0,(anonymous_87)
FNDA:0,(anonymous_88)
FNDA:0,(anonymous_89)
FNDA:0,(anonymous_90)
FNDA:0,(anonymous_91)
FNDA:0,(anonymous_92)
FNDA:0,(anonymous_93)
FNDA:0,(anonymous_94)
FNDA:0,(anonymous_95)
FNDA:0,(anonymous_96)
FNDA:0,(anonymous_97)
FNDA:0,(anonymous_98)
FNDA:0,(anonymous_99)
FNDA:0,(anonymous_100)
FNDA:0,(anonymous_101)
FNDA:0,(anonymous_102)
FNDA:0,(anonymous_103)
FNDA:0,(anonymous_104)
FNDA:0,(anonymous_105)
FNDA:0,(anonymous_106)
FNDA:0,(anonymous_107)
FNDA:0,(anonymous_108)
FNDA:0,(anonymous_109)
FNDA:0,(anonymous_110)
FNDA:0,(anonymous_111)
FNDA:0,(anonymous_112)
FNDA:0,(anonymous_113)
FNDA:0,(anonymous_114)
FNDA:0,(anonymous_115)
FNDA:0,(anonymous_116)
FNDA:0,(anonymous_117)
FNDA:0,(anonymous_118)
FNDA:0,(anonymous_119)
FNDA:0,(anonymous_120)
FNDA:0,(anonymous_121)
FNDA:0,(anonymous_122)
FNDA:0,(anonymous_123)
FNDA:0,(anonymous_124)
FNDA:0,(anonymous_125)
FNDA:0,(anonymous_126)
FNDA:0,(anonymous_127)
FNDA:0,(anonymous_128)
FNDA:0,(anonymous_129)
FNDA:0,(anonymous_130)
FNDA:0,(anonymous_131)
FNDA:0,(anonymous_132)
FNDA:0,(anonymous_133)
FNDA:0,(anonymous_134)
FNDA:0,(anonymous_135)
FNDA:0,(anonymous_136)
FNDA:0,(anonymous_137)
FNDA:0,ra
FNDA:0,(anonymous_139)
FNDA:0,sa
FNDA:0,ta
FNDA:0,(anonymous_142)
FNDA:0,(anonymous_143)
FNDA:0,ua
FNDA:0,(anonymous_145)
FNDA:0,va
FNDA:0,wa
FNDA:0,xa
FNDA:0,(anonymous_149)
FNDA:0,ya
FNDA:0,za
FNDA:0,(anonymous_152)
FNDA:0,(anonymous_153)
FNDA:0,(anonymous_154)
FNDA:0,(anonymous_155)
FNDA:0,(anonymous_156)
FNDA:0,(anonymous_157)
FNDA:0,(anonymous_158)
FNDA:0,(anonymous_159)
FNDA:0,(anonymous_160)
FNDA:0,(anonymous_161)
FNDA:0,(anonymous_162)
FNDA:0,(anonymous_163)
FNDA:0,B
FNDA:0,E
FNDA:0,(anonymous_166)
FNDA:0,(anonymous_167)
FNDA:0,(anonymous_168)
FNDA:0,(anonymous_169)
FNDA:0,(anonymous_170)
FNDA:0,(anonymous_171)
FNDA:0,(anonymous_172)
FNDA:0,(anonymous_173)
FNDA:0,(anonymous_174)
FNDA:0,(anonymous_175)
FNDA:0,(anonymous_176)
FNDA:0,(anonymous_177)
FNDA:0,(anonymous_178)
FNDA:0,(anonymous_179)
FNDA:0,(anonymous_180)
FNDA:0,(anonymous_181)
FNDA:0,(anonymous_182)
FNDA:0,(anonymous_183)
FNDA:0,K
FNDA:0,(anonymous_185)
FNDA:0,(anonymous_186)
FNDA:0,(anonymous_187)
FNDA:0,(anonymous_188)
FNDA:0,(anonymous_189)
FNDA:0,(anonymous_190)
FNDA:0,(anonymous_191)
FNDA:0,(anonymous_192)
FNDA:0,(anonymous_193)
FNDA:0,(anonymous_194)
FNDA:0,(anonymous_195)
FNDA:0,(anonymous_196)
FNDA:0,(anonymous_197)
FNDA:0,(anonymous_198)
FNDA:0,M
FNDA:0,(anonymous_200)
FNDA:0,(anonymous_201)
FNDA:0,(anonymous_202)
FNDA:0,(anonymous_203)
FNDA:0,d
FNDA:0,(anonymous_205)
FNDA:0,(anonymous_206)
FNDA:0,(anonymous_207)
FNDA:0,(anonymous_208)
FNDA:0,(anonymous_209)
FNDA:0,(anonymous_210)
FNDA:0,(anonymous_211)
FNDA:0,(anonymous_212)
FNDA:0,(anonymous_213)
FNDA:0,(anonymous_214)
FNDA:0,(anonymous_215)
FNDA:0,(anonymous_216)
FNDA:0,N
FNDA:0,O
FNDA:0,P
FNDA:0,(anonymous_220)
FNDA:0,(anonymous_221)
FNDA:0,(anonymous_222)
FNDA:0,(anonymous_223)
FNDA:0,(anonymous_224)
FNDA:0,(anonymous_225)
FNDA:0,(anonymous_226)
FNDA:0,(anonymous_227)
FNDA:0,(anonymous_228)
FNDA:0,g
FNDA:0,(anonymous_230)
FNDA:0,(anonymous_231)
FNDA:0,(anonymous_232)
FNDA:0,(anonymous_233)
FNDA:0,(anonymous_234)
FNDA:0,(anonymous_235)
FNDA:0,(anonymous_236)
FNDA:0,(anonymous_237)
FNDA:0,(anonymous_238)
FNDA:0,(anonymous_239)
FNDA:0,(anonymous_240)
FNDA:0,(anonymous_241)
FNDA:0,(anonymous_242)
FNDA:0,(anonymous_243)
FNDA:0,(anonymous_244)
FNDA:0,(anonymous_245)
FNDA:0,(anonymous_246)
FNDA:0,S
FNDA:0,(anonymous_248)
FNDA:0,(anonymous_249)
FNDA:0,(anonymous_250)
FNDA:0,V
FNDA:0,(anonymous_252)
FNDA:0,(anonymous_253)
FNDA:0,(anonymous_254)
FNDA:0,(anonymous_255)
FNDA:0,(anonymous_256)
FNDA:0,(anonymous_257)
FNDA:0,$
FNDA:0,_
FNDA:0,(anonymous_260)
FNDA:0,(anonymous_261)
FNDA:0,(anonymous_262)
FNDA:0,(anonymous_263)
FNDA:0,(anonymous_264)
FNDA:0,(anonymous_265)
FNDA:0,(anonymous_266)
FNDA:0,(anonymous_267)
FNDA:0,(anonymous_268)
FNDA:0,(anonymous_269)
FNDA:0,(anonymous_270)
FNDA:0,(anonymous_271)
FNDA:0,(anonymous_272)
FNDA:0,(anonymous_273)
FNDA:0,(anonymous_274)
FNDA:0,(anonymous_275)
FNDA:0,(anonymous_276)
FNDA:0,(anonymous_277)
FNDA:0,(anonymous_278)
FNDA:0,(anonymous_279)
FNDA:0,(anonymous_280)
FNDA:0,(anonymous_281)
FNDA:0,(anonymous_282)
FNDA:0,(anonymous_283)
FNDA:0,(anonymous_284)
FNDA:0,fa
FNDA:0,(anonymous_286)
FNDA:0,(anonymous_287)
FNDA:0,ha
FNDA:0,ia
FNDA:0,(anonymous_290)
FNDA:0,(anonymous_291)
FNDA:0,(anonymous_292)
FNDA:0,(anonymous_293)
FNDA:0,na
FNDA:0,oa
FNDA:0,qa
FNDA:0,(anonymous_297)
FNDA:0,va
FNDA:0,wa
FNDA:0,xa
FNDA:0,ya
FNDA:0,(anonymous_302)
FNDA:0,(anonymous_303)
FNDA:0,(anonymous_304)
FNDA:0,(anonymous_305)
FNDA:0,(anonymous_306)
FNDA:0,(anonymous_307)
FNDA:0,(anonymous_308)
FNDA:0,(anonymous_309)
FNDA:0,(anonymous_310)
FNDA:0,(anonymous_311)
FNDA:0,(anonymous_312)
FNDA:0,(anonymous_313)
FNDA:0,(anonymous_314)
FNDA:0,(anonymous_315)
FNDA:0,(anonymous_316)
FNDA:0,(anonymous_317)
FNDA:0,(anonymous_318)
FNDA:0,(anonymous_319)
FNDA:0,(anonymous_320)
FNDA:0,(anonymous_321)
FNDA:0,(anonymous_322)
FNDA:0,(anonymous_323)
FNDA:0,(anonymous_324)
FNDA:0,(anonymous_325)
FNDA:0,(anonymous_326)
FNDA:0,(anonymous_327)
FNDA:0,(anonymous_328)
FNDA:0,(anonymous_329)
FNDA:0,(anonymous_330)
FNDA:0,Ea
FNDA:0,Fa
FNDA:0,Ga
FNDA:0,Ha
FNDA:0,Ia
FNDA:0,Ja
FNDA:0,(anonymous_337)
FNDA:0,Ka
FNDA:0,(anonymous_339)
FNDA:0,(anonymous_340)
FNDA:0,(anonymous_341)
FNDA:0,(anonymous_342)
FNDA:0,(anonymous_343)
FNDA:0,(anonymous_344)
FNDA:0,(anonymous_345)
FNDA:0,(anonymous_346)
FNDA:0,(anonymous_347)
FNDA:0,(anonymous_348)
FNDA:0,(anonymous_349)
FNDA:0,(anonymous_350)
FNDA:0,(anonymous_351)
FNDA:0,(anonymous_352)
FNDA:0,(anonymous_353)
FNDA:0,(anonymous_354)
FNDA:0,(anonymous_355)
FNDA:0,(anonymous_356)
FNDA:0,(anonymous_357)
FNDA:0,(anonymous_358)
FNDA:0,(anonymous_359)
FNDA:0,(anonymous_360)
FNDA:0,(anonymous_361)
FNDA:0,(anonymous_362)
FNDA:0,(anonymous_363)
FNDA:0,(anonymous_364)
FNDA:0,(anonymous_365)
FNDA:0,b
FNDA:0,(anonymous_367)
FNDA:0,(anonymous_368)
FNDA:0,(anonymous_369)
FNDA:0,(anonymous_370)
FNDA:0,Oa
FNDA:0,Pa
FNDA:0,(anonymous_373)
FNDA:0,Wa
FNDA:0,Xa
FNDA:0,Ya
FNDA:0,Za
FNDA:0,$a
FNDA:0,(anonymous_379)
FNDA:0,(anonymous_380)
FNDA:0,(anonymous_381)
FNDA:0,(anonymous_382)
FNDA:0,(anonymous_383)
FNDA:0,(anonymous_384)
FNDA:0,(anonymous_385)
FNDA:0,(anonymous_386)
FNDA:0,(anonymous_387)
FNDA:0,(anonymous_388)
FNDA:0,(anonymous_389)
FNDA:0,(anonymous_390)
FNDA:0,(anonymous_391)
FNDA:0,_a
FNDA:0,(anonymous_393)
FNDA:0,(anonymous_394)
FNDA:0,(anonymous_395)
FNDA:0,(anonymous_396)
FNDA:0,(anonymous_397)
FNDA:0,(anonymous_398)
FNDA:0,(anonymous_399)
FNDA:0,(anonymous_400)
FNDA:0,eb
FNDA:0,fb
FNDA:0,(anonymous_403)
FNDA:0,gb
FNDA:0,hb
FNDA:0,ib
FNDA:0,(anonymous_407)
FNDA:0,(anonymous_408)
FNDA:0,(anonymous_409)
FNDA:0,(anonymous_410)
FNDA:0,(anonymous_411)
FNDA:0,(anonymous_412)
FNDA:0,jb
FNDA:0,kb
FNDA:0,(anonymous_415)
FNDA:0,(anonymous_416)
FNDA:0,(anonymous_417)
FNDA:0,(anonymous_418)
FNDA:0,(anonymous_419)
FNDA:0,(anonymous_420)
FNDA:0,(anonymous_421)
FNDA:0,(anonymous_422)
FNDA:0,(anonymous_423)
FNDA:0,(anonymous_424)
FNDA:0,(anonymous_425)
FNDA:0,(anonymous_426)
FNDA:0,(anonymous_427)
FNDA:0,(anonymous_428)
FNDA:0,(anonymous_429)
FNDA:0,(anonymous_430)
FNDA:0,(anonymous_431)
FNDA:0,(anonymous_432)
FNDA:0,(anonymous_433)
FNDA:0,(anonymous_434)
FNDA:0,(anonymous_435)
FNDA:0,(anonymous_436)
FNDA:0,(anonymous_437)
FNDA:0,(anonymous_438)
FNDA:0,(anonymous_439)
FNDA:0,(anonymous_440)
FNDA:0,(anonymous_441)
FNDA:0,(anonymous_442)
FNDA:0,(anonymous_443)
FNDA:0,(anonymous_444)
FNDA:0,(anonymous_445)
FNDA:0,(anonymous_446)
FNDA:0,(anonymous_447)
FNDA:0,(anonymous_448)
FNDA:0,(anonymous_449)
FNDA:0,(anonymous_450)
FNDA:0,(anonymous_451)
FNDA:0,(anonymous_452)
FNDA:0,(anonymous_453)
FNDA:0,(anonymous_454)
FNDA:0,(anonymous_455)
FNDA:0,(anonymous_456)
FNDA:0,(anonymous_457)
FNDA:0,(anonymous_458)
FNDA:0,(anonymous_459)
FNDA:0,(anonymous_460)
FNDA:0,pb
FNDA:0,qb
FNDA:0,(anonymous_463)
FNDA:0,(anonymous_464)
FNDA:0,(anonymous_465)
FNDA:0,(anonymous_466)
FNDA:0,(anonymous_467)
FNDA:0,(anonymous_468)
FNDA:0,(anonymous_469)
FNDA:0,(anonymous_470)
FNDA:0,(anonymous_471)
FNDA:0,(anonymous_472)
FNDA:0,(anonymous_473)
FNDA:0,(anonymous_474)
FNDA:0,(anonymous_475)
FNDA:0,(anonymous_476)
FNDA:0,(anonymous_477)
FNDA:0,(anonymous_478)
FNDA:0,(anonymous_479)
FNDA:0,(anonymous_480)
FNDA:0,(anonymous_481)
FNDA:0,(anonymous_482)
FNDA:0,(anonymous_483)
FNDA:0,(anonymous_484)
FNDA:0,(anonymous_485)
FNDA:0,(anonymous_486)
FNDA:0,(anonymous_487)
FNDA:0,(anonymous_488)
FNDA:0,(anonymous_489)
FNDA:0,(anonymous_490)
FNDA:0,(anonymous_491)
FNDA:0,(anonymous_492)
FNDA:0,Ab
FNDA:0,(anonymous_494)
FNDA:0,(anonymous_495)
FNDA:0,(anonymous_496)
FNDA:0,(anonymous_497)
FNDA:0,(anonymous_498)
FNDA:0,(anonymous_499)
FNDA:0,(anonymous_500)
FNDA:0,(anonymous_501)
FNDA:0,(anonymous_502)
FNDA:0,(anonymous_503)
FNDA:0,Mb
FNDA:0,(anonymous_505)
FNDA:0,Nb
FNDA:0,g
FNDA:0,(anonymous_508)
FNDA:0,Ob
FNDA:0,Pb
FNDA:0,Qb
FNDA:0,(anonymous_512)
FNDA:0,(anonymous_513)
FNDA:0,(anonymous_514)
FNDA:0,(anonymous_515)
FNDA:0,(anonymous_516)
FNDA:0,(anonymous_517)
FNDA:0,(anonymous_518)
FNDA:0,(anonymous_519)
FNDA:0,(anonymous_520)
FNDA:0,A
FNDA:0,(anonymous_522)
FNDA:0,(anonymous_523)
FNDA:0,(anonymous_524)
FNDA:0,(anonymous_525)
FNDA:0,(anonymous_526)
FNDA:0,(anonymous_527)
FNDA:0,(anonymous_528)
FNDA:0,(anonymous_529)
FNDA:0,(anonymous_530)
FNDA:0,(anonymous_531)
FNDA:0,(anonymous_532)
FNDA:0,(anonymous_533)
FNDA:0,(anonymous_534)
FNDA:0,(anonymous_535)
FNDA:0,(anonymous_536)
FNDA:0,(anonymous_537)
FNDA:0,(anonymous_538)
FNDA:0,(anonymous_539)
FNDA:0,(anonymous_540)
FNDA:0,(anonymous_541)
FNDA:0,(anonymous_542)
FNDA:0,(anonymous_543)
FNDA:0,(anonymous_544)
FNDA:0,(anonymous_545)
FNDA:0,(anonymous_546)
FNDA:0,(anonymous_547)
FNDA:0,(anonymous_548)
FNDA:0,(anonymous_549)
FNDA:0,(anonymous_550)
FNDA:0,(anonymous_551)
FNDA:0,(anonymous_552)
FNDA:0,(anonymous_553)
FNDA:0,(anonymous_554)
FNDA:0,(anonymous_555)
FNDA:0,(anonymous_556)
FNDA:0,(anonymous_557)
FNDA:0,(anonymous_558)
FNDA:0,(anonymous_559)
FNDA:0,(anonymous_560)
FNDA:0,(anonymous_561)
FNDA:0,(anonymous_562)
FNDA:0,(anonymous_563)
FNDA:0,(anonymous_564)
FNDA:0,(anonymous_565)
FNDA:0,(anonymous_566)
FNDA:0,(anonymous_567)
FNDA:0,(anonymous_568)
FNDA:0,(anonymous_569)
FNDA:0,(anonymous_570)
FNDA:0,(anonymous_571)
FNDA:0,(anonymous_572)
FNDA:0,(anonymous_573)
FNDA:0,(anonymous_574)
FNDA:0,(anonymous_575)
FNDA:0,(anonymous_576)
FNDA:0,(anonymous_577)
FNDA:0,(anonymous_578)
FNDA:0,(anonymous_579)
FNDA:0,(anonymous_580)
FNDA:0,(anonymous_581)
FNDA:0,(anonymous_582)
FNDA:0,(anonymous_583)
FNDA:0,(anonymous_584)
FNDA:0,(anonymous_585)
FNDA:0,(anonymous_586)
FNDA:0,(anonymous_587)
FNDA:0,(anonymous_588)
FNDA:0,(anonymous_589)
DA:2,0
DA:3,0
DA:4,0
LF:3
LH:0
BRDA:2,1,0,0
BRDA:2,1,1,0
BRDA:2,2,0,0
BRDA:2,2,1,0
BRDA:2,3,0,0
BRDA:2,3,1,0
BRDA:2,4,0,0
BRDA:2,4,1,0
BRDA:2,5,0,0
BRDA:2,5,1,0
BRDA:2,6,0,0
BRDA:2,6,1,0
BRDA:2,7,0,0
BRDA:2,7,1,0
BRDA:2,8,0,0
BRDA:2,8,1,0
BRDA:2,9,0,0
BRDA:2,9,1,0
BRDA:2,10,0,0
BRDA:2,10,1,0
BRDA:2,11,0,0
BRDA:2,11,1,0
BRDA:2,12,0,0
BRDA:2,12,1,0
BRDA:2,13,0,0
BRDA:2,13,1,0
BRDA:2,14,0,0
BRDA:2,14,1,0
BRDA:2,15,0,0
BRDA:2,15,1,0
BRDA:2,16,0,0
BRDA:2,16,1,0
BRDA:2,17,0,0
BRDA:2,17,1,0
BRDA:2,17,2,0
BRDA:2,17,3,0
BRDA:2,18,0,0
BRDA:2,18,1,0
BRDA:2,19,0,0
BRDA:2,19,1,0
BRDA:2,20,0,0
BRDA:2,20,1,0
BRDA:2,21,0,0
BRDA:2,21,1,0
BRDA:2,22,0,0
BRDA:2,22,1,0
BRDA:2,23,0,0
BRDA:2,23,1,0
[...]
BRDA:3,909,1,0
BRDA:3,910,0,0
BRDA:3,910,1,0
BRDA:3,910,2,0
BRDA:3,911,0,0
BRDA:3,911,1,0
BRDA:3,912,0,0
BRDA:3,912,1,0
BRDA:3,912,2,0
BRDA:3,913,0,0
BRDA:3,913,1,0
BRDA:3,914,0,0
BRDA:3,914,1,0
BRDA:3,915,0,0
BRDA:3,915,1,0
BRDA:3,916,0,0
BRDA:3,916,1,0
BRDA:3,917,0,0
BRDA:3,917,1,0
BRDA:3,918,0,0
BRDA:3,918,1,0
BRDA:3,919,0,0
BRDA:3,919,1,0
BRDA:3,920,0,0
BRDA:3,920,1,0
BRDA:3,920,2,0
BRDA:3,921,0,0
BRDA:3,921,1,0
BRDA:3,922,0,0
BRDA:3,922,1,0
BRDA:3,923,0,0
BRDA:3,923,1,0
BRDA:3,923,2,0
BRDA:3,923,3,0
BRDA:3,924,0,0
BRDA:3,924,1,0
BRDA:3,925,0,0
BRDA:3,925,1,0
BRDA:3,926,0,0
BRDA:3,926,1,0
BRDA:3,927,0,0
BRDA:3,927,1,0
BRDA:3,927,2,0
BRDA:3,928,0,0
BRDA:3,928,1,0
BRDA:3,929,0,0
BRDA:3,929,1,0
BRDA:3,930,0,0
BRDA:3,930,1,0
BRDA:3,931,0,0
BRDA:3,931,1,0
BRDA:3,932,0,0
BRDA:3,932,1,0
BRDA:3,933,0,0
BRDA:3,933,1,0
BRDA:3,934,0,0
BRDA:3,934,1,0
BRDA:3,935,0,0
BRDA:3,935,1,0
BRDA:3,936,0,0
BRDA:3,936,1,0
BRDA:3,937,0,0
BRDA:3,937,1,0
BRDA:3,938,0,0
BRDA:3,938,1,0
BRDA:3,939,0,0
BRDA:3,939,1,0
BRDA:3,940,0,0
BRDA:3,940,1,0
BRDA:3,941,0,0
BRDA:3,941,1,0
BRDA:3,941,2,0
BRDA:3,942,0,0
BRDA:3,942,1,0
BRDA:3,943,0,0
BRDA:3,943,1,0
BRDA:3,944,0,0
BRDA:3,944,1,0
BRDA:3,945,0,0
BRDA:3,945,1,0
BRDA:3,946,0,0
BRDA:3,946,1,0
BRDA:3,946,2,0
BRDA:3,947,0,0
BRDA:3,947,1,0
BRDA:3,947,2,0
BRDA:3,948,0,0
BRDA:3,948,1,0
BRDA:3,949,0,0
BRDA:3,949,1,0
BRDA:3,950,0,0
BRDA:3,950,1,0
BRDA:3,951,0,0
BRDA:3,951,1,0
BRDA:3,952,0,0
BRDA:3,952,1,0
BRDA:3,953,0,0
BRDA:3,953,1,0
BRDA:3,954,0,0
BRDA:3,954,1,0
BRDA:3,955,0,0
BRDA:3,955,1,0
BRDA:3,956,0,0
BRDA:3,956,1,0
BRDA:3,957,0,0
BRDA:3,957,1,0
BRDA:3,958,0,0
BRDA:3,958,1,0
BRDA:3,959,0,0
BRDA:3,959,1,0
BRDA:3,960,0,0
BRDA:3,960,1,0
BRDA:3,961,0,0
BRDA:3,961,1,0
BRDA:3,962,0,0
BRDA:3,962,1,0
BRDA:3,963,0,0
BRDA:3,963,1,0
BRDA:3,964,0,0
BRDA:3,964,1,0
BRDA:3,964,2,0
BRDA:3,965,0,0
BRDA:3,965,1,0
BRDA:3,965,2,0
BRDA:3,966,0,0
BRDA:3,966,1,0
BRDA:3,967,0,0
BRDA:3,967,1,0
BRDA:3,968,0,0
BRDA:3,968,1,0
BRDA:3,968,2,0
BRDA:3,969,0,0
BRDA:3,969,1,0
BRDA:3,970,0,0
BRDA:3,970,1,0
BRDA:3,971,0,0
BRDA:3,971,1,0
BRDA:3,972,0,0
BRDA:3,972,1,0
BRDA:3,973,0,0
BRDA:3,973,1,0
BRDA:3,974,0,0
BRDA:3,974,1,0
BRDA:3,974,2,0
BRDA:3,974,3,0
BRDA:3,974,4,0
BRDA:3,975,0,0
BRDA:3,975,1,0
BRDA:3,976,0,0
BRDA:3,976,1,0
BRDA:3,977,0,0
BRDA:3,977,1,0
BRDA:3,978,0,0
BRDA:3,978,1,0
BRDA:3,979,0,0
BRDA:3,979,1,0
BRDA:3,980,0,0
BRDA:3,980,1,0
BRDA:3,981,0,0
BRDA:3,981,1,0
BRDA:3,982,0,0
BRDA:3,982,1,0
BRDA:3,983,0,0
BRDA:3,983,1,0
BRDA:3,984,0,0
BRDA:3,984,1,0
BRDA:3,985,0,0
BRDA:3,985,1,0
BRDA:3,986,0,0
BRDA:3,986,1,0
BRDA:3,987,0,0
BRDA:3,987,1,0
BRDA:3,988,0,0
BRDA:3,988,1,0
BRDA:3,989,0,0
BRDA:3,989,1,0
BRDA:3,990,0,0
BRDA:3,990,1,0
BRDA:3,991,0,0
BRDA:3,991,1,0
BRDA:3,992,0,0
BRDA:3,992,1,0
BRDA:3,993,0,0
BRDA:3,993,1,0
BRDA:3,994,0,0
BRDA:3,994,1,0
BRDA:3,995,0,0
BRDA:3,995,1,0
BRDA:3,996,0,0
BRDA:3,996,1,0
BRDA:3,997,0,0
BRDA:3,997,1,0
BRDA:3,998,0,0
BRDA:3,998,1,0
BRDA:3,999,0,0
BRDA:3,999,1,0
BRDA:3,1000,0,0
BRDA:3,1000,1,0
BRDA:3,1001,0,0
BRDA:3,1001,1,0
BRDA:3,1002,0,0
BRDA:3,1002,1,0
BRDA:3,1003,0,0
BRDA:3,1003,1,0
BRDA:3,1004,0,0
BRDA:3,1004,1,0
BRDA:3,1005,0,0
BRDA:3,1005,1,0
BRDA:3,1006,0,0
BRDA:3,1006,1,0
BRDA:3,1007,0,0
BRDA:3,1007,1,0
BRDA:3,1008,0,0
BRDA:3,1008,1,0
BRDA:3,1009,0,0
BRDA:3,1009,1,0
BRDA:3,1010,0,0
BRDA:3,1010,1,0
BRDA:3,1010,2,0
BRDA:3,1010,3,0
BRDA:3,1010,4,0
BRDA:3,1011,0,0
BRDA:3,1011,1,0
BRDA:3,1011,2,0
BRDA:3,1011,3,0
BRDA:3,1011,4,0
BRDA:3,1012,0,0
BRDA:3,1012,1,0
BRDA:3,1013,0,0
BRDA:3,1013,1,0
BRDA:3,1014,0,0
BRDA:3,1014,1,0
BRDA:3,1015,0,0
BRDA:3,1015,1,0
BRDA:3,1015,2,0
BRDA:3,1016,0,0
BRDA:3,1016,1,0
BRDA:3,1017,0,0
BRDA:3,1017,1,0
BRDA:3,1018,0,0
BRDA:3,1018,1,0
BRDA:3,1018,2,0
BRDA:3,1019,0,0
BRDA:3,1019,1,0
BRDA:3,1020,0,0
BRDA:3,1020,1,0
BRDA:3,1021,0,0
BRDA:3,1021,1,0
BRDA:3,1022,0,0
BRDA:3,1022,1,0
BRDA:3,1022,2,0
BRDA:3,1023,0,0
BRDA:3,1023,1,0
BRDA:3,1024,0,0
BRDA:3,1024,1,0
BRDA:3,1025,0,0
BRDA:3,1025,1,0
BRDA:3,1026,0,0
BRDA:3,1026,1,0
BRDA:3,1026,2,0
BRDA:3,1027,0,0
BRDA:3,1027,1,0
BRDA:3,1027,2,0
BRDA:3,1027,3,0
BRDA:3,1028,0,0
BRDA:3,1028,1,0
BRDA:3,1028,2,0
BRDA:3,1028,3,0
BRDA:3,1029,0,0
BRDA:3,1029,1,0
BRDA:3,1029,2,0
BRDA:3,1030,0,0
BRDA:3,1030,1,0
BRDA:3,1031,0,0
BRDA:3,1031,1,0
BRDA:3,1032,0,0
BRDA:3,1032,1,0
BRDA:3,1033,0,0
BRDA:3,1033,1,0
BRDA:3,1033,2,0
BRDA:3,1034,0,0
BRDA:3,1034,1,0
BRDA:3,1034,2,0
BRDA:3,1035,0,0
BRDA:3,1035,1,0
BRDA:3,1036,0,0
BRDA:3,1036,1,0
BRDA:3,1037,0,0
BRDA:3,1037,1,0
BRDA:3,1037,2,0
BRDA:3,1038,0,0
BRDA:3,1038,1,0
BRDA:3,1039,0,0
BRDA:3,1039,1,0
BRDA:3,1040,0,0
BRDA:3,1040,1,0
BRDA:3,1041,0,0
BRDA:3,1041,1,0
BRDA:3,1042,0,0
BRDA:3,1042,1,0
BRDA:3,1043,0,0
BRDA:3,1043,1,0
BRDA:3,1044,0,0
BRDA:3,1044,1,0
BRDA:3,1044,2,0
BRDA:3,1045,0,0
BRDA:3,1045,1,0
BRDA:3,1046,0,0
BRDA:3,1046,1,0
BRDA:3,1046,2,0
BRDA:3,1047,0,0
BRDA:3,1047,1,0
BRDA:3,1048,0,0
BRDA:3,1048,1,0
BRDA:3,1049,0,0
BRDA:3,1049,1,0
BRDA:3,1050,0,0
BRDA:3,1050,1,0
BRDA:3,1051,0,0
BRDA:3,1051,1,0
BRDA:3,1052,0,0
BRDA:3,1052,1,0
BRDA:3,1052,2,0
BRDA:3,1053,0,0
BRDA:3,1053,1,0
BRDA:3,1054,0,0
BRDA:3,1054,1,0
BRDA:3,1054,2,0
BRDA:4,1055,0,0
BRDA:4,1055,1,0
BRDA:4,1056,0,0
BRDA:4,1056,1,0
BRDA:4,1057,0,0
BRDA:4,1057,1,0
BRDA:4,1057,2,0
BRDA:4,1058,0,0
BRDA:4,1058,1,0
BRDA:4,1059,0,0
BRDA:4,1059,1,0
BRDA:4,1060,0,0
BRDA:4,1060,1,0
BRDA:4,1061,0,0
BRDA:4,1061,1,0
BRDA:4,1062,0,0
BRDA:4,1062,1,0
BRDA:4,1063,0,0
BRDA:4,1063,1,0
BRDA:4,1064,0,0
BRDA:4,1064,1,0
BRDA:4,1065,0,0
BRDA:4,1065,1,0
BRDA:4,1066,0,0
BRDA:4,1066,1,0
BRDA:4,1067,0,0
BRDA:4,1067,1,0
BRDA:4,1068,0,0
BRDA:4,1068,1,0
BRDA:4,1068,2,0
BRDA:4,1069,0,0
BRDA:4,1069,1,0
BRDA:4,1069,2,0
BRDA:4,1070,0,0
BRDA:4,1070,1,0
BRDA:4,1071,0,0
BRDA:4,1071,1,0
BRDA:4,1072,0,0
BRDA:4,1072,1,0
BRDA:4,1073,0,0
BRDA:4,1073,1,0
BRDA:4,1073,2,0
BRDA:4,1074,0,0
BRDA:4,1074,1,0
BRDA:4,1075,0,0
BRDA:4,1075,1,0
BRDA:4,1075,2,0
BRDA:4,1076,0,0
BRDA:4,1076,1,0
BRDA:4,1077,0,0
BRDA:4,1077,1,0
BRDA:4,1078,0,0
BRDA:4,1078,1,0
BRDA:4,1078,2,0
BRDA:4,1079,0,0
BRDA:4,1079,1,0
BRDA:4,1080,0,0
BRDA:4,1080,1,0
BRDA:4,1080,2,0
BRDA:4,1081,0,0
BRDA:4,1081,1,0
BRDA:4,1082,0,0
BRDA:4,1082,1,0
BRDA:4,1083,0,0
BRDA:4,1083,1,0
BRDA:4,1084,0,0
BRDA:4,1084,1,0
BRDA:4,1084,2,0
BRDA:4,1085,0,0
BRDA:4,1085,1,0
BRDA:4,1086,0,0
BRDA:4,1086,1,0
BRDA:4,1087,0,0
BRDA:4,1087,1,0
BRDA:4,1088,0,0
BRDA:4,1088,1,0
BRDA:4,1089,0,0
BRDA:4,1089,1,0
BRDA:4,1090,0,0
BRDA:4,1090,1,0
BRDA:4,1091,0,0
BRDA:4,1091,1,0
BRDA:4,1092,0,0
BRDA:4,1092,1,0
BRDA:4,1093,0,0
BRDA:4,1093,1,0
BRDA:4,1094,0,0
BRDA:4,1094,1,0
BRDA:4,1095,0,0
BRDA:4,1095,1,0
BRDA:4,1096,0,0
BRDA:4,1096,1,0
BRDA:4,1097,0,0
BRDA:4,1097,1,0
BRDA:4,1098,0,0
BRDA:4,1098,1,0
BRDA:4,1099,0,0
BRDA:4,1099,1,0
BRDA:4,1100,0,0
BRDA:4,1100,1,0
BRDA:4,1101,0,0
BRDA:4,1101,1,0
BRDA:4,1102,0,0
BRDA:4,1102,1,0
BRDA:4,1103,0,0
BRDA:4,1103,1,0
BRDA:4,1104,0,0
BRDA:4,1104,1,0
BRDA:4,1105,0,0
BRDA:4,1105,1,0
BRDA:4,1106,0,0
BRDA:4,1106,1,0
BRDA:4,1107,0,0
BRDA:4,1107,1,0
BRDA:4,1108,0,0
BRDA:4,1108,1,0
BRDA:4,1108,2,0
BRDA:4,1109,0,0
BRDA:4,1109,1,0
BRDA:4,1110,0,0
BRDA:4,1110,1,0
BRDA:4,1111,0,0
BRDA:4,1111,1,0
BRDA:4,1112,0,0
BRDA:4,1112,1,0
BRDA:4,1113,0,0
BRDA:4,1113,1,0
BRDA:4,1114,0,0
BRDA:4,1114,1,0
BRDA:4,1115,0,0
BRDA:4,1115,1,0
BRDA:4,1116,0,0
BRDA:4,1116,1,0
BRDA:4,1117,0,0
BRDA:4,1117,1,0
BRDA:4,1118,0,0
BRDA:4,1118,1,0
BRDA:4,1119,0,0
BRDA:4,1119,1,0
BRDA:4,1120,0,0
BRDA:4,1120,1,0
BRDA:4,1121,0,0
BRDA:4,1121,1,0
BRDA:4,1122,0,0
BRDA:4,1122,1,0
BRDA:4,1123,0,0
BRDA:4,1123,1,0
BRDA:4,1124,0,0
BRDA:4,1124,1,0
BRDA:4,1124,2,0
BRDA:4,1124,3,0
BRDA:4,1125,0,0
BRDA:4,1125,1,0
BRDA:4,1126,0,0
BRDA:4,1126,1,0
BRDA:4,1127,0,0
BRDA:4,1127,1,0
BRDA:4,1128,0,0
BRDA:4,1128,1,0
BRDA:4,1128,2,0
BRDA:4,1129,0,0
BRDA:4,1129,1,0
BRDA:4,1130,0,0
BRDA:4,1130,1,0
BRDA:4,1131,0,0
BRDA:4,1131,1,0
BRDA:4,1132,0,0
BRDA:4,1132,1,0
BRDA:4,1133,0,0
BRDA:4,1133,1,0
BRDA:4,1134,0,0
BRDA:4,1134,1,0
BRDA:4,1135,0,0
BRDA:4,1135,1,0
BRDA:4,1135,2,0
BRDA:4,1135,3,0
BRDA:4,1135,4,0
BRDA:4,1136,0,0
BRDA:4,1136,1,0
BRDA:4,1137,0,0
BRDA:4,1137,1,0
BRDA:4,1138,0,0
BRDA:4,1138,1,0
BRDA:4,1139,0,0
BRDA:4,1139,1,0
BRDA:4,1140,0,0
BRDA:4,1140,1,0
BRDA:4,1141,0,0
BRDA:4,1141,1,0
BRDA:4,1142,0,0
BRDA:4,1142,1,0
BRDA:4,1143,0,0
BRDA:4,1143,1,0
BRDA:4,1144,0,0
BRDA:4,1144,1,0
BRDA:4,1145,0,0
BRDA:4,1145,1,0
BRDA:4,1146,0,0
BRDA:4,1146,1,0
BRDA:4,1147,0,0
BRDA:4,1147,1,0
BRDA:4,1147,2,0
BRDA:4,1147,3,0
BRDA:4,1148,0,0
BRDA:4,1148,1,0
BRDA:4,1149,0,0
BRDA:4,1149,1,0
BRDA:4,1150,0,0
BRDA:4,1150,1,0
BRDA:4,1151,0,0
BRDA:4,1151,1,0
BRDA:4,1152,0,0
BRDA:4,1152,1,0
BRDA:4,1153,0,0
BRDA:4,1153,1,0
BRDA:4,1154,0,0
BRDA:4,1154,1,0
BRDA:4,1155,0,0
BRDA:4,1155,1,0
BRDA:4,1156,0,0
BRDA:4,1156,1,0
BRDA:4,1157,0,0
BRDA:4,1157,1,0
BRDA:4,1157,2,0
BRDA:4,1158,0,0
BRDA:4,1158,1,0
BRDA:4,1159,0,0
BRDA:4,1159,1,0
BRDA:4,1159,2,0
BRDA:4,1160,0,0
BRDA:4,1160,1,0
BRDA:4,1161,0,0
BRDA:4,1161,1,0
BRDA:4,1162,0,0
BRDA:4,1162,1,0
BRDA:4,1162,2,0
BRDA:4,1163,0,0
BRDA:4,1163,1,0
BRDA:4,1164,0,0
BRDA:4,1164,1,0
BRDA:4,1165,0,0
BRDA:4,1165,1,0
BRDA:4,1166,0,0
BRDA:4,1166,1,0
BRDA:4,1167,0,0
BRDA:4,1167,1,0
BRDA:4,1168,0,0
BRDA:4,1168,1,0
BRDA:4,1169,0,0
BRDA:4,1169,1,0
BRDA:4,1170,0,0
BRDA:4,1170,1,0
BRDA:4,1170,2,0
BRDA:4,1170,3,0
BRDA:4,1171,0,0
BRDA:4,1171,1,0
BRDA:4,1172,0,0
BRDA:4,1172,1,0
BRDA:4,1172,2,0
BRDA:4,1172,3,0
BRDA:4,1172,4,0
BRDA:4,1172,5,0
BRDA:4,1172,6,0
BRDA:4,1172,7,0
BRDA:4,1172,8,0
BRDA:4,1173,0,0
BRDA:4,1173,1,0
BRDA:4,1174,0,0
BRDA:4,1174,1,0
BRDA:4,1175,0,0
BRDA:4,1175,1,0
BRDA:4,1176,0,0
BRDA:4,1176,1,0
BRDA:4,1177,0,0
BRDA:4,1177,1,0
BRDA:4,1178,0,0
BRDA:4,1178,1,0
BRDA:4,1179,0,0
BRDA:4,1179,1,0
BRDA:4,1180,0,0
BRDA:4,1180,1,0
BRDA:4,1181,0,0
BRDA:4,1181,1,0
BRDA:4,1182,0,0
BRDA:4,1182,1,0
BRDA:4,1183,0,0
BRDA:4,1183,1,0
BRDA:4,1184,0,0
BRDA:4,1184,1,0
BRDA:4,1185,0,0
BRDA:4,1185,1,0
BRDA:4,1186,0,0
BRDA:4,1186,1,0
BRDA:4,1186,2,0
BRDA:4,1187,0,0
BRDA:4,1187,1,0
BRDA:4,1188,0,0
BRDA:4,1188,1,0
BRDA:4,1189,0,0
BRDA:4,1189,1,0
BRDA:4,1190,0,0
BRDA:4,1190,1,0
BRDA:4,1191,0,0
BRDA:4,1191,1,0
BRDA:4,1192,0,0
BRDA:4,1192,1,0
BRDA:4,1193,0,0
BRDA:4,1193,1,0
BRDA:4,1194,0,0
BRDA:4,1194,1,0
BRDA:4,1195,0,0
BRDA:4,1195,1,0
BRDA:4,1196,0,0
BRDA:4,1196,1,0
BRDA:4,1197,0,0
BRDA:4,1197,1,0
BRDA:4,1197,2,0
BRDA:4,1198,0,0
BRDA:4,1198,1,0
BRDA:4,1199,0,0
BRDA:4,1199,1,0
BRDA:4,1199,2,0
BRDA:4,1199,3,0
BRDA:4,1199,4,0
BRDA:4,1199,5,0
BRDA:4,1200,0,0
BRDA:4,1200,1,0
BRDA:4,1201,0,0
BRDA:4,1201,1,0
BRDA:4,1202,0,0
BRDA:4,1202,1,0
BRDA:4,1203,0,0
BRDA:4,1203,1,0
BRDA:4,1204,0,0
BRDA:4,1204,1,0
BRDA:4,1205,0,0
BRDA:4,1205,1,0
BRDA:4,1206,0,0
BRDA:4,1206,1,0
BRDA:4,1207,0,0
BRDA:4,1207,1,0
BRDA:4,1208,0,0
BRDA:4,1208,1,0
BRDA:4,1209,0,0
BRDA:4,1209,1,0
BRDA:4,1210,0,0
BRDA:4,1210,1,0
BRDA:4,1211,0,0
BRDA:4,1211,1,0
BRDA:4,1211,2,0
BRDA:4,1212,0,0
BRDA:4,1212,1,0
BRDA:4,1213,0,0
BRDA:4,1213,1,0
BRDA:4,1213,2,0
BRDA:4,1214,0,0
BRDA:4,1214,1,0
BRDA:4,1215,0,0
BRDA:4,1215,1,0
BRDA:4,1216,0,0
BRDA:4,1216,1,0
BRDA:4,1217,0,0
BRDA:4,1217,1,0
BRDA:4,1218,0,0
BRDA:4,1218,1,0
BRDA:4,1219,0,0
BRDA:4,1219,1,0
BRDA:4,1220,0,0
BRDA:4,1220,1,0
BRDA:4,1221,0,0
BRDA:4,1221,1,0
BRDA:4,1222,0,0
BRDA:4,1222,1,0
BRDA:4,1223,0,0
BRDA:4,1223,1,0
BRDA:4,1224,0,0
BRDA:4,1224,1,0
BRDA:4,1225,0,0
BRDA:4,1225,1,0
BRDA:4,1226,0,0
BRDA:4,1226,1,0
BRDA:4,1227,0,0
BRDA:4,1227,1,0
BRDA:4,1228,0,0
BRDA:4,1228,1,0
BRDA:4,1229,0,0
BRDA:4,1229,1,0
BRDA:4,1230,0,0
BRDA:4,1230,1,0
BRDA:4,1231,0,0
BRDA:4,1231,1,0
BRDA:4,1232,0,0
BRDA:4,1232,1,0
BRDA:4,1233,0,0
BRDA:4,1233,1,0
BRDA:4,1234,0,0
BRDA:4,1234,1,0
BRDA:4,1234,2,0
BRDA:4,1234,3,0
BRDA:4,1235,0,0
BRDA:4,1235,1,0
BRDA:4,1236,0,0
BRDA:4,1236,1,0
BRDA:4,1237,0,0
BRDA:4,1237,1,0
BRDA:4,1238,0,0
BRDA:4,1238,1,0
BRDA:4,1239,0,0
BRDA:4,1239,1,0
BRDA:4,1240,0,0
BRDA:4,1240,1,0
BRDA:4,1241,0,0
BRDA:4,1241,1,0
BRDA:4,1242,0,0
BRDA:4,1242,1,0
BRDA:4,1243,0,0
BRDA:4,1243,1,0
BRDA:4,1244,0,0
BRDA:4,1244,1,0
BRDA:4,1245,0,0
BRDA:4,1245,1,0
BRDA:4,1246,0,0
BRDA:4,1246,1,0
BRDA:4,1247,0,0
BRDA:4,1247,1,0
BRDA:4,1248,0,0
BRDA:4,1248,1,0
BRDA:4,1249,0,0
BRDA:4,1249,1,0
BRDA:4,1250,0,0
BRDA:4,1250,1,0
BRDA:4,1251,0,0
BRDA:4,1251,1,0
BRDA:4,1252,0,0
BRDA:4,1252,1,0
BRDA:4,1253,0,0
BRDA:4,1253,1,0
BRDA:4,1254,0,0
BRDA:4,1254,1,0
BRDA:4,1254,2,0
BRDA:4,1255,0,0
BRDA:4,1255,1,0
BRDA:4,1256,0,0
BRDA:4,1256,1,0
BRDA:4,1257,0,0
BRDA:4,1257,1,0
BRDA:4,1258,0,0
BRDA:4,1258,1,0
BRDA:4,1259,0,0
BRDA:4,1259,1,0
BRDA:4,1260,0,0
BRDA:4,1260,1,0
BRDA:4,1261,0,0
BRDA:4,1261,1,0
BRDA:4,1262,0,0
BRDA:4,1262,1,0
BRDA:4,1263,0,0
BRDA:4,1263,1,0
BRDA:4,1264,0,0
BRDA:4,1264,1,0
BRDA:4,1265,0,0
BRDA:4,1265,1,0
BRDA:4,1266,0,0
BRDA:4,1266,1,0
BRDA:4,1267,0,0
BRDA:4,1267,1,0
BRDA:4,1268,0,0
BRDA:4,1268,1,0
BRDA:4,1268,2,0
BRDA:4,1269,0,0
BRDA:4,1269,1,0
BRDA:4,1269,2,0
BRDA:4,1269,3,0
BRDA:4,1270,0,0
BRDA:4,1270,1,0
BRDA:4,1271,0,0
BRDA:4,1271,1,0
BRDA:4,1272,0,0
BRDA:4,1272,1,0
BRDA:4,1273,0,0
BRDA:4,1273,1,0
BRDA:4,1273,2,0
BRDA:4,1273,3,0
BRDA:4,1274,0,0
BRDA:4,1274,1,0
BRDA:4,1275,0,0
BRDA:4,1275,1,0
BRDA:4,1275,2,0
BRDA:4,1276,0,0
BRDA:4,1276,1,0
BRDA:4,1277,0,0
BRDA:4,1277,1,0
BRDA:4,1277,2,0
BRDA:4,1277,3,0
BRDA:4,1278,0,0
BRDA:4,1278,1,0
BRDA:4,1279,0,0
BRDA:4,1279,1,0
BRDA:4,1280,0,0
BRDA:4,1280,1,0
BRDA:4,1281,0,0
BRDA:4,1281,1,0
BRDA:4,1282,0,0
BRDA:4,1282,1,0
BRDA:4,1283,0,0
BRDA:4,1283,1,0
BRDA:4,1284,0,0
BRDA:4,1284,1,0
BRDA:4,1285,0,0
BRDA:4,1285,1,0
BRDA:4,1286,0,0
BRDA:4,1286,1,0
BRDA:4,1286,2,0
BRDA:4,1286,3,0
BRDA:4,1286,4,0
BRDA:4,1287,0,0
BRDA:4,1287,1,0
BRDA:4,1288,0,0
BRDA:4,1288,1,0
BRDA:4,1289,0,0
BRDA:4,1289,1,0
BRDA:4,1290,0,0
BRDA:4,1290,1,0
BRDA:4,1291,0,0
BRDA:4,1291,1,0
BRDA:4,1291,2,0
BRDA:4,1292,0,0
BRDA:4,1292,1,0
BRDA:4,1293,0,0
BRDA:4,1293,1,0
BRDA:4,1294,0,0
BRDA:4,1294,1,0
BRDA:4,1295,0,0
BRDA:4,1295,1,0
BRDA:4,1295,2,0
BRDA:4,1296,0,0
BRDA:4,1296,1,0
BRDA:4,1297,0,0
BRDA:4,1297,1,0
BRDA:4,1298,0,0
BRDA:4,1298,1,0
BRDA:4,1299,0,0
BRDA:4,1299,1,0
BRDA:4,1300,0,0
BRDA:4,1300,1,0
BRDA:4,1301,0,0
BRDA:4,1301,1,0
BRDA:4,1301,2,0
BRDA:4,1302,0,0
BRDA:4,1302,1,0
BRDA:4,1303,0,0
BRDA:4,1303,1,0
BRDA:4,1304,0,0
BRDA:4,1304,1,0
BRDA:4,1305,0,0
BRDA:4,1305,1,0
BRDA:4,1306,0,0
BRDA:4,1306,1,0
BRDA:4,1307,0,0
BRDA:4,1307,1,0
BRDA:4,1308,0,0
BRDA:4,1308,1,0
BRDA:4,1309,0,0
BRDA:4,1309,1,0
BRDA:4,1310,0,0
BRDA:4,1310,1,0
BRDA:4,1310,2,0
BRDA:4,1311,0,0
BRDA:4,1311,1,0
BRDA:4,1312,0,0
BRDA:4,1312,1,0
BRDA:4,1313,0,0
BRDA:4,1313,1,0
BRDA:4,1314,0,0
BRDA:4,1314,1,0
BRDA:4,1315,0,0
BRDA:4,1315,1,0
BRDA:4,1316,0,0
BRDA:4,1316,1,0
BRDA:4,1317,0,0
BRDA:4,1317,1,0
BRDA:4,1318,0,0
BRDA:4,1318,1,0
BRDA:4,1319,0,0
BRDA:4,1319,1,0
BRDA:4,1320,0,0
BRDA:4,1320,1,0
BRDA:4,1321,0,0
BRDA:4,1321,1,0
BRDA:4,1322,0,0
BRDA:4,1322,1,0
BRDA:4,1323,0,0
BRDA:4,1323,1,0
BRDA:4,1324,0,0
BRDA:4,1324,1,0
BRDA:4,1325,0,0
BRDA:4,1325,1,0
BRDA:4,1326,0,0
BRDA:4,1326,1,0
BRDA:4,1327,0,0
BRDA:4,1327,1,0
BRDA:4,1328,0,0
BRDA:4,1328,1,0
BRDA:4,1328,2,0
BRDA:4,1329,0,0
BRDA:4,1329,1,0
BRDA:4,1330,0,0
BRDA:4,1330,1,0
BRDA:4,1331,0,0
BRDA:4,1331,1,0
BRDA:4,1331,2,0
BRDA:4,1332,0,0
BRDA:4,1332,1,0
BRDA:4,1333,0,0
BRDA:4,1333,1,0
BRDA:4,1333,2,0
BRDA:4,1334,0,0
BRDA:4,1334,1,0
BRDA:4,1334,2,0
BRDA:4,1335,0,0
BRDA:4,1335,1,0
BRDA:4,1336,0,0
BRDA:4,1336,1,0
BRDA:4,1337,0,0
BRDA:4,1337,1,0
BRDA:4,1338,0,0
BRDA:4,1338,1,0
BRDA:4,1339,0,0
BRDA:4,1339,1,0
BRDA:4,1340,0,0
BRDA:4,1340,1,0
BRDA:4,1341,0,0
BRDA:4,1341,1,0
BRDA:4,1342,0,0
BRDA:4,1342,1,0
BRDA:4,1343,0,0
BRDA:4,1343,1,0
BRDA:4,1344,0,0
BRDA:4,1344,1,0
BRDA:4,1345,0,0
BRDA:4,1345,1,0
BRDA:4,1346,0,0
BRDA:4,1346,1,0
BRDA:4,1346,2,0
BRDA:4,1347,0,0
BRDA:4,1347,1,0
BRDA:4,1348,0,0
BRDA:4,1348,1,0
BRDA:4,1349,0,0
BRDA:4,1349,1,0
BRDA:4,1350,0,0
BRDA:4,1350,1,0
BRDA:4,1351,0,0
BRDA:4,1351,1,0
BRDA:4,1352,0,0
BRDA:4,1352,1,0
BRDA:4,1353,0,0
BRDA:4,1353,1,0
BRDA:4,1354,0,0
BRDA:4,1354,1,0
BRDA:4,1355,0,0
BRDA:4,1355,1,0
BRDA:4,1356,0,0
BRDA:4,1356,1,0
BRDA:4,1357,0,0
BRDA:4,1357,1,0
BRDA:4,1358,0,0
BRDA:4,1358,1,0
BRDA:4,1359,0,0
BRDA:4,1359,1,0
BRDA:4,1359,2,0
BRDA:4,1359,3,0
BRDA:4,1360,0,0
BRDA:4,1360,1,0
BRDA:4,1361,0,0
BRDA:4,1361,1,0
BRDA:4,1362,0,0
BRDA:4,1362,1,0
BRDA:4,1363,0,0
BRDA:4,1363,1,0
BRDA:4,1364,0,0
BRDA:4,1364,1,0
BRDA:4,1365,0,0
BRDA:4,1365,1,0
BRDA:4,1366,0,0
BRDA:4,1366,1,0
BRDA:4,1367,0,0
BRDA:4,1367,1,0
BRDA:4,1368,0,0
BRDA:4,1368,1,0
BRDA:4,1369,0,0
BRDA:4,1369,1,0
BRDA:4,1370,0,0
BRDA:4,1370,1,0
BRDA:4,1370,2,0
BRDA:4,1371,0,0
BRDA:4,1371,1,0
BRDA:4,1372,0,0
BRDA:4,1372,1,0
BRDA:4,1373,0,0
BRDA:4,1373,1,0
BRDA:4,1374,0,0
BRDA:4,1374,1,0
BRDA:4,1375,0,0
BRDA:4,1375,1,0
BRDA:4,1376,0,0
BRDA:4,1376,1,0
BRDA:4,1377,0,0
BRDA:4,1377,1,0
BRDA:4,1377,2,0
BRDA:4,1378,0,0
BRDA:4,1378,1,0
BRDA:4,1379,0,0
BRDA:4,1379,1,0
BRDA:4,1380,0,0
BRDA:4,1380,1,0
BRDA:4,1380,2,0
BRDA:4,1381,0,0
BRDA:4,1381,1,0
BRDA:4,1382,0,0
BRDA:4,1382,1,0
BRDA:4,1383,0,0
BRDA:4,1383,1,0
BRDA:4,1384,0,0
BRDA:4,1384,1,0
BRDA:4,1385,0,0
BRDA:4,1385,1,0
BRDA:4,1386,0,0
BRDA:4,1386,1,0
BRDA:4,1387,0,0
BRDA:4,1387,1,0
BRDA:4,1387,2,0
BRDA:4,1388,0,0
BRDA:4,1388,1,0
BRDA:4,1389,0,0
BRDA:4,1389,1,0
BRDA:4,1390,0,0
BRDA:4,1390,1,0
BRDA:4,1391,0,0
BRDA:4,1391,1,0
BRDA:4,1392,0,0
BRDA:4,1392,1,0
BRDA:4,1393,0,0
BRDA:4,1393,1,0
BRDA:4,1394,0,0
BRDA:4,1394,1,0
BRDA:4,1395,0,0
BRDA:4,1395,1,0
BRDA:4,1396,0,0
BRDA:4,1396,1,0
BRDA:4,1397,0,0
BRDA:4,1397,1,0
BRDA:4,1398,0,0
BRDA:4,1398,1,0
BRDA:4,1399,0,0
BRDA:4,1399,1,0
BRDA:4,1400,0,0
BRDA:4,1400,1,0
BRDA:4,1401,0,0
BRDA:4,1401,1,0
BRDA:4,1402,0,0
BRDA:4,1402,1,0
BRDA:4,1403,0,0
BRDA:4,1403,1,0
BRDA:4,1404,0,0
BRDA:4,1404,1,0
BRDA:4,1405,0,0
BRDA:4,1405,1,0
BRDA:4,1406,0,0
BRDA:4,1406,1,0
BRDA:4,1407,0,0
BRDA:4,1407,1,0
BRDA:4,1408,0,0
BRDA:4,1408,1,0
BRDA:4,1409,0,0
BRDA:4,1409,1,0
BRDA:4,1410,0,0
BRDA:4,1410,1,0
BRDA:4,1411,0,0
BRDA:4,1411,1,0
BRDA:4,1412,0,0
BRDA:4,1412,1,0
BRDA:4,1413,0,0
BRDA:4,1413,1,0
BRDA:4,1413,2,0
BRDA:4,1414,0,0
BRDA:4,1414,1,0
BRDA:4,1415,0,0
BRDA:4,1415,1,0
BRDA:4,1416,0,0
BRDA:4,1416,1,0
BRDA:4,1417,0,0
BRDA:4,1417,1,0
BRDA:4,1418,0,0
BRDA:4,1418,1,0
BRDA:4,1419,0,0
BRDA:4,1419,1,0
BRDA:4,1420,0,0
BRDA:4,1420,1,0
BRDA:4,1421,0,0
BRDA:4,1421,1,0
BRDA:4,1422,0,0
BRDA:4,1422,1,0
BRDA:4,1423,0,0
BRDA:4,1423,1,0
BRDA:4,1424,0,0
BRDA:4,1424,1,0
BRDA:4,1425,0,0
BRDA:4,1425,1,0
BRDA:4,1425,2,0
BRDA:4,1426,0,0
BRDA:4,1426,1,0
BRDA:4,1427,0,0
BRDA:4,1427,1,0
BRDA:4,1427,2,0
BRDA:4,1428,0,0
BRDA:4,1428,1,0
BRF:3155
BRH:0
end_of_record
TN:
SF:/Users/duyvu/Documents/javascript/public/js/login.js
FN:1,(anonymous_1)
FN:3,(anonymous_2)
FN:10,(anonymous_3)
FNF:3
FNH:0
FNDA:0,(anonymous_1)
FNDA:0,(anonymous_2)
FNDA:0,(anonymous_3)
DA:1,0
DA:3,0
DA:4,0
DA:5,0
DA:6,0
DA:7,0
DA:8,0
DA:10,0
DA:11,0
DA:12,0
DA:13,0
DA:14,0
DA:15,0
LF:13
LH:0
BRF:0
BRH:0
end_of_record
TN:
SF:/Users/duyvu/Documents/javascript/public/js/npm.js
FNF:0
FNH:0
DA:2,0
DA:3,0
DA:4,0
DA:5,0
DA:6,0
DA:7,0
DA:8,0
DA:9,0
DA:10,0
DA:11,0
DA:12,0
DA:13,0
LF:12
LH:0
BRF:0
BRH:0
end_of_record
TN:
SF:/Users/duyvu/Documents/javascript/routes/outside.js
FN:11,(anonymous_1)
FN:48,(anonymous_2)
FNF:2
FNH:0
FNDA:0,(anonymous_1)
FNDA:0,(anonymous_2)
DA:1,0
DA:2,0
DA:3,0
DA:4,0
DA:5,0
DA:6,0
DA:7,0
DA:8,0
DA:9,0
DA:11,0
DA:13,0
DA:21,0
DA:28,0
DA:37,0
DA:46,0
DA:49,0
LF:16
LH:0
BRF:0
BRH:0
end_of_record
TN:
SF:/Users/duyvu/Documents/javascript/routes/picturelist.js
FN:14,(anonymous_1)
FN:49,(anonymous_2)
FN:50,(anonymous_3)
FN:83,(anonymous_4)
FN:84,(anonymous_5)
FN:104,(anonymous_6)
FN:123,(anonymous_7)
FNF:7
FNH:0
FNDA:0,(anonymous_1)
FNDA:0,(anonymous_2)
FNDA:0,(anonymous_3)
FNDA:0,(anonymous_4)
FNDA:0,(anonymous_5)
FNDA:0,(anonymous_6)
FNDA:0,(anonymous_7)
DA:1,0
DA:2,0
DA:4,0
DA:5,0
DA:6,0
DA:7,0
DA:8,0
DA:9,0
DA:10,0
DA:11,0
DA:12,0
DA:14,0
DA:16,0
DA:25,0
DA:35,0
DA:46,0
DA:50,0
DA:51,0
DA:52,0
DA:55,0
DA:64,0
DA:75,0
DA:81,0
DA:84,0
DA:85,0
DA:86,0
DA:90,0
DA:99,0
DA:105,0
DA:106,0
DA:107,0
DA:119,0
DA:124,0
LF:33
LH:0
BRDA:51,1,0,0
BRDA:51,1,1,0
BRDA:85,2,0,0
BRDA:85,2,1,0
BRDA:105,3,0,0
BRDA:105,3,1,0
BRDA:105,4,0,0
BRDA:105,4,1,0
BRDA:105,4,2,0
BRF:9
BRH:0
end_of_record
TN:
SF:/Users/duyvu/Documents/javascript/routes/userlist.js
FN:7,(anonymous_1)
FNF:1
FNH:0
FNDA:0,(anonymous_1)
DA:1,0
DA:2,0
DA:3,0
DA:4,0
DA:5,0
DA:7,0
DA:9,0
DA:17,0
DA:27,0
LF:9
LH:0
BRF:0
BRH:0
end_of_record
